[INFO] Scanning for projects...
[INFO] 
[INFO] -----------------< com.neusoft:cloud-brain-diagnosis >------------------
[INFO] Building cloud-brain-diagnosis 1.0.0
[INFO]   from pom.xml
[INFO] --------------------------------[ jar ]---------------------------------
[INFO] 
[INFO] >>> spring-boot:3.2.5:run (default-cli) > test-compile @ cloud-brain-diagnosis >>>
[INFO] 
[INFO] --- resources:3.3.1:resources (default-resources) @ cloud-brain-diagnosis ---
[INFO] Copying 1 resource from src\main\resources to target\classes
[INFO] Copying 0 resource from src\main\resources to target\classes
[INFO] 
[INFO] --- compiler:3.11.0:compile (default-compile) @ cloud-brain-diagnosis ---
[INFO] Nothing to compile - all classes are up to date
[INFO] 
[INFO] --- resources:3.3.1:testResources (default-testResources) @ cloud-brain-diagnosis ---
[INFO] Not copying test resources
[INFO] 
[INFO] --- compiler:3.11.0:testCompile (default-testCompile) @ cloud-brain-diagnosis ---
[INFO] Not compiling test sources
[INFO] 
[INFO] <<< spring-boot:3.2.5:run (default-cli) < test-compile @ cloud-brain-diagnosis <<<
[INFO] 
[INFO] 
[INFO] --- spring-boot:3.2.5:run (default-cli) @ cloud-brain-diagnosis ---
[INFO] Attaching agents: []

  .   ____          _            __ _ _
 /\\ / ___'_ __ _ _(_)_ __  __ _ \ \ \ \
( ( )\___ | '_ | '_| | '_ \/ _` | \ \ \ \
 \\/  ___)| |_)| | | | | || (_| |  ) ) ) )
  '  |____| .__|_| |_|_| |_\__, | / / / /
 =========|_|==============|___/=/_/_/_/
 :: Spring Boot ::                (v3.2.5)

2026-06-28T14:50:10.719+08:00  INFO 33596 --- [           main] c.n.c.CloudBrainDiagnosisApplication     : Starting CloudBrainDiagnosisApplication using Java 17.0.19 with PID 33596 (C:\Users\gaosi\Desktop\cloud-brain-diagnosis(3)\target\classes started by gaosi in C:\Users\gaosi\Desktop\cloud-brain-diagnosis(3))
2026-06-28T14:50:10.723+08:00 DEBUG 33596 --- [           main] c.n.c.CloudBrainDiagnosisApplication     : Running with Spring Boot v3.2.5, Spring v6.1.6
2026-06-28T14:50:10.724+08:00  INFO 33596 --- [           main] c.n.c.CloudBrainDiagnosisApplication     : No active profile set, falling back to 1 default profile: "default"
2026-06-28T14:50:11.500+08:00  INFO 33596 --- [           main] .s.d.r.c.RepositoryConfigurationDelegate : Bootstrapping Spring Data JPA repositories in DEFAULT mode.
2026-06-28T14:50:11.636+08:00  INFO 33596 --- [           main] .s.d.r.c.RepositoryConfigurationDelegate : Finished Spring Data repository scanning in 128 ms. Found 26 JPA repository interfaces.
2026-06-28T14:50:12.260+08:00  INFO 33596 --- [           main] o.s.b.w.embedded.tomcat.TomcatWebServer  : Tomcat initialized with port 8080 (http)
2026-06-28T14:50:12.278+08:00  INFO 33596 --- [           main] o.apache.catalina.core.StandardService   : Starting service [Tomcat]
2026-06-28T14:50:12.278+08:00  INFO 33596 --- [           main] o.apache.catalina.core.StandardEngine    : Starting Servlet engine: [Apache Tomcat/10.1.20]
2026-06-28T14:50:12.362+08:00  INFO 33596 --- [           main] o.a.c.c.C.[Tomcat].[localhost].[/]       : Initializing Spring embedded WebApplicationContext
2026-06-28T14:50:12.363+08:00  INFO 33596 --- [           main] w.s.c.ServletWebServerApplicationContext : Root WebApplicationContext: initialization completed in 1592 ms
2026-06-28T14:50:12.532+08:00  INFO 33596 --- [           main] o.hibernate.jpa.internal.util.LogHelper  : HHH000204: Processing PersistenceUnitInfo [name: default]
2026-06-28T14:50:12.598+08:00  INFO 33596 --- [           main] org.hibernate.Version                    : HHH000412: Hibernate ORM core version 6.4.4.Final
2026-06-28T14:50:12.634+08:00  INFO 33596 --- [           main] o.h.c.internal.RegionFactoryInitiator    : HHH000026: Second-level cache disabled
2026-06-28T14:50:12.894+08:00  INFO 33596 --- [           main] o.s.o.j.p.SpringPersistenceUnitInfo      : No LoadTimeWeaver setup: ignoring JPA class transformer
2026-06-28T14:50:12.933+08:00  INFO 33596 --- [           main] com.zaxxer.hikari.HikariDataSource       : HikariPool-1 - Starting...
2026-06-28T14:50:13.579+08:00  INFO 33596 --- [           main] com.zaxxer.hikari.pool.HikariPool        : HikariPool-1 - Added connection com.mysql.cj.jdbc.ConnectionImpl@4bbc21bd
2026-06-28T14:50:13.582+08:00  INFO 33596 --- [           main] com.zaxxer.hikari.HikariDataSource       : HikariPool-1 - Start completed.
2026-06-28T14:50:13.763+08:00  WARN 33596 --- [           main] org.hibernate.orm.deprecation            : HHH90000025: MySQLDialect does not need to be specified explicitly using 'hibernate.dialect' (remove the property setting and it will be selected by default)
2026-06-28T14:50:15.147+08:00  INFO 33596 --- [           main] o.h.e.t.j.p.i.JtaPlatformInitiator       : HHH000489: No JTA platform available (set 'hibernate.transaction.jta.platform' to enable JTA platform integration)
2026-06-28T14:50:15.424+08:00  INFO 33596 --- [           main] j.LocalContainerEntityManagerFactoryBean : Initialized JPA EntityManagerFactory for persistence unit 'default'
2026-06-28T14:50:16.164+08:00  INFO 33596 --- [           main] o.s.d.j.r.query.QueryEnhancerFactory     : Hibernate is in classpath; If applicable, HQL parser will be used.
2026-06-28T14:50:16.791+08:00  WARN 33596 --- [           main] JpaBaseConfiguration$JpaWebConfiguration : spring.jpa.open-in-view is enabled by default. Therefore, database queries may be performed during view rendering. Explicitly configure spring.jpa.open-in-view to disable this warning
2026-06-28T14:50:17.276+08:00  INFO 33596 --- [           main] o.s.b.w.embedded.tomcat.TomcatWebServer  : Tomcat started on port 8080 (http) with context path ''
2026-06-28T14:50:17.284+08:00  INFO 33596 --- [           main] c.n.c.CloudBrainDiagnosisApplication     : Started CloudBrainDiagnosisApplication in 7.002 seconds (process running for 7.351)
============================================
  ÔĆÄÔŐďÁĆĆ˝Ě¨şó¶ËĆô¶ŻłÉą¦Łˇ
  ˝ÓżÚÎÄµµŁşhttp://localhost:8080/doc.html
============================================
2026-06-28T14:51:07.948+08:00  INFO 33596 --- [nio-8080-exec-1] o.a.c.c.C.[Tomcat].[localhost].[/]       : Initializing Spring DispatcherServlet 'dispatcherServlet'
2026-06-28T14:51:07.948+08:00  INFO 33596 --- [nio-8080-exec-1] o.s.web.servlet.DispatcherServlet        : Initializing Servlet 'dispatcherServlet'
2026-06-28T14:51:07.949+08:00  INFO 33596 --- [nio-8080-exec-1] o.s.web.servlet.DispatcherServlet        : Completed initialization in 1 ms
2026-06-28T14:51:08.672+08:00 DEBUG 33596 --- [nio-8080-exec-1] org.hibernate.SQL                        : 
    select
        p1_0.id,
        p1_0.address,
        p1_0.age,
        p1_0.allergy_history,
        p1_0.avatar,
        p1_0.create_time,
        p1_0.gender,
        p1_0.id_card,
        p1_0.name,
        p1_0.openid,
        p1_0.phone,
        p1_0.update_time 
    from
        patient p1_0 
    where
        p1_0.openid=?
Hibernate: 
    select
        p1_0.id,
        p1_0.address,
        p1_0.age,
        p1_0.allergy_history,
        p1_0.avatar,
        p1_0.create_time,
        p1_0.gender,
        p1_0.id_card,
        p1_0.name,
        p1_0.openid,
        p1_0.phone,
        p1_0.update_time 
    from
        patient p1_0 
    where
        p1_0.openid=?
2026-06-28T14:51:09.000+08:00 DEBUG 33596 --- [nio-8080-exec-5] org.hibernate.SQL                        : 
    select
        cvw1_0.id,
        cvw1_0.create_time,
        cvw1_0.critical_items,
        cvw1_0.doctor_confirm_time,
        cvw1_0.doctor_id,
        cvw1_0.doctor_name,
        cvw1_0.doctor_remark,
        cvw1_0.examination_id,
        cvw1_0.lab_remark,
        cvw1_0.patient_id,
        cvw1_0.patient_name,
        cvw1_0.patient_phone,
        cvw1_0.sms_sent,
        cvw1_0.status,
        cvw1_0.warning_level 
    from
        critical_value_warning cvw1_0 
    where
        cvw1_0.patient_id=? 
    order by
        cvw1_0.create_time desc,
        cvw1_0.create_time desc 
    limit
        ?, ?
Hibernate: 
    select
        cvw1_0.id,
        cvw1_0.create_time,
        cvw1_0.critical_items,
        cvw1_0.doctor_confirm_time,
        cvw1_0.doctor_id,
        cvw1_0.doctor_name,
        cvw1_0.doctor_remark,
        cvw1_0.examination_id,
        cvw1_0.lab_remark,
        cvw1_0.patient_id,
        cvw1_0.patient_name,
        cvw1_0.patient_phone,
        cvw1_0.sms_sent,
        cvw1_0.status,
        cvw1_0.warning_level 
    from
        critical_value_warning cvw1_0 
    where
        cvw1_0.patient_id=? 
    order by
        cvw1_0.create_time desc,
        cvw1_0.create_time desc 
    limit
        ?, ?
2026-06-28T14:51:27.663+08:00 ERROR 33596 --- [nio-8080-exec-4] c.n.c.c.e.GlobalExceptionHandler         : ĎµÍłŇěłŁŁş

org.springframework.web.bind.MissingServletRequestParameterException: Required request parameter 'username' for method parameter type String is not present
	at org.springframework.web.method.annotation.RequestParamMethodArgumentResolver.handleMissingValueInternal(RequestParamMethodArgumentResolver.java:220) ~[spring-web-6.1.6.jar:6.1.6]
	at org.springframework.web.method.annotation.RequestParamMethodArgumentResolver.handleMissingValue(RequestParamMethodArgumentResolver.java:196) ~[spring-web-6.1.6.jar:6.1.6]
	at org.springframework.web.method.annotation.AbstractNamedValueMethodArgumentResolver.resolveArgument(AbstractNamedValueMethodArgumentResolver.java:126) ~[spring-web-6.1.6.jar:6.1.6]
	at org.springframework.web.method.support.HandlerMethodArgumentResolverComposite.resolveArgument(HandlerMethodArgumentResolverComposite.java:122) ~[spring-web-6.1.6.jar:6.1.6]
	at org.springframework.web.method.support.InvocableHandlerMethod.getMethodArgumentValues(InvocableHandlerMethod.java:224) ~[spring-web-6.1.6.jar:6.1.6]
	at org.springframework.web.method.support.InvocableHandlerMethod.invokeForRequest(InvocableHandlerMethod.java:178) ~[spring-web-6.1.6.jar:6.1.6]
	at org.springframework.web.servlet.mvc.method.annotation.ServletInvocableHandlerMethod.invokeAndHandle(ServletInvocableHandlerMethod.java:118) ~[spring-webmvc-6.1.6.jar:6.1.6]
	at org.springframework.web.servlet.mvc.method.annotation.RequestMappingHandlerAdapter.invokeHandlerMethod(RequestMappingHandlerAdapter.java:926) ~[spring-webmvc-6.1.6.jar:6.1.6]
	at org.springframework.web.servlet.mvc.method.annotation.RequestMappingHandlerAdapter.handleInternal(RequestMappingHandlerAdapter.java:831) ~[spring-webmvc-6.1.6.jar:6.1.6]
	at org.springframework.web.servlet.mvc.method.AbstractHandlerMethodAdapter.handle(AbstractHandlerMethodAdapter.java:87) ~[spring-webmvc-6.1.6.jar:6.1.6]
	at org.springframework.web.servlet.DispatcherServlet.doDispatch(DispatcherServlet.java:1089) ~[spring-webmvc-6.1.6.jar:6.1.6]
	at org.springframework.web.servlet.DispatcherServlet.doService(DispatcherServlet.java:979) ~[spring-webmvc-6.1.6.jar:6.1.6]
	at org.springframework.web.servlet.FrameworkServlet.processRequest(FrameworkServlet.java:1014) ~[spring-webmvc-6.1.6.jar:6.1.6]
	at org.springframework.web.servlet.FrameworkServlet.doPost(FrameworkServlet.java:914) ~[spring-webmvc-6.1.6.jar:6.1.6]
	at jakarta.servlet.http.HttpServlet.service(HttpServlet.java:590) ~[tomcat-embed-core-10.1.20.jar:6.0]
	at org.springframework.web.servlet.FrameworkServlet.service(FrameworkServlet.java:885) ~[spring-webmvc-6.1.6.jar:6.1.6]
	at jakarta.servlet.http.HttpServlet.service(HttpServlet.java:658) ~[tomcat-embed-core-10.1.20.jar:6.0]
	at org.apache.catalina.core.ApplicationFilterChain.internalDoFilter(ApplicationFilterChain.java:206) ~[tomcat-embed-core-10.1.20.jar:10.1.20]
	at org.apache.catalina.core.ApplicationFilterChain.doFilter(ApplicationFilterChain.java:150) ~[tomcat-embed-core-10.1.20.jar:10.1.20]
	at org.apache.tomcat.websocket.server.WsFilter.doFilter(WsFilter.java:51) ~[tomcat-embed-websocket-10.1.20.jar:10.1.20]
	at org.apache.catalina.core.ApplicationFilterChain.internalDoFilter(ApplicationFilterChain.java:175) ~[tomcat-embed-core-10.1.20.jar:10.1.20]
	at org.apache.catalina.core.ApplicationFilterChain.doFilter(ApplicationFilterChain.java:150) ~[tomcat-embed-core-10.1.20.jar:10.1.20]
	at org.springframework.web.filter.RequestContextFilter.doFilterInternal(RequestContextFilter.java:100) ~[spring-web-6.1.6.jar:6.1.6]
	at org.springframework.web.filter.OncePerRequestFilter.doFilter(OncePerRequestFilter.java:116) ~[spring-web-6.1.6.jar:6.1.6]
	at org.apache.catalina.core.ApplicationFilterChain.internalDoFilter(ApplicationFilterChain.java:175) ~[tomcat-embed-core-10.1.20.jar:10.1.20]
	at org.apache.catalina.core.ApplicationFilterChain.doFilter(ApplicationFilterChain.java:150) ~[tomcat-embed-core-10.1.20.jar:10.1.20]
	at org.springframework.web.filter.FormContentFilter.doFilterInternal(FormContentFilter.java:93) ~[spring-web-6.1.6.jar:6.1.6]
	at org.springframework.web.filter.OncePerRequestFilter.doFilter(OncePerRequestFilter.java:116) ~[spring-web-6.1.6.jar:6.1.6]
	at org.apache.catalina.core.ApplicationFilterChain.internalDoFilter(ApplicationFilterChain.java:175) ~[tomcat-embed-core-10.1.20.jar:10.1.20]
	at org.apache.catalina.core.ApplicationFilterChain.doFilter(ApplicationFilterChain.java:150) ~[tomcat-embed-core-10.1.20.jar:10.1.20]
	at org.springframework.web.filter.CharacterEncodingFilter.doFilterInternal(CharacterEncodingFilter.java:201) ~[spring-web-6.1.6.jar:6.1.6]
	at org.springframework.web.filter.OncePerRequestFilter.doFilter(OncePerRequestFilter.java:116) ~[spring-web-6.1.6.jar:6.1.6]
	at org.apache.catalina.core.ApplicationFilterChain.internalDoFilter(ApplicationFilterChain.java:175) ~[tomcat-embed-core-10.1.20.jar:10.1.20]
	at org.apache.catalina.core.ApplicationFilterChain.doFilter(ApplicationFilterChain.java:150) ~[tomcat-embed-core-10.1.20.jar:10.1.20]
	at org.apache.catalina.core.StandardWrapperValve.invoke(StandardWrapperValve.java:167) ~[tomcat-embed-core-10.1.20.jar:10.1.20]
	at org.apache.catalina.core.StandardContextValve.invoke(StandardContextValve.java:90) ~[tomcat-embed-core-10.1.20.jar:10.1.20]
	at org.apache.catalina.authenticator.AuthenticatorBase.invoke(AuthenticatorBase.java:482) ~[tomcat-embed-core-10.1.20.jar:10.1.20]
	at org.apache.catalina.core.StandardHostValve.invoke(StandardHostValve.java:115) ~[tomcat-embed-core-10.1.20.jar:10.1.20]
	at org.apache.catalina.valves.ErrorReportValve.invoke(ErrorReportValve.java:93) ~[tomcat-embed-core-10.1.20.jar:10.1.20]
	at org.apache.catalina.core.StandardEngineValve.invoke(StandardEngineValve.java:74) ~[tomcat-embed-core-10.1.20.jar:10.1.20]
	at org.apache.catalina.connector.CoyoteAdapter.service(CoyoteAdapter.java:344) ~[tomcat-embed-core-10.1.20.jar:10.1.20]
	at org.apache.coyote.http11.Http11Processor.service(Http11Processor.java:391) ~[tomcat-embed-core-10.1.20.jar:10.1.20]
	at org.apache.coyote.AbstractProcessorLight.process(AbstractProcessorLight.java:63) ~[tomcat-embed-core-10.1.20.jar:10.1.20]
	at org.apache.coyote.AbstractProtocol$ConnectionHandler.process(AbstractProtocol.java:896) ~[tomcat-embed-core-10.1.20.jar:10.1.20]
	at org.apache.tomcat.util.net.NioEndpoint$SocketProcessor.doRun(NioEndpoint.java:1736) ~[tomcat-embed-core-10.1.20.jar:10.1.20]
	at org.apache.tomcat.util.net.SocketProcessorBase.run(SocketProcessorBase.java:52) ~[tomcat-embed-core-10.1.20.jar:10.1.20]
	at org.apache.tomcat.util.threads.ThreadPoolExecutor.runWorker(ThreadPoolExecutor.java:1191) ~[tomcat-embed-core-10.1.20.jar:10.1.20]
	at org.apache.tomcat.util.threads.ThreadPoolExecutor$Worker.run(ThreadPoolExecutor.java:659) ~[tomcat-embed-core-10.1.20.jar:10.1.20]
	at org.apache.tomcat.util.threads.TaskThread$WrappingRunnable.run(TaskThread.java:63) ~[tomcat-embed-core-10.1.20.jar:10.1.20]
	at java.base/java.lang.Thread.run(Thread.java:840) ~[na:na]

2026-06-28T14:51:57.671+08:00 ERROR 33596 --- [nio-8080-exec-7] c.n.c.c.e.GlobalExceptionHandler         : ĎµÍłŇěłŁŁş

org.springframework.web.bind.MissingServletRequestParameterException: Required request parameter 'username' for method parameter type String is not present
	at org.springframework.web.method.annotation.RequestParamMethodArgumentResolver.handleMissingValueInternal(RequestParamMethodArgumentResolver.java:220) ~[spring-web-6.1.6.jar:6.1.6]
	at org.springframework.web.method.annotation.RequestParamMethodArgumentResolver.handleMissingValue(RequestParamMethodArgumentResolver.java:196) ~[spring-web-6.1.6.jar:6.1.6]
	at org.springframework.web.method.annotation.AbstractNamedValueMethodArgumentResolver.resolveArgument(AbstractNamedValueMethodArgumentResolver.java:126) ~[spring-web-6.1.6.jar:6.1.6]
	at org.springframework.web.method.support.HandlerMethodArgumentResolverComposite.resolveArgument(HandlerMethodArgumentResolverComposite.java:122) ~[spring-web-6.1.6.jar:6.1.6]
	at org.springframework.web.method.support.InvocableHandlerMethod.getMethodArgumentValues(InvocableHandlerMethod.java:224) ~[spring-web-6.1.6.jar:6.1.6]
	at org.springframework.web.method.support.InvocableHandlerMethod.invokeForRequest(InvocableHandlerMethod.java:178) ~[spring-web-6.1.6.jar:6.1.6]
	at org.springframework.web.servlet.mvc.method.annotation.ServletInvocableHandlerMethod.invokeAndHandle(ServletInvocableHandlerMethod.java:118) ~[spring-webmvc-6.1.6.jar:6.1.6]
	at org.springframework.web.servlet.mvc.method.annotation.RequestMappingHandlerAdapter.invokeHandlerMethod(RequestMappingHandlerAdapter.java:926) ~[spring-webmvc-6.1.6.jar:6.1.6]
	at org.springframework.web.servlet.mvc.method.annotation.RequestMappingHandlerAdapter.handleInternal(RequestMappingHandlerAdapter.java:831) ~[spring-webmvc-6.1.6.jar:6.1.6]
	at org.springframework.web.servlet.mvc.method.AbstractHandlerMethodAdapter.handle(AbstractHandlerMethodAdapter.java:87) ~[spring-webmvc-6.1.6.jar:6.1.6]
	at org.springframework.web.servlet.DispatcherServlet.doDispatch(DispatcherServlet.java:1089) ~[spring-webmvc-6.1.6.jar:6.1.6]
	at org.springframework.web.servlet.DispatcherServlet.doService(DispatcherServlet.java:979) ~[spring-webmvc-6.1.6.jar:6.1.6]
	at org.springframework.web.servlet.FrameworkServlet.processRequest(FrameworkServlet.java:1014) ~[spring-webmvc-6.1.6.jar:6.1.6]
	at org.springframework.web.servlet.FrameworkServlet.doPost(FrameworkServlet.java:914) ~[spring-webmvc-6.1.6.jar:6.1.6]
	at jakarta.servlet.http.HttpServlet.service(HttpServlet.java:590) ~[tomcat-embed-core-10.1.20.jar:6.0]
	at org.springframework.web.servlet.FrameworkServlet.service(FrameworkServlet.java:885) ~[spring-webmvc-6.1.6.jar:6.1.6]
	at jakarta.servlet.http.HttpServlet.service(HttpServlet.java:658) ~[tomcat-embed-core-10.1.20.jar:6.0]
	at org.apache.catalina.core.ApplicationFilterChain.internalDoFilter(ApplicationFilterChain.java:206) ~[tomcat-embed-core-10.1.20.jar:10.1.20]
	at org.apache.catalina.core.ApplicationFilterChain.doFilter(ApplicationFilterChain.java:150) ~[tomcat-embed-core-10.1.20.jar:10.1.20]
	at org.apache.tomcat.websocket.server.WsFilter.doFilter(WsFilter.java:51) ~[tomcat-embed-websocket-10.1.20.jar:10.1.20]
	at org.apache.catalina.core.ApplicationFilterChain.internalDoFilter(ApplicationFilterChain.java:175) ~[tomcat-embed-core-10.1.20.jar:10.1.20]
	at org.apache.catalina.core.ApplicationFilterChain.doFilter(ApplicationFilterChain.java:150) ~[tomcat-embed-core-10.1.20.jar:10.1.20]
	at org.springframework.web.filter.RequestContextFilter.doFilterInternal(RequestContextFilter.java:100) ~[spring-web-6.1.6.jar:6.1.6]
	at org.springframework.web.filter.OncePerRequestFilter.doFilter(OncePerRequestFilter.java:116) ~[spring-web-6.1.6.jar:6.1.6]
	at org.apache.catalina.core.ApplicationFilterChain.internalDoFilter(ApplicationFilterChain.java:175) ~[tomcat-embed-core-10.1.20.jar:10.1.20]
	at org.apache.catalina.core.ApplicationFilterChain.doFilter(ApplicationFilterChain.java:150) ~[tomcat-embed-core-10.1.20.jar:10.1.20]
	at org.springframework.web.filter.FormContentFilter.doFilterInternal(FormContentFilter.java:93) ~[spring-web-6.1.6.jar:6.1.6]
	at org.springframework.web.filter.OncePerRequestFilter.doFilter(OncePerRequestFilter.java:116) ~[spring-web-6.1.6.jar:6.1.6]
	at org.apache.catalina.core.ApplicationFilterChain.internalDoFilter(ApplicationFilterChain.java:175) ~[tomcat-embed-core-10.1.20.jar:10.1.20]
	at org.apache.catalina.core.ApplicationFilterChain.doFilter(ApplicationFilterChain.java:150) ~[tomcat-embed-core-10.1.20.jar:10.1.20]
	at org.springframework.web.filter.CharacterEncodingFilter.doFilterInternal(CharacterEncodingFilter.java:201) ~[spring-web-6.1.6.jar:6.1.6]
	at org.springframework.web.filter.OncePerRequestFilter.doFilter(OncePerRequestFilter.java:116) ~[spring-web-6.1.6.jar:6.1.6]
	at org.apache.catalina.core.ApplicationFilterChain.internalDoFilter(ApplicationFilterChain.java:175) ~[tomcat-embed-core-10.1.20.jar:10.1.20]
	at org.apache.catalina.core.ApplicationFilterChain.doFilter(ApplicationFilterChain.java:150) ~[tomcat-embed-core-10.1.20.jar:10.1.20]
	at org.apache.catalina.core.StandardWrapperValve.invoke(StandardWrapperValve.java:167) ~[tomcat-embed-core-10.1.20.jar:10.1.20]
	at org.apache.catalina.core.StandardContextValve.invoke(StandardContextValve.java:90) ~[tomcat-embed-core-10.1.20.jar:10.1.20]
	at org.apache.catalina.authenticator.AuthenticatorBase.invoke(AuthenticatorBase.java:482) ~[tomcat-embed-core-10.1.20.jar:10.1.20]
	at org.apache.catalina.core.StandardHostValve.invoke(StandardHostValve.java:115) ~[tomcat-embed-core-10.1.20.jar:10.1.20]
	at org.apache.catalina.valves.ErrorReportValve.invoke(ErrorReportValve.java:93) ~[tomcat-embed-core-10.1.20.jar:10.1.20]
	at org.apache.catalina.core.StandardEngineValve.invoke(StandardEngineValve.java:74) ~[tomcat-embed-core-10.1.20.jar:10.1.20]
	at org.apache.catalina.connector.CoyoteAdapter.service(CoyoteAdapter.java:344) ~[tomcat-embed-core-10.1.20.jar:10.1.20]
	at org.apache.coyote.http11.Http11Processor.service(Http11Processor.java:391) ~[tomcat-embed-core-10.1.20.jar:10.1.20]
	at org.apache.coyote.AbstractProcessorLight.process(AbstractProcessorLight.java:63) ~[tomcat-embed-core-10.1.20.jar:10.1.20]
	at org.apache.coyote.AbstractProtocol$ConnectionHandler.process(AbstractProtocol.java:896) ~[tomcat-embed-core-10.1.20.jar:10.1.20]
	at org.apache.tomcat.util.net.NioEndpoint$SocketProcessor.doRun(NioEndpoint.java:1736) ~[tomcat-embed-core-10.1.20.jar:10.1.20]
	at org.apache.tomcat.util.net.SocketProcessorBase.run(SocketProcessorBase.java:52) ~[tomcat-embed-core-10.1.20.jar:10.1.20]
	at org.apache.tomcat.util.threads.ThreadPoolExecutor.runWorker(ThreadPoolExecutor.java:1191) ~[tomcat-embed-core-10.1.20.jar:10.1.20]
	at org.apache.tomcat.util.threads.ThreadPoolExecutor$Worker.run(ThreadPoolExecutor.java:659) ~[tomcat-embed-core-10.1.20.jar:10.1.20]
	at org.apache.tomcat.util.threads.TaskThread$WrappingRunnable.run(TaskThread.java:63) ~[tomcat-embed-core-10.1.20.jar:10.1.20]
	at java.base/java.lang.Thread.run(Thread.java:840) ~[na:na]

2026-06-28T14:52:17.641+08:00 DEBUG 33596 --- [nio-8080-exec-3] org.hibernate.SQL                        : 
    select
        d1_0.id,
        d1_0.avatar,
        d1_0.create_time,
        d1_0.department_id,
        d1_0.department_name,
        d1_0.introduction,
        d1_0.name,
        d1_0.password,
        d1_0.phone,
        d1_0.specialty,
        d1_0.title,
        d1_0.update_time,
        d1_0.username 
    from
        doctor d1_0 
    where
        d1_0.username=?
Hibernate: 
    select
        d1_0.id,
        d1_0.avatar,
        d1_0.create_time,
        d1_0.department_id,
        d1_0.department_name,
        d1_0.introduction,
        d1_0.name,
        d1_0.password,
        d1_0.phone,
        d1_0.specialty,
        d1_0.title,
        d1_0.update_time,
        d1_0.username 
    from
        doctor d1_0 
    where
        d1_0.username=?
2026-06-28T14:52:17.712+08:00 ERROR 33596 --- [nio-8080-exec-3] c.n.c.c.e.GlobalExceptionHandler         : ŇµÎńŇěłŁŁşŐËşĹ˛»´ćÔÚ
2026-06-28T14:54:03.490+08:00 DEBUG 33596 --- [nio-8080-exec-5] org.hibernate.SQL                        : 
    select
        p1_0.id,
        p1_0.address,
        p1_0.age,
        p1_0.allergy_history,
        p1_0.avatar,
        p1_0.create_time,
        p1_0.gender,
        p1_0.id_card,
        p1_0.name,
        p1_0.openid,
        p1_0.phone,
        p1_0.update_time 
    from
        patient p1_0 
    where
        p1_0.id=?
Hibernate: 
    select
        p1_0.id,
        p1_0.address,
        p1_0.age,
        p1_0.allergy_history,
        p1_0.avatar,
        p1_0.create_time,
        p1_0.gender,
        p1_0.id_card,
        p1_0.name,
        p1_0.openid,
        p1_0.phone,
        p1_0.update_time 
    from
        patient p1_0 
    where
        p1_0.id=?
2026-06-28T14:54:04.124+08:00 DEBUG 33596 --- [nio-8080-exec-9] org.hibernate.SQL                        : 
    select
        p1_0.id,
        p1_0.address,
        p1_0.age,
        p1_0.allergy_history,
        p1_0.avatar,
        p1_0.create_time,
        p1_0.gender,
        p1_0.id_card,
        p1_0.name,
        p1_0.openid,
        p1_0.phone,
        p1_0.update_time 
    from
        patient p1_0 
    where
        p1_0.id=?
Hibernate: 
    select
        p1_0.id,
        p1_0.address,
        p1_0.age,
        p1_0.allergy_history,
        p1_0.avatar,
        p1_0.create_time,
        p1_0.gender,
        p1_0.id_card,
        p1_0.name,
        p1_0.openid,
        p1_0.phone,
        p1_0.update_time 
    from
        patient p1_0 
    where
        p1_0.id=?
2026-06-28T14:54:04.277+08:00 DEBUG 33596 --- [nio-8080-exec-4] org.hibernate.SQL                        : 
    select
        d1_0.id,
        d1_0.create_time,
        d1_0.description,
        d1_0.name,
        d1_0.sort,
        d1_0.update_time 
    from
        department d1_0 
    order by
        d1_0.sort
Hibernate: 
    select
        d1_0.id,
        d1_0.create_time,
        d1_0.description,
        d1_0.name,
        d1_0.sort,
        d1_0.update_time 
    from
        department d1_0 
    order by
        d1_0.sort
2026-06-28T14:54:06.388+08:00 DEBUG 33596 --- [nio-8080-exec-6] org.hibernate.SQL                        : 
    select
        cvw1_0.id,
        cvw1_0.create_time,
        cvw1_0.critical_items,
        cvw1_0.doctor_confirm_time,
        cvw1_0.doctor_id,
        cvw1_0.doctor_name,
        cvw1_0.doctor_remark,
        cvw1_0.examination_id,
        cvw1_0.lab_remark,
        cvw1_0.patient_id,
        cvw1_0.patient_name,
        cvw1_0.patient_phone,
        cvw1_0.sms_sent,
        cvw1_0.status,
        cvw1_0.warning_level 
    from
        critical_value_warning cvw1_0 
    where
        cvw1_0.patient_id=? 
    order by
        cvw1_0.create_time desc,
        cvw1_0.create_time desc 
    limit
        ?, ?
Hibernate: 
    select
        cvw1_0.id,
        cvw1_0.create_time,
        cvw1_0.critical_items,
        cvw1_0.doctor_confirm_time,
        cvw1_0.doctor_id,
        cvw1_0.doctor_name,
        cvw1_0.doctor_remark,
        cvw1_0.examination_id,
        cvw1_0.lab_remark,
        cvw1_0.patient_id,
        cvw1_0.patient_name,
        cvw1_0.patient_phone,
        cvw1_0.sms_sent,
        cvw1_0.status,
        cvw1_0.warning_level 
    from
        critical_value_warning cvw1_0 
    where
        cvw1_0.patient_id=? 
    order by
        cvw1_0.create_time desc,
        cvw1_0.create_time desc 
    limit
        ?, ?
2026-06-28T14:54:16.999+08:00 DEBUG 33596 --- [nio-8080-exec-2] org.hibernate.SQL                        : 
    select
        eai1_0.id,
        eai1_0.abnormal_items,
        eai1_0.create_time,
        eai1_0.examination_id,
        eai1_0.interpretation_patient,
        eai1_0.interpretation_pro,
        eai1_0.patient_id,
        eai1_0.raw_response,
        eai1_0.review_reminder,
        eai1_0.suggestions 
    from
        examination_ai_interpretation eai1_0 
    where
        eai1_0.examination_id=?
Hibernate: 
    select
        eai1_0.id,
        eai1_0.abnormal_items,
        eai1_0.create_time,
        eai1_0.examination_id,
        eai1_0.interpretation_patient,
        eai1_0.interpretation_pro,
        eai1_0.patient_id,
        eai1_0.raw_response,
        eai1_0.review_reminder,
        eai1_0.suggestions 
    from
        examination_ai_interpretation eai1_0 
    where
        eai1_0.examination_id=?
2026-06-28T14:54:17.103+08:00 ERROR 33596 --- [nio-8080-exec-2] c.n.c.c.e.GlobalExceptionHandler         : ŇµÎńŇěłŁŁşÎ´ÉúłÉ˝â¶Á±¨¸ć
2026-06-28T14:54:23.743+08:00 DEBUG 33596 --- [nio-8080-exec-7] org.hibernate.SQL                        : 
    select
        p1_0.id,
        p1_0.address,
        p1_0.age,
        p1_0.allergy_history,
        p1_0.avatar,
        p1_0.create_time,
        p1_0.gender,
        p1_0.id_card,
        p1_0.name,
        p1_0.openid,
        p1_0.phone,
        p1_0.update_time 
    from
        patient p1_0 
    where
        p1_0.id=?
Hibernate: 
    select
        p1_0.id,
        p1_0.address,
        p1_0.age,
        p1_0.allergy_history,
        p1_0.avatar,
        p1_0.create_time,
        p1_0.gender,
        p1_0.id_card,
        p1_0.name,
        p1_0.openid,
        p1_0.phone,
        p1_0.update_time 
    from
        patient p1_0 
    where
        p1_0.id=?
2026-06-28T14:54:23.896+08:00 DEBUG 33596 --- [nio-8080-exec-8] org.hibernate.SQL                        : 
    select
        d1_0.id,
        d1_0.create_time,
        d1_0.description,
        d1_0.name,
        d1_0.sort,
        d1_0.update_time 
    from
        department d1_0 
    order by
        d1_0.sort
Hibernate: 
    select
        d1_0.id,
        d1_0.create_time,
        d1_0.description,
        d1_0.name,
        d1_0.sort,
        d1_0.update_time 
    from
        department d1_0 
    order by
        d1_0.sort
2026-06-28T14:54:28.843+08:00 DEBUG 33596 --- [nio-8080-exec-3] org.hibernate.SQL                        : 
    select
        p1_0.id,
        p1_0.address,
        p1_0.age,
        p1_0.allergy_history,
        p1_0.avatar,
        p1_0.create_time,
        p1_0.gender,
        p1_0.id_card,
        p1_0.name,
        p1_0.openid,
        p1_0.phone,
        p1_0.update_time 
    from
        patient p1_0 
    where
        p1_0.id=?
Hibernate: 
    select
        p1_0.id,
        p1_0.address,
        p1_0.age,
        p1_0.allergy_history,
        p1_0.avatar,
        p1_0.create_time,
        p1_0.gender,
        p1_0.id_card,
        p1_0.name,
        p1_0.openid,
        p1_0.phone,
        p1_0.update_time 
    from
        patient p1_0 
    where
        p1_0.id=?
2026-06-28T14:54:29.001+08:00 DEBUG 33596 --- [io-8080-exec-10] org.hibernate.SQL                        : 
    select
        d1_0.id,
        d1_0.create_time,
        d1_0.description,
        d1_0.name,
        d1_0.sort,
        d1_0.update_time 
    from
        department d1_0 
    order by
        d1_0.sort
Hibernate: 
    select
        d1_0.id,
        d1_0.create_time,
        d1_0.description,
        d1_0.name,
        d1_0.sort,
        d1_0.update_time 
    from
        department d1_0 
    order by
        d1_0.sort
2026-06-28T14:54:41.290+08:00 DEBUG 33596 --- [nio-8080-exec-1] org.hibernate.SQL                        : 
    insert 
    into
        ai_chat_record
        (answer, category, create_time, feedback, question, raw_response, session_id, source, user_id, user_type) 
    values
        (?, ?, ?, ?, ?, ?, ?, ?, ?, ?)
Hibernate: 
    insert 
    into
        ai_chat_record
        (answer, category, create_time, feedback, question, raw_response, session_id, source, user_id, user_type) 
    values
        (?, ?, ?, ?, ?, ?, ?, ?, ?, ?)
2026-06-28T14:54:50.219+08:00 DEBUG 33596 --- [nio-8080-exec-5] org.hibernate.SQL                        : 
    insert 
    into
        ai_chat_record
        (answer, category, create_time, feedback, question, raw_response, session_id, source, user_id, user_type) 
    values
        (?, ?, ?, ?, ?, ?, ?, ?, ?, ?)
Hibernate: 
    insert 
    into
        ai_chat_record
        (answer, category, create_time, feedback, question, raw_response, session_id, source, user_id, user_type) 
    values
        (?, ?, ?, ?, ?, ?, ?, ?, ?, ?)
2026-06-28T14:54:54.993+08:00 DEBUG 33596 --- [nio-8080-exec-9] org.hibernate.SQL                        : 
    select
        p1_0.id,
        p1_0.address,
        p1_0.age,
        p1_0.allergy_history,
        p1_0.avatar,
        p1_0.create_time,
        p1_0.gender,
        p1_0.id_card,
        p1_0.name,
        p1_0.openid,
        p1_0.phone,
        p1_0.update_time 
    from
        patient p1_0 
    where
        p1_0.id=?
Hibernate: 
    select
        p1_0.id,
        p1_0.address,
        p1_0.age,
        p1_0.allergy_history,
        p1_0.avatar,
        p1_0.create_time,
        p1_0.gender,
        p1_0.id_card,
        p1_0.name,
        p1_0.openid,
        p1_0.phone,
        p1_0.update_time 
    from
        patient p1_0 
    where
        p1_0.id=?
2026-06-28T14:54:55.170+08:00 DEBUG 33596 --- [nio-8080-exec-4] org.hibernate.SQL                        : 
    select
        d1_0.id,
        d1_0.create_time,
        d1_0.description,
        d1_0.name,
        d1_0.sort,
        d1_0.update_time 
    from
        department d1_0 
    order by
        d1_0.sort
Hibernate: 
    select
        d1_0.id,
        d1_0.create_time,
        d1_0.description,
        d1_0.name,
        d1_0.sort,
        d1_0.update_time 
    from
        department d1_0 
    order by
        d1_0.sort
2026-06-28T14:54:56.723+08:00 DEBUG 33596 --- [nio-8080-exec-6] org.hibernate.SQL                        : 
    select
        fup1_0.id,
        fup1_0.completed_times,
        fup1_0.create_time,
        fup1_0.disease,
        fup1_0.doctor_id,
        fup1_0.patient_id,
        fup1_0.plan_type,
        fup1_0.registration_id,
        fup1_0.status,
        fup1_0.total_times 
    from
        follow_up_plan fup1_0 
    where
        fup1_0.patient_id=? 
    order by
        fup1_0.create_time desc,
        fup1_0.create_time desc 
    limit
        ?, ?
Hibernate: 
    select
        fup1_0.id,
        fup1_0.completed_times,
        fup1_0.create_time,
        fup1_0.disease,
        fup1_0.doctor_id,
        fup1_0.patient_id,
        fup1_0.plan_type,
        fup1_0.registration_id,
        fup1_0.status,
        fup1_0.total_times 
    from
        follow_up_plan fup1_0 
    where
        fup1_0.patient_id=? 
    order by
        fup1_0.create_time desc,
        fup1_0.create_time desc 
    limit
        ?, ?
2026-06-28T14:54:56.730+08:00 DEBUG 33596 --- [nio-8080-exec-2] org.hibernate.SQL                        : 
    select
        fur1_0.id,
        fur1_0.abnormal_flag,
        fur1_0.ai_analysis,
        fur1_0.answer_json,
        fur1_0.create_time,
        fur1_0.doctor_remark,
        fur1_0.follow_up_time,
        fur1_0.patient_id,
        fur1_0.plan_id,
        fur1_0.questionnaire_json,
        fur1_0.status 
    from
        follow_up_record fur1_0 
    where
        fur1_0.patient_id=? 
        and fur1_0.status=? 
    order by
        fur1_0.create_time desc 
    limit
        ?, ?
Hibernate: 
    select
        fur1_0.id,
        fur1_0.abnormal_flag,
        fur1_0.ai_analysis,
        fur1_0.answer_json,
        fur1_0.create_time,
        fur1_0.doctor_remark,
        fur1_0.follow_up_time,
        fur1_0.patient_id,
        fur1_0.plan_id,
        fur1_0.questionnaire_json,
        fur1_0.status 
    from
        follow_up_record fur1_0 
    where
        fur1_0.patient_id=? 
        and fur1_0.status=? 
    order by
        fur1_0.create_time desc 
    limit
        ?, ?
2026-06-28T14:55:50.144+08:00 DEBUG 33596 --- [nio-8080-exec-7] org.hibernate.SQL                        : 
    select
        p1_0.id,
        p1_0.address,
        p1_0.age,
        p1_0.allergy_history,
        p1_0.avatar,
        p1_0.create_time,
        p1_0.gender,
        p1_0.id_card,
        p1_0.name,
        p1_0.openid,
        p1_0.phone,
        p1_0.update_time 
    from
        patient p1_0 
    where
        p1_0.id=?
Hibernate: 
    select
        p1_0.id,
        p1_0.address,
        p1_0.age,
        p1_0.allergy_history,
        p1_0.avatar,
        p1_0.create_time,
        p1_0.gender,
        p1_0.id_card,
        p1_0.name,
        p1_0.openid,
        p1_0.phone,
        p1_0.update_time 
    from
        patient p1_0 
    where
        p1_0.id=?
2026-06-28T14:55:50.351+08:00 DEBUG 33596 --- [nio-8080-exec-8] org.hibernate.SQL                        : 
    select
        d1_0.id,
        d1_0.create_time,
        d1_0.description,
        d1_0.name,
        d1_0.sort,
        d1_0.update_time 
    from
        department d1_0 
    order by
        d1_0.sort
Hibernate: 
    select
        d1_0.id,
        d1_0.create_time,
        d1_0.description,
        d1_0.name,
        d1_0.sort,
        d1_0.update_time 
    from
        department d1_0 
    order by
        d1_0.sort
2026-06-28T14:55:51.819+08:00 DEBUG 33596 --- [nio-8080-exec-3] org.hibernate.SQL                        : 
    select
        cvw1_0.id,
        cvw1_0.create_time,
        cvw1_0.critical_items,
        cvw1_0.doctor_confirm_time,
        cvw1_0.doctor_id,
        cvw1_0.doctor_name,
        cvw1_0.doctor_remark,
        cvw1_0.examination_id,
        cvw1_0.lab_remark,
        cvw1_0.patient_id,
        cvw1_0.patient_name,
        cvw1_0.patient_phone,
        cvw1_0.sms_sent,
        cvw1_0.status,
        cvw1_0.warning_level 
    from
        critical_value_warning cvw1_0 
    where
        cvw1_0.patient_id=? 
    order by
        cvw1_0.create_time desc,
        cvw1_0.create_time desc 
    limit
        ?, ?
Hibernate: 
    select
        cvw1_0.id,
        cvw1_0.create_time,
        cvw1_0.critical_items,
        cvw1_0.doctor_confirm_time,
        cvw1_0.doctor_id,
        cvw1_0.doctor_name,
        cvw1_0.doctor_remark,
        cvw1_0.examination_id,
        cvw1_0.lab_remark,
        cvw1_0.patient_id,
        cvw1_0.patient_name,
        cvw1_0.patient_phone,
        cvw1_0.sms_sent,
        cvw1_0.status,
        cvw1_0.warning_level 
    from
        critical_value_warning cvw1_0 
    where
        cvw1_0.patient_id=? 
    order by
        cvw1_0.create_time desc,
        cvw1_0.create_time desc 
    limit
        ?, ?
2026-06-28T14:56:02.638+08:00 DEBUG 33596 --- [nio-8080-exec-1] org.hibernate.SQL                        : 
    select
        p1_0.id,
        p1_0.address,
        p1_0.age,
        p1_0.allergy_history,
        p1_0.avatar,
        p1_0.create_time,
        p1_0.gender,
        p1_0.id_card,
        p1_0.name,
        p1_0.openid,
        p1_0.phone,
        p1_0.update_time 
    from
        patient p1_0 
    where
        p1_0.id=?
Hibernate: 
    select
        p1_0.id,
        p1_0.address,
        p1_0.age,
        p1_0.allergy_history,
        p1_0.avatar,
        p1_0.create_time,
        p1_0.gender,
        p1_0.id_card,
        p1_0.name,
        p1_0.openid,
        p1_0.phone,
        p1_0.update_time 
    from
        patient p1_0 
    where
        p1_0.id=?
2026-06-28T14:56:02.789+08:00 DEBUG 33596 --- [nio-8080-exec-5] org.hibernate.SQL                        : 
    select
        d1_0.id,
        d1_0.create_time,
        d1_0.description,
        d1_0.name,
        d1_0.sort,
        d1_0.update_time 
    from
        department d1_0 
    order by
        d1_0.sort
Hibernate: 
    select
        d1_0.id,
        d1_0.create_time,
        d1_0.description,
        d1_0.name,
        d1_0.sort,
        d1_0.update_time 
    from
        department d1_0 
    order by
        d1_0.sort
2026-06-28T14:56:49.795+08:00 DEBUG 33596 --- [nio-8080-exec-9] org.hibernate.SQL                        : 
    select
        d1_0.id,
        d1_0.create_time,
        d1_0.description,
        d1_0.name,
        d1_0.sort,
        d1_0.update_time 
    from
        department d1_0 
    order by
        d1_0.sort
Hibernate: 
    select
        d1_0.id,
        d1_0.create_time,
        d1_0.description,
        d1_0.name,
        d1_0.sort,
        d1_0.update_time 
    from
        department d1_0 
    order by
        d1_0.sort
2026-06-28T14:56:49.952+08:00 DEBUG 33596 --- [nio-8080-exec-4] org.hibernate.SQL                        : 
    select
        d1_0.id,
        d1_0.avatar,
        d1_0.create_time,
        d1_0.department_id,
        d1_0.department_name,
        d1_0.introduction,
        d1_0.name,
        d1_0.password,
        d1_0.phone,
        d1_0.specialty,
        d1_0.title,
        d1_0.update_time,
        d1_0.username 
    from
        doctor d1_0 
    order by
        d1_0.id
Hibernate: 
    select
        d1_0.id,
        d1_0.avatar,
        d1_0.create_time,
        d1_0.department_id,
        d1_0.department_name,
        d1_0.introduction,
        d1_0.name,
        d1_0.password,
        d1_0.phone,
        d1_0.specialty,
        d1_0.title,
        d1_0.update_time,
        d1_0.username 
    from
        doctor d1_0 
    order by
        d1_0.id
2026-06-28T14:56:52.387+08:00 DEBUG 33596 --- [nio-8080-exec-6] org.hibernate.SQL                        : 
    select
        d1_0.id,
        d1_0.avatar,
        d1_0.create_time,
        d1_0.department_id,
        d1_0.department_name,
        d1_0.introduction,
        d1_0.name,
        d1_0.password,
        d1_0.phone,
        d1_0.specialty,
        d1_0.title,
        d1_0.update_time,
        d1_0.username 
    from
        doctor d1_0 
    where
        d1_0.department_id=?
Hibernate: 
    select
        d1_0.id,
        d1_0.avatar,
        d1_0.create_time,
        d1_0.department_id,
        d1_0.department_name,
        d1_0.introduction,
        d1_0.name,
        d1_0.password,
        d1_0.phone,
        d1_0.specialty,
        d1_0.title,
        d1_0.update_time,
        d1_0.username 
    from
        doctor d1_0 
    where
        d1_0.department_id=?
2026-06-28T14:56:55.792+08:00 DEBUG 33596 --- [nio-8080-exec-2] org.hibernate.SQL                        : 
    select
        d1_0.id,
        d1_0.avatar,
        d1_0.create_time,
        d1_0.department_id,
        d1_0.department_name,
        d1_0.introduction,
        d1_0.name,
        d1_0.password,
        d1_0.phone,
        d1_0.specialty,
        d1_0.title,
        d1_0.update_time,
        d1_0.username 
    from
        doctor d1_0 
    where
        d1_0.department_id=?
Hibernate: 
    select
        d1_0.id,
        d1_0.avatar,
        d1_0.create_time,
        d1_0.department_id,
        d1_0.department_name,
        d1_0.introduction,
        d1_0.name,
        d1_0.password,
        d1_0.phone,
        d1_0.specialty,
        d1_0.title,
        d1_0.update_time,
        d1_0.username 
    from
        doctor d1_0 
    where
        d1_0.department_id=?
2026-06-28T14:56:59.280+08:00 DEBUG 33596 --- [nio-8080-exec-7] org.hibernate.SQL                        : 
    select
        d1_0.id,
        d1_0.avatar,
        d1_0.create_time,
        d1_0.department_id,
        d1_0.department_name,
        d1_0.introduction,
        d1_0.name,
        d1_0.password,
        d1_0.phone,
        d1_0.specialty,
        d1_0.title,
        d1_0.update_time,
        d1_0.username 
    from
        doctor d1_0 
    where
        d1_0.department_id=?
Hibernate: 
    select
        d1_0.id,
        d1_0.avatar,
        d1_0.create_time,
        d1_0.department_id,
        d1_0.department_name,
        d1_0.introduction,
        d1_0.name,
        d1_0.password,
        d1_0.phone,
        d1_0.specialty,
        d1_0.title,
        d1_0.update_time,
        d1_0.username 
    from
        doctor d1_0 
    where
        d1_0.department_id=?
2026-06-28T14:57:00.990+08:00 DEBUG 33596 --- [nio-8080-exec-8] org.hibernate.SQL                        : 
    select
        d1_0.id,
        d1_0.avatar,
        d1_0.create_time,
        d1_0.department_id,
        d1_0.department_name,
        d1_0.introduction,
        d1_0.name,
        d1_0.password,
        d1_0.phone,
        d1_0.specialty,
        d1_0.title,
        d1_0.update_time,
        d1_0.username 
    from
        doctor d1_0 
    where
        d1_0.department_id=?
Hibernate: 
    select
        d1_0.id,
        d1_0.avatar,
        d1_0.create_time,
        d1_0.department_id,
        d1_0.department_name,
        d1_0.introduction,
        d1_0.name,
        d1_0.password,
        d1_0.phone,
        d1_0.specialty,
        d1_0.title,
        d1_0.update_time,
        d1_0.username 
    from
        doctor d1_0 
    where
        d1_0.department_id=?
2026-06-28T14:57:07.890+08:00 DEBUG 33596 --- [nio-8080-exec-3] org.hibernate.SQL                        : 
    select
        d1_0.id,
        d1_0.avatar,
        d1_0.create_time,
        d1_0.department_id,
        d1_0.department_name,
        d1_0.introduction,
        d1_0.name,
        d1_0.password,
        d1_0.phone,
        d1_0.specialty,
        d1_0.title,
        d1_0.update_time,
        d1_0.username 
    from
        doctor d1_0 
    where
        d1_0.department_id=?
Hibernate: 
    select
        d1_0.id,
        d1_0.avatar,
        d1_0.create_time,
        d1_0.department_id,
        d1_0.department_name,
        d1_0.introduction,
        d1_0.name,
        d1_0.password,
        d1_0.phone,
        d1_0.specialty,
        d1_0.title,
        d1_0.update_time,
        d1_0.username 
    from
        doctor d1_0 
    where
        d1_0.department_id=?
2026-06-28T15:02:15.493+08:00 DEBUG 33596 --- [nio-8080-exec-1] org.hibernate.SQL                        : 
    select
        p1_0.id,
        p1_0.address,
        p1_0.age,
        p1_0.allergy_history,
        p1_0.avatar,
        p1_0.create_time,
        p1_0.gender,
        p1_0.id_card,
        p1_0.name,
        p1_0.openid,
        p1_0.phone,
        p1_0.update_time 
    from
        patient p1_0 
    where
        p1_0.id=?
Hibernate: 
    select
        p1_0.id,
        p1_0.address,
        p1_0.age,
        p1_0.allergy_history,
        p1_0.avatar,
        p1_0.create_time,
        p1_0.gender,
        p1_0.id_card,
        p1_0.name,
        p1_0.openid,
        p1_0.phone,
        p1_0.update_time 
    from
        patient p1_0 
    where
        p1_0.id=?
2026-06-28T15:02:16.673+08:00 DEBUG 33596 --- [nio-8080-exec-5] org.hibernate.SQL                        : 
    select
        p1_0.id,
        p1_0.address,
        p1_0.age,
        p1_0.allergy_history,
        p1_0.avatar,
        p1_0.create_time,
        p1_0.gender,
        p1_0.id_card,
        p1_0.name,
        p1_0.openid,
        p1_0.phone,
        p1_0.update_time 
    from
        patient p1_0 
    where
        p1_0.id=?
Hibernate: 
    select
        p1_0.id,
        p1_0.address,
        p1_0.age,
        p1_0.allergy_history,
        p1_0.avatar,
        p1_0.create_time,
        p1_0.gender,
        p1_0.id_card,
        p1_0.name,
        p1_0.openid,
        p1_0.phone,
        p1_0.update_time 
    from
        patient p1_0 
    where
        p1_0.id=?
2026-06-28T15:02:16.848+08:00 DEBUG 33596 --- [nio-8080-exec-9] org.hibernate.SQL                        : 
    select
        d1_0.id,
        d1_0.create_time,
        d1_0.description,
        d1_0.name,
        d1_0.sort,
        d1_0.update_time 
    from
        department d1_0 
    order by
        d1_0.sort
Hibernate: 
    select
        d1_0.id,
        d1_0.create_time,
        d1_0.description,
        d1_0.name,
        d1_0.sort,
        d1_0.update_time 
    from
        department d1_0 
    order by
        d1_0.sort
[INFO] ------------------------------------------------------------------------
[INFO] BUILD FAILURE
[INFO] ------------------------------------------------------------------------
[INFO] Total time:  12:28 min
[INFO] Finished at: 2026-06-28T15:02:28+08:00
[INFO] ------------------------------------------------------------------------
[ERROR] Failed to execute goal org.springframework.boot:spring-boot-maven-plugin:3.2.5:run (default-cli) on project cloud-brain-diagnosis: Process terminated with exit code: -1 -> [Help 1]
[ERROR] 
[ERROR] To see the full stack trace of the errors, re-run Maven with the -e switch.
[ERROR] Re-run Maven using the -X switch to enable full debug logging.
[ERROR] 
[ERROR] For more information about the errors and possible solutions, please read the following articles:
[ERROR] [Help 1] http://cwiki.apache.org/confluence/display/MAVEN/MojoExecutionException
