[INFO] Scanning for projects...
[INFO] 
[INFO] -----------------< com.neusoft:cloud-brain-diagnosis >------------------
[INFO] Building cloud-brain-diagnosis 1.0.0
[INFO]   from pom.xml
[INFO] --------------------------------[ jar ]---------------------------------
[INFO] 
[INFO] >>> spring-boot:3.2.5:run (default-cli) > test-compile @ cloud-brain-diagnosis >>>
[INFO] 
[INFO] --- resources:3.3.1:resources (default-resources) @ cloud-brain-diagnosis ---
[INFO] Copying 1 resource from src\main\resources to target\classes
[INFO] Copying 0 resource from src\main\resources to target\classes
[INFO] 
[INFO] --- compiler:3.11.0:compile (default-compile) @ cloud-brain-diagnosis ---
[INFO] Nothing to compile - all classes are up to date
[INFO] 
[INFO] --- resources:3.3.1:testResources (default-testResources) @ cloud-brain-diagnosis ---
[INFO] Not copying test resources
[INFO] 
[INFO] --- compiler:3.11.0:testCompile (default-testCompile) @ cloud-brain-diagnosis ---
[INFO] Not compiling test sources
[INFO] 
[INFO] <<< spring-boot:3.2.5:run (default-cli) < test-compile @ cloud-brain-diagnosis <<<
[INFO] 
[INFO] 
[INFO] --- spring-boot:3.2.5:run (default-cli) @ cloud-brain-diagnosis ---
[INFO] Attaching agents: []

  .   ____          _            __ _ _
 /\\ / ___'_ __ _ _(_)_ __  __ _ \ \ \ \
( ( )\___ | '_ | '_| | '_ \/ _` | \ \ \ \
 \\/  ___)| |_)| | | | | || (_| |  ) ) ) )
  '  |____| .__|_| |_|_| |_\__, | / / / /
 =========|_|==============|___/=/_/_/_/
 :: Spring Boot ::                (v3.2.5)

2026-06-26T23:31:10.125+08:00  INFO 16004 --- [           main] c.n.c.CloudBrainDiagnosisApplication     : Starting CloudBrainDiagnosisApplication using Java 17.0.19 with PID 16004 (C:\Users\gaosi\Desktop\cloud-brain-diagnosis(3)\target\classes started by gaosi in C:\Users\gaosi\Desktop\cloud-brain-diagnosis(3))
2026-06-26T23:31:10.127+08:00 DEBUG 16004 --- [           main] c.n.c.CloudBrainDiagnosisApplication     : Running with Spring Boot v3.2.5, Spring v6.1.6
2026-06-26T23:31:10.127+08:00  INFO 16004 --- [           main] c.n.c.CloudBrainDiagnosisApplication     : No active profile set, falling back to 1 default profile: "default"
2026-06-26T23:31:10.724+08:00  INFO 16004 --- [           main] .s.d.r.c.RepositoryConfigurationDelegate : Bootstrapping Spring Data JPA repositories in DEFAULT mode.
2026-06-26T23:31:10.818+08:00  INFO 16004 --- [           main] .s.d.r.c.RepositoryConfigurationDelegate : Finished Spring Data repository scanning in 88 ms. Found 26 JPA repository interfaces.
2026-06-26T23:31:11.260+08:00  INFO 16004 --- [           main] o.s.b.w.embedded.tomcat.TomcatWebServer  : Tomcat initialized with port 8080 (http)
2026-06-26T23:31:11.269+08:00  INFO 16004 --- [           main] o.apache.catalina.core.StandardService   : Starting service [Tomcat]
2026-06-26T23:31:11.270+08:00  INFO 16004 --- [           main] o.apache.catalina.core.StandardEngine    : Starting Servlet engine: [Apache Tomcat/10.1.20]
2026-06-26T23:31:11.325+08:00  INFO 16004 --- [           main] o.a.c.c.C.[Tomcat].[localhost].[/]       : Initializing Spring embedded WebApplicationContext
2026-06-26T23:31:11.326+08:00  INFO 16004 --- [           main] w.s.c.ServletWebServerApplicationContext : Root WebApplicationContext: initialization completed in 1167 ms
2026-06-26T23:31:11.443+08:00  INFO 16004 --- [           main] o.hibernate.jpa.internal.util.LogHelper  : HHH000204: Processing PersistenceUnitInfo [name: default]
2026-06-26T23:31:11.481+08:00  INFO 16004 --- [           main] org.hibernate.Version                    : HHH000412: Hibernate ORM core version 6.4.4.Final
2026-06-26T23:31:11.505+08:00  INFO 16004 --- [           main] o.h.c.internal.RegionFactoryInitiator    : HHH000026: Second-level cache disabled
2026-06-26T23:31:11.675+08:00  INFO 16004 --- [           main] o.s.o.j.p.SpringPersistenceUnitInfo      : No LoadTimeWeaver setup: ignoring JPA class transformer
2026-06-26T23:31:11.696+08:00  INFO 16004 --- [           main] com.zaxxer.hikari.HikariDataSource       : HikariPool-1 - Starting...
2026-06-26T23:31:12.118+08:00  INFO 16004 --- [           main] com.zaxxer.hikari.pool.HikariPool        : HikariPool-1 - Added connection com.mysql.cj.jdbc.ConnectionImpl@432c0f1
2026-06-26T23:31:12.120+08:00  INFO 16004 --- [           main] com.zaxxer.hikari.HikariDataSource       : HikariPool-1 - Start completed.
2026-06-26T23:31:12.223+08:00  WARN 16004 --- [           main] org.hibernate.orm.deprecation            : HHH90000025: MySQLDialect does not need to be specified explicitly using 'hibernate.dialect' (remove the property setting and it will be selected by default)
2026-06-26T23:31:13.190+08:00  INFO 16004 --- [           main] o.h.e.t.j.p.i.JtaPlatformInitiator       : HHH000489: No JTA platform available (set 'hibernate.transaction.jta.platform' to enable JTA platform integration)
2026-06-26T23:31:13.372+08:00  INFO 16004 --- [           main] j.LocalContainerEntityManagerFactoryBean : Initialized JPA EntityManagerFactory for persistence unit 'default'
2026-06-26T23:31:13.955+08:00  INFO 16004 --- [           main] o.s.d.j.r.query.QueryEnhancerFactory     : Hibernate is in classpath; If applicable, HQL parser will be used.
2026-06-26T23:31:14.329+08:00  WARN 16004 --- [           main] JpaBaseConfiguration$JpaWebConfiguration : spring.jpa.open-in-view is enabled by default. Therefore, database queries may be performed during view rendering. Explicitly configure spring.jpa.open-in-view to disable this warning
2026-06-26T23:31:14.636+08:00  INFO 16004 --- [           main] o.s.b.w.embedded.tomcat.TomcatWebServer  : Tomcat started on port 8080 (http) with context path ''
2026-06-26T23:31:14.644+08:00  INFO 16004 --- [           main] c.n.c.CloudBrainDiagnosisApplication     : Started CloudBrainDiagnosisApplication in 4.826 seconds (process running for 5.071)
============================================
  ÔĆÄÔŐďÁĆĆ˝Ě¨şó¶ËĆô¶ŻłÉą¦Łˇ
  ˝ÓżÚÎÄµµŁşhttp://localhost:8080/doc.html
============================================
2026-06-26T23:31:49.048+08:00  INFO 16004 --- [nio-8080-exec-1] o.a.c.c.C.[Tomcat].[localhost].[/]       : Initializing Spring DispatcherServlet 'dispatcherServlet'
2026-06-26T23:31:49.049+08:00  INFO 16004 --- [nio-8080-exec-1] o.s.web.servlet.DispatcherServlet        : Initializing Servlet 'dispatcherServlet'
2026-06-26T23:31:49.050+08:00  INFO 16004 --- [nio-8080-exec-1] o.s.web.servlet.DispatcherServlet        : Completed initialization in 1 ms
2026-06-26T23:31:51.147+08:00 DEBUG 16004 --- [nio-8080-exec-1] org.hibernate.SQL                        : 
    select
        d1_0.id,
        d1_0.avatar,
        d1_0.create_time,
        d1_0.department_id,
        d1_0.department_name,
        d1_0.introduction,
        d1_0.name,
        d1_0.password,
        d1_0.phone,
        d1_0.specialty,
        d1_0.title,
        d1_0.update_time,
        d1_0.username 
    from
        doctor d1_0 
    where
        d1_0.id=?
Hibernate: 
    select
        d1_0.id,
        d1_0.avatar,
        d1_0.create_time,
        d1_0.department_id,
        d1_0.department_name,
        d1_0.introduction,
        d1_0.name,
        d1_0.password,
        d1_0.phone,
        d1_0.specialty,
        d1_0.title,
        d1_0.update_time,
        d1_0.username 
    from
        doctor d1_0 
    where
        d1_0.id=?
2026-06-26T23:31:51.185+08:00 DEBUG 16004 --- [nio-8080-exec-1] org.hibernate.SQL                        : 
    select
        d1_0.id,
        d1_0.avatar,
        d1_0.create_time,
        d1_0.department_id,
        d1_0.department_name,
        d1_0.introduction,
        d1_0.name,
        d1_0.password,
        d1_0.phone,
        d1_0.specialty,
        d1_0.title,
        d1_0.update_time,
        d1_0.username 
    from
        doctor d1_0 
    where
        d1_0.id=?
Hibernate: 
    select
        d1_0.id,
        d1_0.avatar,
        d1_0.create_time,
        d1_0.department_id,
        d1_0.department_name,
        d1_0.introduction,
        d1_0.name,
        d1_0.password,
        d1_0.phone,
        d1_0.specialty,
        d1_0.title,
        d1_0.update_time,
        d1_0.username 
    from
        doctor d1_0 
    where
        d1_0.id=?
2026-06-26T23:31:51.264+08:00 DEBUG 16004 --- [nio-8080-exec-1] org.hibernate.SQL                        : 
    select
        d1_0.id,
        d1_0.avatar,
        d1_0.create_time,
        d1_0.department_id,
        d1_0.department_name,
        d1_0.introduction,
        d1_0.name,
        d1_0.password,
        d1_0.phone,
        d1_0.specialty,
        d1_0.title,
        d1_0.update_time,
        d1_0.username 
    from
        doctor d1_0 
    where
        d1_0.department_id=?
Hibernate: 
    select
        d1_0.id,
        d1_0.avatar,
        d1_0.create_time,
        d1_0.department_id,
        d1_0.department_name,
        d1_0.introduction,
        d1_0.name,
        d1_0.password,
        d1_0.phone,
        d1_0.specialty,
        d1_0.title,
        d1_0.update_time,
        d1_0.username 
    from
        doctor d1_0 
    where
        d1_0.department_id=?
2026-06-26T23:31:51.320+08:00 DEBUG 16004 --- [nio-8080-exec-1] org.hibernate.SQL                        : 
    insert 
    into
        triage_record
        (ai_analysis, chief_complaint, confidence, create_time, patient_id, raw_response, recommend_department, recommend_department_id, recommend_doctor_ids, status) 
    values
        (?, ?, ?, ?, ?, ?, ?, ?, ?, ?)
Hibernate: 
    insert 
    into
        triage_record
        (ai_analysis, chief_complaint, confidence, create_time, patient_id, raw_response, recommend_department, recommend_department_id, recommend_doctor_ids, status) 
    values
        (?, ?, ?, ?, ?, ?, ?, ?, ?, ?)
2026-06-26T23:33:03.282+08:00 DEBUG 16004 --- [nio-8080-exec-2] org.hibernate.SQL                        : 
    select
        p1_0.id,
        p1_0.address,
        p1_0.age,
        p1_0.avatar,
        p1_0.create_time,
        p1_0.gender,
        p1_0.id_card,
        p1_0.name,
        p1_0.openid,
        p1_0.phone,
        p1_0.update_time 
    from
        patient p1_0 
    where
        p1_0.id=?
Hibernate: 
    select
        p1_0.id,
        p1_0.address,
        p1_0.age,
        p1_0.avatar,
        p1_0.create_time,
        p1_0.gender,
        p1_0.id_card,
        p1_0.name,
        p1_0.openid,
        p1_0.phone,
        p1_0.update_time 
    from
        patient p1_0 
    where
        p1_0.id=?
2026-06-26T23:33:04.094+08:00 DEBUG 16004 --- [nio-8080-exec-8] org.hibernate.SQL                        : 
    select
        p1_0.id,
        p1_0.address,
        p1_0.age,
        p1_0.avatar,
        p1_0.create_time,
        p1_0.gender,
        p1_0.id_card,
        p1_0.name,
        p1_0.openid,
        p1_0.phone,
        p1_0.update_time 
    from
        patient p1_0 
    where
        p1_0.id=?
Hibernate: 
    select
        p1_0.id,
        p1_0.address,
        p1_0.age,
        p1_0.avatar,
        p1_0.create_time,
        p1_0.gender,
        p1_0.id_card,
        p1_0.name,
        p1_0.openid,
        p1_0.phone,
        p1_0.update_time 
    from
        patient p1_0 
    where
        p1_0.id=?
2026-06-26T23:33:04.246+08:00 DEBUG 16004 --- [nio-8080-exec-6] org.hibernate.SQL                        : 
    select
        d1_0.id,
        d1_0.create_time,
        d1_0.description,
        d1_0.name,
        d1_0.sort,
        d1_0.update_time 
    from
        department d1_0 
    order by
        d1_0.sort
Hibernate: 
    select
        d1_0.id,
        d1_0.create_time,
        d1_0.description,
        d1_0.name,
        d1_0.sort,
        d1_0.update_time 
    from
        department d1_0 
    order by
        d1_0.sort
2026-06-26T23:33:06.126+08:00 DEBUG 16004 --- [nio-8080-exec-7] org.hibernate.SQL                        : 
    select
        tr1_0.id,
        tr1_0.ai_analysis,
        tr1_0.chief_complaint,
        tr1_0.confidence,
        tr1_0.create_time,
        tr1_0.patient_id,
        tr1_0.raw_response,
        tr1_0.recommend_department,
        tr1_0.recommend_department_id,
        tr1_0.recommend_doctor_ids,
        tr1_0.status 
    from
        triage_record tr1_0 
    where
        tr1_0.patient_id=? 
    order by
        tr1_0.create_time desc,
        tr1_0.create_time desc 
    limit
        ?, ?
Hibernate: 
    select
        tr1_0.id,
        tr1_0.ai_analysis,
        tr1_0.chief_complaint,
        tr1_0.confidence,
        tr1_0.create_time,
        tr1_0.patient_id,
        tr1_0.raw_response,
        tr1_0.recommend_department,
        tr1_0.recommend_department_id,
        tr1_0.recommend_doctor_ids,
        tr1_0.status 
    from
        triage_record tr1_0 
    where
        tr1_0.patient_id=? 
    order by
        tr1_0.create_time desc,
        tr1_0.create_time desc 
    limit
        ?, ?
2026-06-26T23:33:06.202+08:00 DEBUG 16004 --- [nio-8080-exec-7] org.hibernate.SQL                        : 
    select
        count(tr1_0.id) 
    from
        triage_record tr1_0 
    where
        tr1_0.patient_id=?
Hibernate: 
    select
        count(tr1_0.id) 
    from
        triage_record tr1_0 
    where
        tr1_0.patient_id=?
2026-06-26T23:33:21.308+08:00 DEBUG 16004 --- [nio-8080-exec-3] org.hibernate.SQL                        : 
    select
        d1_0.id,
        d1_0.avatar,
        d1_0.create_time,
        d1_0.department_id,
        d1_0.department_name,
        d1_0.introduction,
        d1_0.name,
        d1_0.password,
        d1_0.phone,
        d1_0.specialty,
        d1_0.title,
        d1_0.update_time,
        d1_0.username 
    from
        doctor d1_0 
    where
        d1_0.id=?
Hibernate: 
    select
        d1_0.id,
        d1_0.avatar,
        d1_0.create_time,
        d1_0.department_id,
        d1_0.department_name,
        d1_0.introduction,
        d1_0.name,
        d1_0.password,
        d1_0.phone,
        d1_0.specialty,
        d1_0.title,
        d1_0.update_time,
        d1_0.username 
    from
        doctor d1_0 
    where
        d1_0.id=?
2026-06-26T23:33:21.343+08:00 DEBUG 16004 --- [nio-8080-exec-3] org.hibernate.SQL                        : 
    select
        d1_0.id,
        d1_0.avatar,
        d1_0.create_time,
        d1_0.department_id,
        d1_0.department_name,
        d1_0.introduction,
        d1_0.name,
        d1_0.password,
        d1_0.phone,
        d1_0.specialty,
        d1_0.title,
        d1_0.update_time,
        d1_0.username 
    from
        doctor d1_0 
    where
        d1_0.id=?
Hibernate: 
    select
        d1_0.id,
        d1_0.avatar,
        d1_0.create_time,
        d1_0.department_id,
        d1_0.department_name,
        d1_0.introduction,
        d1_0.name,
        d1_0.password,
        d1_0.phone,
        d1_0.specialty,
        d1_0.title,
        d1_0.update_time,
        d1_0.username 
    from
        doctor d1_0 
    where
        d1_0.id=?
2026-06-26T23:33:21.379+08:00 DEBUG 16004 --- [nio-8080-exec-3] org.hibernate.SQL                        : 
    select
        d1_0.id,
        d1_0.avatar,
        d1_0.create_time,
        d1_0.department_id,
        d1_0.department_name,
        d1_0.introduction,
        d1_0.name,
        d1_0.password,
        d1_0.phone,
        d1_0.specialty,
        d1_0.title,
        d1_0.update_time,
        d1_0.username 
    from
        doctor d1_0 
    where
        d1_0.department_id=?
Hibernate: 
    select
        d1_0.id,
        d1_0.avatar,
        d1_0.create_time,
        d1_0.department_id,
        d1_0.department_name,
        d1_0.introduction,
        d1_0.name,
        d1_0.password,
        d1_0.phone,
        d1_0.specialty,
        d1_0.title,
        d1_0.update_time,
        d1_0.username 
    from
        doctor d1_0 
    where
        d1_0.department_id=?
2026-06-26T23:33:21.415+08:00 DEBUG 16004 --- [nio-8080-exec-3] org.hibernate.SQL                        : 
    insert 
    into
        triage_record
        (ai_analysis, chief_complaint, confidence, create_time, patient_id, raw_response, recommend_department, recommend_department_id, recommend_doctor_ids, status) 
    values
        (?, ?, ?, ?, ?, ?, ?, ?, ?, ?)
Hibernate: 
    insert 
    into
        triage_record
        (ai_analysis, chief_complaint, confidence, create_time, patient_id, raw_response, recommend_department, recommend_department_id, recommend_doctor_ids, status) 
    values
        (?, ?, ?, ?, ?, ?, ?, ?, ?, ?)
2026-06-26T23:33:21.539+08:00 DEBUG 16004 --- [nio-8080-exec-9] org.hibernate.SQL                        : 
    select
        tr1_0.id,
        tr1_0.ai_analysis,
        tr1_0.chief_complaint,
        tr1_0.confidence,
        tr1_0.create_time,
        tr1_0.patient_id,
        tr1_0.raw_response,
        tr1_0.recommend_department,
        tr1_0.recommend_department_id,
        tr1_0.recommend_doctor_ids,
        tr1_0.status 
    from
        triage_record tr1_0 
    where
        tr1_0.patient_id=? 
    order by
        tr1_0.create_time desc,
        tr1_0.create_time desc 
    limit
        ?, ?
Hibernate: 
    select
        tr1_0.id,
        tr1_0.ai_analysis,
        tr1_0.chief_complaint,
        tr1_0.confidence,
        tr1_0.create_time,
        tr1_0.patient_id,
        tr1_0.raw_response,
        tr1_0.recommend_department,
        tr1_0.recommend_department_id,
        tr1_0.recommend_doctor_ids,
        tr1_0.status 
    from
        triage_record tr1_0 
    where
        tr1_0.patient_id=? 
    order by
        tr1_0.create_time desc,
        tr1_0.create_time desc 
    limit
        ?, ?
2026-06-26T23:33:21.576+08:00 DEBUG 16004 --- [nio-8080-exec-9] org.hibernate.SQL                        : 
    select
        count(tr1_0.id) 
    from
        triage_record tr1_0 
    where
        tr1_0.patient_id=?
Hibernate: 
    select
        count(tr1_0.id) 
    from
        triage_record tr1_0 
    where
        tr1_0.patient_id=?
2026-06-26T23:33:26.217+08:00 DEBUG 16004 --- [io-8080-exec-10] org.hibernate.SQL                        : 
    select
        d1_0.id,
        d1_0.create_time,
        d1_0.description,
        d1_0.name,
        d1_0.sort,
        d1_0.update_time 
    from
        department d1_0 
    order by
        d1_0.sort
Hibernate: 
    select
        d1_0.id,
        d1_0.create_time,
        d1_0.description,
        d1_0.name,
        d1_0.sort,
        d1_0.update_time 
    from
        department d1_0 
    order by
        d1_0.sort
2026-06-26T23:33:26.352+08:00 DEBUG 16004 --- [nio-8080-exec-1] org.hibernate.SQL                        : 
    select
        d1_0.id,
        d1_0.avatar,
        d1_0.create_time,
        d1_0.department_id,
        d1_0.department_name,
        d1_0.introduction,
        d1_0.name,
        d1_0.password,
        d1_0.phone,
        d1_0.specialty,
        d1_0.title,
        d1_0.update_time,
        d1_0.username 
    from
        doctor d1_0 
    where
        d1_0.department_id=?
Hibernate: 
    select
        d1_0.id,
        d1_0.avatar,
        d1_0.create_time,
        d1_0.department_id,
        d1_0.department_name,
        d1_0.introduction,
        d1_0.name,
        d1_0.password,
        d1_0.phone,
        d1_0.specialty,
        d1_0.title,
        d1_0.update_time,
        d1_0.username 
    from
        doctor d1_0 
    where
        d1_0.department_id=?
2026-06-26T23:33:29.725+08:00 DEBUG 16004 --- [nio-8080-exec-4] org.hibernate.SQL                        : 
    select
        tr1_0.id,
        tr1_0.ai_analysis,
        tr1_0.chief_complaint,
        tr1_0.confidence,
        tr1_0.create_time,
        tr1_0.patient_id,
        tr1_0.raw_response,
        tr1_0.recommend_department,
        tr1_0.recommend_department_id,
        tr1_0.recommend_doctor_ids,
        tr1_0.status 
    from
        triage_record tr1_0 
    where
        tr1_0.patient_id=? 
    order by
        tr1_0.create_time desc,
        tr1_0.create_time desc 
    limit
        ?, ?
Hibernate: 
    select
        tr1_0.id,
        tr1_0.ai_analysis,
        tr1_0.chief_complaint,
        tr1_0.confidence,
        tr1_0.create_time,
        tr1_0.patient_id,
        tr1_0.raw_response,
        tr1_0.recommend_department,
        tr1_0.recommend_department_id,
        tr1_0.recommend_doctor_ids,
        tr1_0.status 
    from
        triage_record tr1_0 
    where
        tr1_0.patient_id=? 
    order by
        tr1_0.create_time desc,
        tr1_0.create_time desc 
    limit
        ?, ?
2026-06-26T23:33:29.796+08:00 DEBUG 16004 --- [nio-8080-exec-4] org.hibernate.SQL                        : 
    select
        count(tr1_0.id) 
    from
        triage_record tr1_0 
    where
        tr1_0.patient_id=?
Hibernate: 
    select
        count(tr1_0.id) 
    from
        triage_record tr1_0 
    where
        tr1_0.patient_id=?
2026-06-26T23:33:34.562+08:00 DEBUG 16004 --- [nio-8080-exec-2] org.hibernate.SQL                        : 
    select
        d1_0.id,
        d1_0.create_time,
        d1_0.description,
        d1_0.name,
        d1_0.sort,
        d1_0.update_time 
    from
        department d1_0 
    order by
        d1_0.sort
Hibernate: 
    select
        d1_0.id,
        d1_0.create_time,
        d1_0.description,
        d1_0.name,
        d1_0.sort,
        d1_0.update_time 
    from
        department d1_0 
    order by
        d1_0.sort
2026-06-26T23:33:34.685+08:00 DEBUG 16004 --- [nio-8080-exec-5] org.hibernate.SQL                        : 
    select
        d1_0.id,
        d1_0.avatar,
        d1_0.create_time,
        d1_0.department_id,
        d1_0.department_name,
        d1_0.introduction,
        d1_0.name,
        d1_0.password,
        d1_0.phone,
        d1_0.specialty,
        d1_0.title,
        d1_0.update_time,
        d1_0.username 
    from
        doctor d1_0 
    where
        d1_0.department_id=?
Hibernate: 
    select
        d1_0.id,
        d1_0.avatar,
        d1_0.create_time,
        d1_0.department_id,
        d1_0.department_name,
        d1_0.introduction,
        d1_0.name,
        d1_0.password,
        d1_0.phone,
        d1_0.specialty,
        d1_0.title,
        d1_0.update_time,
        d1_0.username 
    from
        doctor d1_0 
    where
        d1_0.department_id=?
2026-06-26T23:33:36.738+08:00 DEBUG 16004 --- [nio-8080-exec-8] org.hibernate.SQL                        : 
    select
        d1_0.id,
        d1_0.avatar,
        d1_0.create_time,
        d1_0.department_id,
        d1_0.department_name,
        d1_0.introduction,
        d1_0.name,
        d1_0.password,
        d1_0.phone,
        d1_0.specialty,
        d1_0.title,
        d1_0.update_time,
        d1_0.username 
    from
        doctor d1_0 
    where
        d1_0.id=?
Hibernate: 
    select
        d1_0.id,
        d1_0.avatar,
        d1_0.create_time,
        d1_0.department_id,
        d1_0.department_name,
        d1_0.introduction,
        d1_0.name,
        d1_0.password,
        d1_0.phone,
        d1_0.specialty,
        d1_0.title,
        d1_0.update_time,
        d1_0.username 
    from
        doctor d1_0 
    where
        d1_0.id=?
2026-06-26T23:33:40.773+08:00 DEBUG 16004 --- [nio-8080-exec-6] org.hibernate.SQL                        : 
    select
        tr1_0.id,
        tr1_0.ai_analysis,
        tr1_0.chief_complaint,
        tr1_0.confidence,
        tr1_0.create_time,
        tr1_0.patient_id,
        tr1_0.raw_response,
        tr1_0.recommend_department,
        tr1_0.recommend_department_id,
        tr1_0.recommend_doctor_ids,
        tr1_0.status 
    from
        triage_record tr1_0 
    where
        tr1_0.patient_id=? 
    order by
        tr1_0.create_time desc,
        tr1_0.create_time desc 
    limit
        ?, ?
Hibernate: 
    select
        tr1_0.id,
        tr1_0.ai_analysis,
        tr1_0.chief_complaint,
        tr1_0.confidence,
        tr1_0.create_time,
        tr1_0.patient_id,
        tr1_0.raw_response,
        tr1_0.recommend_department,
        tr1_0.recommend_department_id,
        tr1_0.recommend_doctor_ids,
        tr1_0.status 
    from
        triage_record tr1_0 
    where
        tr1_0.patient_id=? 
    order by
        tr1_0.create_time desc,
        tr1_0.create_time desc 
    limit
        ?, ?
2026-06-26T23:33:40.845+08:00 DEBUG 16004 --- [nio-8080-exec-6] org.hibernate.SQL                        : 
    select
        count(tr1_0.id) 
    from
        triage_record tr1_0 
    where
        tr1_0.patient_id=?
Hibernate: 
    select
        count(tr1_0.id) 
    from
        triage_record tr1_0 
    where
        tr1_0.patient_id=?
2026-06-26T23:33:45.485+08:00 DEBUG 16004 --- [nio-8080-exec-7] org.hibernate.SQL                        : 
    insert 
    into
        ai_chat_record
        (answer, category, create_time, feedback, question, raw_response, session_id, source, user_id, user_type) 
    values
        (?, ?, ?, ?, ?, ?, ?, ?, ?, ?)
Hibernate: 
    insert 
    into
        ai_chat_record
        (answer, category, create_time, feedback, question, raw_response, session_id, source, user_id, user_type) 
    values
        (?, ?, ?, ?, ?, ?, ?, ?, ?, ?)
2026-06-26T23:33:56.717+08:00 DEBUG 16004 --- [nio-8080-exec-3] org.hibernate.SQL                        : 
    insert 
    into
        ai_chat_record
        (answer, category, create_time, feedback, question, raw_response, session_id, source, user_id, user_type) 
    values
        (?, ?, ?, ?, ?, ?, ?, ?, ?, ?)
Hibernate: 
    insert 
    into
        ai_chat_record
        (answer, category, create_time, feedback, question, raw_response, session_id, source, user_id, user_type) 
    values
        (?, ?, ?, ?, ?, ?, ?, ?, ?, ?)
2026-06-26T23:34:16.939+08:00 DEBUG 16004 --- [io-8080-exec-10] org.hibernate.SQL                        : 
    insert 
    into
        ai_chat_record
        (answer, category, create_time, feedback, question, raw_response, session_id, source, user_id, user_type) 
    values
        (?, ?, ?, ?, ?, ?, ?, ?, ?, ?)
Hibernate: 
    insert 
    into
        ai_chat_record
        (answer, category, create_time, feedback, question, raw_response, session_id, source, user_id, user_type) 
    values
        (?, ?, ?, ?, ?, ?, ?, ?, ?, ?)
2026-06-26T23:34:23.043+08:00 DEBUG 16004 --- [nio-8080-exec-1] org.hibernate.SQL                        : 
    select
        tr1_0.id,
        tr1_0.ai_analysis,
        tr1_0.chief_complaint,
        tr1_0.confidence,
        tr1_0.create_time,
        tr1_0.patient_id,
        tr1_0.raw_response,
        tr1_0.recommend_department,
        tr1_0.recommend_department_id,
        tr1_0.recommend_doctor_ids,
        tr1_0.status 
    from
        triage_record tr1_0 
    where
        tr1_0.patient_id=? 
    order by
        tr1_0.create_time desc,
        tr1_0.create_time desc 
    limit
        ?, ?
Hibernate: 
    select
        tr1_0.id,
        tr1_0.ai_analysis,
        tr1_0.chief_complaint,
        tr1_0.confidence,
        tr1_0.create_time,
        tr1_0.patient_id,
        tr1_0.raw_response,
        tr1_0.recommend_department,
        tr1_0.recommend_department_id,
        tr1_0.recommend_doctor_ids,
        tr1_0.status 
    from
        triage_record tr1_0 
    where
        tr1_0.patient_id=? 
    order by
        tr1_0.create_time desc,
        tr1_0.create_time desc 
    limit
        ?, ?
2026-06-26T23:34:23.114+08:00 DEBUG 16004 --- [nio-8080-exec-1] org.hibernate.SQL                        : 
    select
        count(tr1_0.id) 
    from
        triage_record tr1_0 
    where
        tr1_0.patient_id=?
Hibernate: 
    select
        count(tr1_0.id) 
    from
        triage_record tr1_0 
    where
        tr1_0.patient_id=?
2026-06-26T23:34:26.996+08:00 DEBUG 16004 --- [nio-8080-exec-4] org.hibernate.SQL                        : 
    select
        p1_0.id,
        p1_0.address,
        p1_0.age,
        p1_0.avatar,
        p1_0.create_time,
        p1_0.gender,
        p1_0.id_card,
        p1_0.name,
        p1_0.openid,
        p1_0.phone,
        p1_0.update_time 
    from
        patient p1_0 
    where
        p1_0.id=?
Hibernate: 
    select
        p1_0.id,
        p1_0.address,
        p1_0.age,
        p1_0.avatar,
        p1_0.create_time,
        p1_0.gender,
        p1_0.id_card,
        p1_0.name,
        p1_0.openid,
        p1_0.phone,
        p1_0.update_time 
    from
        patient p1_0 
    where
        p1_0.id=?
2026-06-26T23:34:27.143+08:00 DEBUG 16004 --- [nio-8080-exec-2] org.hibernate.SQL                        : 
    select
        d1_0.id,
        d1_0.create_time,
        d1_0.description,
        d1_0.name,
        d1_0.sort,
        d1_0.update_time 
    from
        department d1_0 
    order by
        d1_0.sort
Hibernate: 
    select
        d1_0.id,
        d1_0.create_time,
        d1_0.description,
        d1_0.name,
        d1_0.sort,
        d1_0.update_time 
    from
        department d1_0 
    order by
        d1_0.sort
2026-06-26T23:34:45.100+08:00 DEBUG 16004 --- [nio-8080-exec-5] org.hibernate.SQL                        : 
    insert 
    into
        ai_chat_record
        (answer, category, create_time, feedback, question, raw_response, session_id, source, user_id, user_type) 
    values
        (?, ?, ?, ?, ?, ?, ?, ?, ?, ?)
Hibernate: 
    insert 
    into
        ai_chat_record
        (answer, category, create_time, feedback, question, raw_response, session_id, source, user_id, user_type) 
    values
        (?, ?, ?, ?, ?, ?, ?, ?, ?, ?)
2026-06-26T23:34:52.027+08:00 DEBUG 16004 --- [nio-8080-exec-8] org.hibernate.SQL                        : 
    insert 
    into
        ai_chat_record
        (answer, category, create_time, feedback, question, raw_response, session_id, source, user_id, user_type) 
    values
        (?, ?, ?, ?, ?, ?, ?, ?, ?, ?)
Hibernate: 
    insert 
    into
        ai_chat_record
        (answer, category, create_time, feedback, question, raw_response, session_id, source, user_id, user_type) 
    values
        (?, ?, ?, ?, ?, ?, ?, ?, ?, ?)
2026-06-26T23:34:58.326+08:00 DEBUG 16004 --- [nio-8080-exec-6] org.hibernate.SQL                        : 
    insert 
    into
        ai_chat_record
        (answer, category, create_time, feedback, question, raw_response, session_id, source, user_id, user_type) 
    values
        (?, ?, ?, ?, ?, ?, ?, ?, ?, ?)
Hibernate: 
    insert 
    into
        ai_chat_record
        (answer, category, create_time, feedback, question, raw_response, session_id, source, user_id, user_type) 
    values
        (?, ?, ?, ?, ?, ?, ?, ?, ?, ?)
2026-06-26T23:35:10.000+08:00 DEBUG 16004 --- [nio-8080-exec-7] org.hibernate.SQL                        : 
    select
        p1_0.id,
        p1_0.address,
        p1_0.age,
        p1_0.avatar,
        p1_0.create_time,
        p1_0.gender,
        p1_0.id_card,
        p1_0.name,
        p1_0.openid,
        p1_0.phone,
        p1_0.update_time 
    from
        patient p1_0 
    where
        p1_0.id=?
Hibernate: 
    select
        p1_0.id,
        p1_0.address,
        p1_0.age,
        p1_0.avatar,
        p1_0.create_time,
        p1_0.gender,
        p1_0.id_card,
        p1_0.name,
        p1_0.openid,
        p1_0.phone,
        p1_0.update_time 
    from
        patient p1_0 
    where
        p1_0.id=?
2026-06-26T23:35:10.150+08:00 DEBUG 16004 --- [nio-8080-exec-3] org.hibernate.SQL                        : 
    select
        d1_0.id,
        d1_0.create_time,
        d1_0.description,
        d1_0.name,
        d1_0.sort,
        d1_0.update_time 
    from
        department d1_0 
    order by
        d1_0.sort
Hibernate: 
    select
        d1_0.id,
        d1_0.create_time,
        d1_0.description,
        d1_0.name,
        d1_0.sort,
        d1_0.update_time 
    from
        department d1_0 
    order by
        d1_0.sort
2026-06-26T23:54:28.435+08:00 DEBUG 16004 --- [io-8080-exec-10] org.hibernate.SQL                        : 
    select
        a1_0.id,
        a1_0.create_time,
        a1_0.name,
        a1_0.password,
        a1_0.username 
    from
        admin a1_0 
    where
        a1_0.username=?
Hibernate: 
    select
        a1_0.id,
        a1_0.create_time,
        a1_0.name,
        a1_0.password,
        a1_0.username 
    from
        admin a1_0 
    where
        a1_0.username=?
2026-06-26T23:54:28.505+08:00 ERROR 16004 --- [io-8080-exec-10] c.n.c.c.e.GlobalExceptionHandler         : ŇµÎńŇěłŁŁşŐËşĹ˛»´ćÔÚ
2026-06-26T23:54:34.825+08:00 DEBUG 16004 --- [nio-8080-exec-1] org.hibernate.SQL                        : 
    select
        a1_0.id,
        a1_0.create_time,
        a1_0.name,
        a1_0.password,
        a1_0.username 
    from
        admin a1_0 
    where
        a1_0.username=?
Hibernate: 
    select
        a1_0.id,
        a1_0.create_time,
        a1_0.name,
        a1_0.password,
        a1_0.username 
    from
        admin a1_0 
    where
        a1_0.username=?
2026-06-26T23:54:34.893+08:00 ERROR 16004 --- [nio-8080-exec-1] c.n.c.c.e.GlobalExceptionHandler         : ŇµÎńŇěłŁŁşŐËşĹ˛»´ćÔÚ
2026-06-26T23:55:52.622+08:00 DEBUG 16004 --- [nio-8080-exec-4] org.hibernate.SQL                        : 
    select
        a1_0.id,
        a1_0.create_time,
        a1_0.name,
        a1_0.password,
        a1_0.username 
    from
        admin a1_0 
    where
        a1_0.username=?
Hibernate: 
    select
        a1_0.id,
        a1_0.create_time,
        a1_0.name,
        a1_0.password,
        a1_0.username 
    from
        admin a1_0 
    where
        a1_0.username=?
2026-06-26T23:55:52.698+08:00 ERROR 16004 --- [nio-8080-exec-4] c.n.c.c.e.GlobalExceptionHandler         : ŇµÎńŇěłŁŁşŐËşĹ˛»´ćÔÚ
2026-06-26T23:55:52.746+08:00 DEBUG 16004 --- [nio-8080-exec-2] org.hibernate.SQL                        : 
    select
        a1_0.id,
        a1_0.create_time,
        a1_0.name,
        a1_0.password,
        a1_0.username 
    from
        admin a1_0 
    where
        a1_0.username=?
Hibernate: 
    select
        a1_0.id,
        a1_0.create_time,
        a1_0.name,
        a1_0.password,
        a1_0.username 
    from
        admin a1_0 
    where
        a1_0.username=?
2026-06-26T23:55:52.783+08:00 ERROR 16004 --- [nio-8080-exec-2] c.n.c.c.e.GlobalExceptionHandler         : ŇµÎńŇěłŁŁşŐËşĹ˛»´ćÔÚ
2026-06-26T23:55:52.789+08:00 DEBUG 16004 --- [nio-8080-exec-5] org.hibernate.SQL                        : 
    select
        a1_0.id,
        a1_0.create_time,
        a1_0.name,
        a1_0.password,
        a1_0.username 
    from
        admin a1_0 
    where
        a1_0.username=?
Hibernate: 
    select
        a1_0.id,
        a1_0.create_time,
        a1_0.name,
        a1_0.password,
        a1_0.username 
    from
        admin a1_0 
    where
        a1_0.username=?
2026-06-26T23:55:52.823+08:00 ERROR 16004 --- [nio-8080-exec-5] c.n.c.c.e.GlobalExceptionHandler         : ŇµÎńŇěłŁŁşŐËşĹ˛»´ćÔÚ
2026-06-26T23:57:54.760+08:00 DEBUG 16004 --- [nio-8080-exec-6] org.hibernate.SQL                        : 
    select
        a1_0.id,
        a1_0.create_time,
        a1_0.name,
        a1_0.password,
        a1_0.username 
    from
        admin a1_0 
    where
        a1_0.username=?
Hibernate: 
    select
        a1_0.id,
        a1_0.create_time,
        a1_0.name,
        a1_0.password,
        a1_0.username 
    from
        admin a1_0 
    where
        a1_0.username=?
2026-06-26T23:57:54.829+08:00 ERROR 16004 --- [nio-8080-exec-6] c.n.c.c.e.GlobalExceptionHandler         : ŇµÎńŇěłŁŁşĂÜÂë´íÎó
[INFO] ------------------------------------------------------------------------
[INFO] BUILD FAILURE
[INFO] ------------------------------------------------------------------------
[INFO] Total time:  30:54 min
[INFO] Finished at: 2026-06-27T00:02:01+08:00
[INFO] ------------------------------------------------------------------------
[ERROR] Failed to execute goal org.springframework.boot:spring-boot-maven-plugin:3.2.5:run (default-cli) on project cloud-brain-diagnosis: Process terminated with exit code: -1 -> [Help 1]
[ERROR] 
[ERROR] To see the full stack trace of the errors, re-run Maven with the -e switch.
[ERROR] Re-run Maven using the -X switch to enable full debug logging.
[ERROR] 
[ERROR] For more information about the errors and possible solutions, please read the following articles:
[ERROR] [Help 1] http://cwiki.apache.org/confluence/display/MAVEN/MojoExecutionException
