[INFO] Scanning for projects...
[INFO] 
[INFO] -----------------< com.neusoft:cloud-brain-diagnosis >------------------
[INFO] Building cloud-brain-diagnosis 1.0.0
[INFO]   from pom.xml
[INFO] --------------------------------[ jar ]---------------------------------
[INFO] 
[INFO] >>> spring-boot:3.2.5:run (default-cli) > test-compile @ cloud-brain-diagnosis >>>
[INFO] 
[INFO] --- resources:3.3.1:resources (default-resources) @ cloud-brain-diagnosis ---
[INFO] Copying 1 resource from src\main\resources to target\classes
[INFO] Copying 0 resource from src\main\resources to target\classes
[INFO] 
[INFO] --- compiler:3.11.0:compile (default-compile) @ cloud-brain-diagnosis ---
[INFO] Nothing to compile - all classes are up to date
[INFO] 
[INFO] --- resources:3.3.1:testResources (default-testResources) @ cloud-brain-diagnosis ---
[INFO] Not copying test resources
[INFO] 
[INFO] --- compiler:3.11.0:testCompile (default-testCompile) @ cloud-brain-diagnosis ---
[INFO] Not compiling test sources
[INFO] 
[INFO] <<< spring-boot:3.2.5:run (default-cli) < test-compile @ cloud-brain-diagnosis <<<
[INFO] 
[INFO] 
[INFO] --- spring-boot:3.2.5:run (default-cli) @ cloud-brain-diagnosis ---
[INFO] Attaching agents: []

  .   ____          _            __ _ _
 /\\ / ___'_ __ _ _(_)_ __  __ _ \ \ \ \
( ( )\___ | '_ | '_| | '_ \/ _` | \ \ \ \
 \\/  ___)| |_)| | | | | || (_| |  ) ) ) )
  '  |____| .__|_| |_|_| |_\__, | / / / /
 =========|_|==============|___/=/_/_/_/
 :: Spring Boot ::                (v3.2.5)

2026-06-29T09:17:02.007+08:00  INFO 44196 --- [           main] c.n.c.CloudBrainDiagnosisApplication     : Starting CloudBrainDiagnosisApplication using Java 17.0.19 with PID 44196 (C:\Users\gaosi\Desktop\cloud-brain-diagnosis(3)\target\classes started by gaosi in C:\Users\gaosi\Desktop\cloud-brain-diagnosis(3))
2026-06-29T09:17:02.009+08:00 DEBUG 44196 --- [           main] c.n.c.CloudBrainDiagnosisApplication     : Running with Spring Boot v3.2.5, Spring v6.1.6
2026-06-29T09:17:02.010+08:00  INFO 44196 --- [           main] c.n.c.CloudBrainDiagnosisApplication     : No active profile set, falling back to 1 default profile: "default"
2026-06-29T09:17:02.679+08:00  INFO 44196 --- [           main] .s.d.r.c.RepositoryConfigurationDelegate : Bootstrapping Spring Data JPA repositories in DEFAULT mode.
2026-06-29T09:17:02.784+08:00  INFO 44196 --- [           main] .s.d.r.c.RepositoryConfigurationDelegate : Finished Spring Data repository scanning in 99 ms. Found 27 JPA repository interfaces.
2026-06-29T09:17:03.285+08:00  INFO 44196 --- [           main] o.s.b.w.embedded.tomcat.TomcatWebServer  : Tomcat initialized with port 8080 (http)
2026-06-29T09:17:03.296+08:00  INFO 44196 --- [           main] o.apache.catalina.core.StandardService   : Starting service [Tomcat]
2026-06-29T09:17:03.297+08:00  INFO 44196 --- [           main] o.apache.catalina.core.StandardEngine    : Starting Servlet engine: [Apache Tomcat/10.1.20]
2026-06-29T09:17:03.354+08:00  INFO 44196 --- [           main] o.a.c.c.C.[Tomcat].[localhost].[/]       : Initializing Spring embedded WebApplicationContext
2026-06-29T09:17:03.355+08:00  INFO 44196 --- [           main] w.s.c.ServletWebServerApplicationContext : Root WebApplicationContext: initialization completed in 1306 ms
2026-06-29T09:17:03.482+08:00  INFO 44196 --- [           main] o.hibernate.jpa.internal.util.LogHelper  : HHH000204: Processing PersistenceUnitInfo [name: default]
2026-06-29T09:17:03.526+08:00  INFO 44196 --- [           main] org.hibernate.Version                    : HHH000412: Hibernate ORM core version 6.4.4.Final
2026-06-29T09:17:03.557+08:00  INFO 44196 --- [           main] o.h.c.internal.RegionFactoryInitiator    : HHH000026: Second-level cache disabled
2026-06-29T09:17:03.769+08:00  INFO 44196 --- [           main] o.s.o.j.p.SpringPersistenceUnitInfo      : No LoadTimeWeaver setup: ignoring JPA class transformer
2026-06-29T09:17:03.797+08:00  INFO 44196 --- [           main] com.zaxxer.hikari.HikariDataSource       : HikariPool-1 - Starting...
2026-06-29T09:17:08.433+08:00  INFO 44196 --- [           main] com.zaxxer.hikari.pool.HikariPool        : HikariPool-1 - Added connection com.mysql.cj.jdbc.ConnectionImpl@5597ca3
2026-06-29T09:17:08.436+08:00  INFO 44196 --- [           main] com.zaxxer.hikari.HikariDataSource       : HikariPool-1 - Start completed.
2026-06-29T09:17:09.219+08:00  WARN 44196 --- [           main] org.hibernate.orm.deprecation            : HHH90000025: MySQLDialect does not need to be specified explicitly using 'hibernate.dialect' (remove the property setting and it will be selected by default)
2026-06-29T09:17:10.380+08:00  INFO 44196 --- [           main] o.h.e.t.j.p.i.JtaPlatformInitiator       : HHH000489: No JTA platform available (set 'hibernate.transaction.jta.platform' to enable JTA platform integration)
2026-06-29T09:17:10.612+08:00 DEBUG 44196 --- [           main] org.hibernate.SQL                        : 
    alter table staff_account 
       add column update_time datetime(6)
Hibernate: 
    alter table staff_account 
       add column update_time datetime(6)
2026-06-29T09:17:10.691+08:00  INFO 44196 --- [           main] j.LocalContainerEntityManagerFactoryBean : Initialized JPA EntityManagerFactory for persistence unit 'default'
2026-06-29T09:17:11.331+08:00  INFO 44196 --- [           main] o.s.d.j.r.query.QueryEnhancerFactory     : Hibernate is in classpath; If applicable, HQL parser will be used.
2026-06-29T09:17:11.771+08:00  WARN 44196 --- [           main] JpaBaseConfiguration$JpaWebConfiguration : spring.jpa.open-in-view is enabled by default. Therefore, database queries may be performed during view rendering. Explicitly configure spring.jpa.open-in-view to disable this warning
2026-06-29T09:17:12.111+08:00  INFO 44196 --- [           main] o.s.b.w.embedded.tomcat.TomcatWebServer  : Tomcat started on port 8080 (http) with context path ''
2026-06-29T09:17:12.124+08:00  INFO 44196 --- [           main] c.n.c.CloudBrainDiagnosisApplication     : Started CloudBrainDiagnosisApplication in 10.482 seconds (process running for 10.744)
============================================
  ÔĆÄÔŐďÁĆĆ˝Ě¨şó¶ËĆô¶ŻłÉą¦Łˇ
  ˝ÓżÚÎÄµµŁşhttp://localhost:8080/doc.html
============================================
2026-06-29T09:17:27.556+08:00  INFO 44196 --- [nio-8080-exec-6] o.a.c.c.C.[Tomcat].[localhost].[/]       : Initializing Spring DispatcherServlet 'dispatcherServlet'
2026-06-29T09:17:27.557+08:00  INFO 44196 --- [nio-8080-exec-6] o.s.web.servlet.DispatcherServlet        : Initializing Servlet 'dispatcherServlet'
2026-06-29T09:17:27.559+08:00  INFO 44196 --- [nio-8080-exec-6] o.s.web.servlet.DispatcherServlet        : Completed initialization in 1 ms
2026-06-29T09:17:27.661+08:00 DEBUG 44196 --- [nio-8080-exec-6] org.hibernate.SQL                        : 
    select
        d1_0.id,
        d1_0.create_time,
        d1_0.description,
        d1_0.name,
        d1_0.sort,
        d1_0.update_time 
    from
        department d1_0 
    order by
        d1_0.sort
Hibernate: 
    select
        d1_0.id,
        d1_0.create_time,
        d1_0.description,
        d1_0.name,
        d1_0.sort,
        d1_0.update_time 
    from
        department d1_0 
    order by
        d1_0.sort
2026-06-29T09:18:54.438+08:00 DEBUG 44196 --- [nio-8080-exec-8] org.hibernate.SQL                        : 
    select
        sa1_0.id,
        sa1_0.create_time,
        sa1_0.enabled,
        sa1_0.name,
        sa1_0.password,
        sa1_0.phone,
        sa1_0.role,
        sa1_0.update_time,
        sa1_0.username 
    from
        staff_account sa1_0 
    where
        sa1_0.username=?
Hibernate: 
    select
        sa1_0.id,
        sa1_0.create_time,
        sa1_0.enabled,
        sa1_0.name,
        sa1_0.password,
        sa1_0.phone,
        sa1_0.role,
        sa1_0.update_time,
        sa1_0.username 
    from
        staff_account sa1_0 
    where
        sa1_0.username=?
2026-06-29T09:18:54.860+08:00 DEBUG 44196 --- [io-8080-exec-10] org.hibernate.SQL                        : 
    select
        sa1_0.id,
        sa1_0.create_time,
        sa1_0.enabled,
        sa1_0.name,
        sa1_0.password,
        sa1_0.phone,
        sa1_0.role,
        sa1_0.update_time,
        sa1_0.username 
    from
        staff_account sa1_0 
    where
        sa1_0.id=?
Hibernate: 
    select
        sa1_0.id,
        sa1_0.create_time,
        sa1_0.enabled,
        sa1_0.name,
        sa1_0.password,
        sa1_0.phone,
        sa1_0.role,
        sa1_0.update_time,
        sa1_0.username 
    from
        staff_account sa1_0 
    where
        sa1_0.id=?
2026-06-29T09:19:41.491+08:00 DEBUG 44196 --- [nio-8080-exec-2] org.hibernate.SQL                        : 
    select
        sa1_0.id,
        sa1_0.create_time,
        sa1_0.enabled,
        sa1_0.name,
        sa1_0.password,
        sa1_0.phone,
        sa1_0.role,
        sa1_0.update_time,
        sa1_0.username 
    from
        staff_account sa1_0 
    where
        sa1_0.username=?
Hibernate: 
    select
        sa1_0.id,
        sa1_0.create_time,
        sa1_0.enabled,
        sa1_0.name,
        sa1_0.password,
        sa1_0.phone,
        sa1_0.role,
        sa1_0.update_time,
        sa1_0.username 
    from
        staff_account sa1_0 
    where
        sa1_0.username=?
2026-06-29T09:19:41.832+08:00 DEBUG 44196 --- [nio-8080-exec-7] org.hibernate.SQL                        : 
    select
        sa1_0.id,
        sa1_0.create_time,
        sa1_0.enabled,
        sa1_0.name,
        sa1_0.password,
        sa1_0.phone,
        sa1_0.role,
        sa1_0.update_time,
        sa1_0.username 
    from
        staff_account sa1_0 
    where
        sa1_0.id=?
Hibernate: 
    select
        sa1_0.id,
        sa1_0.create_time,
        sa1_0.enabled,
        sa1_0.name,
        sa1_0.password,
        sa1_0.phone,
        sa1_0.role,
        sa1_0.update_time,
        sa1_0.username 
    from
        staff_account sa1_0 
    where
        sa1_0.id=?
2026-06-29T09:19:42.130+08:00 DEBUG 44196 --- [nio-8080-exec-3] org.hibernate.SQL                        : 
    select
        p1_0.id,
        p1_0.create_time,
        p1_0.department_id,
        p1_0.dispense_time,
        p1_0.doctor_id,
        p1_0.doctor_name,
        p1_0.drugs,
        p1_0.patient_id,
        p1_0.patient_name,
        p1_0.registration_id,
        p1_0.status,
        p1_0.total_amount 
    from
        prescription p1_0 
    where
        p1_0.status=? 
    order by
        p1_0.create_time desc,
        p1_0.create_time desc 
    limit
        ?, ?
Hibernate: 
    select
        p1_0.id,
        p1_0.create_time,
        p1_0.department_id,
        p1_0.dispense_time,
        p1_0.doctor_id,
        p1_0.doctor_name,
        p1_0.drugs,
        p1_0.patient_id,
        p1_0.patient_name,
        p1_0.registration_id,
        p1_0.status,
        p1_0.total_amount 
    from
        prescription p1_0 
    where
        p1_0.status=? 
    order by
        p1_0.create_time desc,
        p1_0.create_time desc 
    limit
        ?, ?
2026-06-29T09:19:42.130+08:00 DEBUG 44196 --- [nio-8080-exec-9] org.hibernate.SQL                        : 
    select
        p1_0.id,
        p1_0.create_time,
        p1_0.department_id,
        p1_0.dispense_time,
        p1_0.doctor_id,
        p1_0.doctor_name,
        p1_0.drugs,
        p1_0.patient_id,
        p1_0.patient_name,
        p1_0.registration_id,
        p1_0.status,
        p1_0.total_amount 
    from
        prescription p1_0 
    where
        p1_0.status=? 
    order by
        p1_0.create_time desc,
        p1_0.create_time desc 
    limit
        ?, ?
Hibernate: 
    select
        p1_0.id,
        p1_0.create_time,
        p1_0.department_id,
        p1_0.dispense_time,
        p1_0.doctor_id,
        p1_0.doctor_name,
        p1_0.drugs,
        p1_0.patient_id,
        p1_0.patient_name,
        p1_0.registration_id,
        p1_0.status,
        p1_0.total_amount 
    from
        prescription p1_0 
    where
        p1_0.status=? 
    order by
        p1_0.create_time desc,
        p1_0.create_time desc 
    limit
        ?, ?
2026-06-29T09:19:42.141+08:00 DEBUG 44196 --- [nio-8080-exec-4] org.hibernate.SQL                        : 
    select
        m1_0.id,
        m1_0.category_id,
        m1_0.category_name,
        m1_0.create_time,
        m1_0.description,
        m1_0.manufacturer,
        m1_0.name,
        m1_0.price,
        m1_0.specification,
        m1_0.stock,
        m1_0.unit 
    from
        medicine m1_0 
    where
        (
            ? is null 
            or m1_0.name like ? escape ''
        ) 
        and (
            ? is null 
            or m1_0.category_id=?
        ) 
    order by
        m1_0.create_time desc 
    limit
        ?, ?
Hibernate: 
    select
        m1_0.id,
        m1_0.category_id,
        m1_0.category_name,
        m1_0.create_time,
        m1_0.description,
        m1_0.manufacturer,
        m1_0.name,
        m1_0.price,
        m1_0.specification,
        m1_0.stock,
        m1_0.unit 
    from
        medicine m1_0 
    where
        (
            ? is null 
            or m1_0.name like ? escape ''
        ) 
        and (
            ? is null 
            or m1_0.category_id=?
        ) 
    order by
        m1_0.create_time desc 
    limit
        ?, ?
2026-06-29T09:19:42.194+08:00 DEBUG 44196 --- [nio-8080-exec-6] org.hibernate.SQL                        : 
    select
        sa1_0.id,
        sa1_0.create_time,
        sa1_0.enabled,
        sa1_0.name,
        sa1_0.password,
        sa1_0.phone,
        sa1_0.role,
        sa1_0.update_time,
        sa1_0.username 
    from
        staff_account sa1_0 
    where
        sa1_0.id=?
Hibernate: 
    select
        sa1_0.id,
        sa1_0.create_time,
        sa1_0.enabled,
        sa1_0.name,
        sa1_0.password,
        sa1_0.phone,
        sa1_0.role,
        sa1_0.update_time,
        sa1_0.username 
    from
        staff_account sa1_0 
    where
        sa1_0.id=?
2026-06-29T09:19:42.213+08:00 DEBUG 44196 --- [nio-8080-exec-3] org.hibernate.SQL                        : 
    select
        count(p1_0.id) 
    from
        prescription p1_0 
    where
        p1_0.status=?
2026-06-29T09:19:42.213+08:00 DEBUG 44196 --- [nio-8080-exec-9] org.hibernate.SQL                        : 
    select
        count(p1_0.id) 
    from
        prescription p1_0 
    where
        p1_0.status=?
Hibernate: 
    select
        count(p1_0.id) 
    from
        prescription p1_0 
    where
        p1_0.status=?
Hibernate: 
    select
        count(p1_0.id) 
    from
        prescription p1_0 
    where
        p1_0.status=?
2026-06-29T09:19:52.085+08:00 DEBUG 44196 --- [nio-8080-exec-1] org.hibernate.SQL                        : 
    select
        sf1_0.id,
        sf1_0.category_id,
        sf1_0.create_time,
        sf1_0.factors,
        sf1_0.forecast_data,
        sf1_0.forecast_period,
        sf1_0.forecast_type,
        sf1_0.medicine_id,
        sf1_0.purchase_suggestions,
        sf1_0.raw_response,
        sf1_0.total_forecast_amount,
        sf1_0.total_purchase_amount 
    from
        stock_forecast sf1_0 
    where
        sf1_0.forecast_type=? 
    order by
        sf1_0.create_time desc,
        sf1_0.create_time desc 
    limit
        ?, ?
Hibernate: 
    select
        sf1_0.id,
        sf1_0.category_id,
        sf1_0.create_time,
        sf1_0.factors,
        sf1_0.forecast_data,
        sf1_0.forecast_period,
        sf1_0.forecast_type,
        sf1_0.medicine_id,
        sf1_0.purchase_suggestions,
        sf1_0.raw_response,
        sf1_0.total_forecast_amount,
        sf1_0.total_purchase_amount 
    from
        stock_forecast sf1_0 
    where
        sf1_0.forecast_type=? 
    order by
        sf1_0.create_time desc,
        sf1_0.create_time desc 
    limit
        ?, ?
2026-06-29T09:19:52.164+08:00 DEBUG 44196 --- [nio-8080-exec-1] org.hibernate.SQL                        : 
    select
        count(sf1_0.id) 
    from
        stock_forecast sf1_0 
    where
        sf1_0.forecast_type=?
Hibernate: 
    select
        count(sf1_0.id) 
    from
        stock_forecast sf1_0 
    where
        sf1_0.forecast_type=?
2026-06-29T09:19:52.295+08:00 DEBUG 44196 --- [nio-8080-exec-8] org.hibernate.SQL                        : 
    select
        sf1_0.id,
        sf1_0.category_id,
        sf1_0.create_time,
        sf1_0.factors,
        sf1_0.forecast_data,
        sf1_0.forecast_period,
        sf1_0.forecast_type,
        sf1_0.medicine_id,
        sf1_0.purchase_suggestions,
        sf1_0.raw_response,
        sf1_0.total_forecast_amount,
        sf1_0.total_purchase_amount 
    from
        stock_forecast sf1_0 
    where
        sf1_0.id=?
Hibernate: 
    select
        sf1_0.id,
        sf1_0.category_id,
        sf1_0.create_time,
        sf1_0.factors,
        sf1_0.forecast_data,
        sf1_0.forecast_period,
        sf1_0.forecast_type,
        sf1_0.medicine_id,
        sf1_0.purchase_suggestions,
        sf1_0.raw_response,
        sf1_0.total_forecast_amount,
        sf1_0.total_purchase_amount 
    from
        stock_forecast sf1_0 
    where
        sf1_0.id=?
2026-06-29T09:19:57.927+08:00 DEBUG 44196 --- [io-8080-exec-10] org.hibernate.SQL                        : 
    select
        m1_0.id,
        m1_0.category_id,
        m1_0.category_name,
        m1_0.create_time,
        m1_0.description,
        m1_0.manufacturer,
        m1_0.name,
        m1_0.price,
        m1_0.specification,
        m1_0.stock,
        m1_0.unit 
    from
        medicine m1_0
Hibernate: 
    select
        m1_0.id,
        m1_0.category_id,
        m1_0.category_name,
        m1_0.create_time,
        m1_0.description,
        m1_0.manufacturer,
        m1_0.name,
        m1_0.price,
        m1_0.specification,
        m1_0.stock,
        m1_0.unit 
    from
        medicine m1_0
2026-06-29T09:19:58.027+08:00 DEBUG 44196 --- [io-8080-exec-10] org.hibernate.SQL                        : 
    select
        p1_0.id,
        p1_0.create_time,
        p1_0.department_id,
        p1_0.dispense_time,
        p1_0.doctor_id,
        p1_0.doctor_name,
        p1_0.drugs,
        p1_0.patient_id,
        p1_0.patient_name,
        p1_0.registration_id,
        p1_0.status,
        p1_0.total_amount 
    from
        prescription p1_0
Hibernate: 
    select
        p1_0.id,
        p1_0.create_time,
        p1_0.department_id,
        p1_0.dispense_time,
        p1_0.doctor_id,
        p1_0.doctor_name,
        p1_0.drugs,
        p1_0.patient_id,
        p1_0.patient_name,
        p1_0.registration_id,
        p1_0.status,
        p1_0.total_amount 
    from
        prescription p1_0
2026-06-29T09:20:07.018+08:00 DEBUG 44196 --- [nio-8080-exec-5] org.hibernate.SQL                        : 
    select
        sf1_0.id,
        sf1_0.category_id,
        sf1_0.create_time,
        sf1_0.factors,
        sf1_0.forecast_data,
        sf1_0.forecast_period,
        sf1_0.forecast_type,
        sf1_0.medicine_id,
        sf1_0.purchase_suggestions,
        sf1_0.raw_response,
        sf1_0.total_forecast_amount,
        sf1_0.total_purchase_amount 
    from
        stock_forecast sf1_0 
    where
        sf1_0.id=?
Hibernate: 
    select
        sf1_0.id,
        sf1_0.category_id,
        sf1_0.create_time,
        sf1_0.factors,
        sf1_0.forecast_data,
        sf1_0.forecast_period,
        sf1_0.forecast_type,
        sf1_0.medicine_id,
        sf1_0.purchase_suggestions,
        sf1_0.raw_response,
        sf1_0.total_forecast_amount,
        sf1_0.total_purchase_amount 
    from
        stock_forecast sf1_0 
    where
        sf1_0.id=?
2026-06-29T09:20:19.279+08:00 DEBUG 44196 --- [io-8080-exec-10] org.hibernate.SQL                        : 
    insert 
    into
        stock_forecast
        (category_id, create_time, factors, forecast_data, forecast_period, forecast_type, medicine_id, purchase_suggestions, raw_response, total_forecast_amount, total_purchase_amount) 
    values
        (?, ?, ?, ?, ?, ?, ?, ?, ?, ?, ?)
Hibernate: 
    insert 
    into
        stock_forecast
        (category_id, create_time, factors, forecast_data, forecast_period, forecast_type, medicine_id, purchase_suggestions, raw_response, total_forecast_amount, total_purchase_amount) 
    values
        (?, ?, ?, ?, ?, ?, ?, ?, ?, ?, ?)
2026-06-29T09:24:37.450+08:00 DEBUG 44196 --- [nio-8080-exec-2] org.hibernate.SQL                        : 
    select
        sa1_0.id,
        sa1_0.create_time,
        sa1_0.enabled,
        sa1_0.name,
        sa1_0.password,
        sa1_0.phone,
        sa1_0.role,
        sa1_0.update_time,
        sa1_0.username 
    from
        staff_account sa1_0 
    where
        sa1_0.username=?
Hibernate: 
    select
        sa1_0.id,
        sa1_0.create_time,
        sa1_0.enabled,
        sa1_0.name,
        sa1_0.password,
        sa1_0.phone,
        sa1_0.role,
        sa1_0.update_time,
        sa1_0.username 
    from
        staff_account sa1_0 
    where
        sa1_0.username=?
2026-06-29T09:24:37.772+08:00 DEBUG 44196 --- [nio-8080-exec-7] org.hibernate.SQL                        : 
    select
        sa1_0.id,
        sa1_0.create_time,
        sa1_0.enabled,
        sa1_0.name,
        sa1_0.password,
        sa1_0.phone,
        sa1_0.role,
        sa1_0.update_time,
        sa1_0.username 
    from
        staff_account sa1_0 
    where
        sa1_0.id=?
Hibernate: 
    select
        sa1_0.id,
        sa1_0.create_time,
        sa1_0.enabled,
        sa1_0.name,
        sa1_0.password,
        sa1_0.phone,
        sa1_0.role,
        sa1_0.update_time,
        sa1_0.username 
    from
        staff_account sa1_0 
    where
        sa1_0.id=?
2026-06-29T09:24:38.196+08:00 DEBUG 44196 --- [nio-8080-exec-3] org.hibernate.SQL                        : 
    select
        p1_0.id,
        p1_0.create_time,
        p1_0.department_id,
        p1_0.dispense_time,
        p1_0.doctor_id,
        p1_0.doctor_name,
        p1_0.drugs,
        p1_0.patient_id,
        p1_0.patient_name,
        p1_0.registration_id,
        p1_0.status,
        p1_0.total_amount 
    from
        prescription p1_0 
    where
        p1_0.status=? 
    order by
        p1_0.create_time desc,
        p1_0.create_time desc 
    limit
        ?, ?
Hibernate: 
    select
        p1_0.id,
        p1_0.create_time,
        p1_0.department_id,
        p1_0.dispense_time,
        p1_0.doctor_id,
        p1_0.doctor_name,
        p1_0.drugs,
        p1_0.patient_id,
        p1_0.patient_name,
        p1_0.registration_id,
        p1_0.status,
        p1_0.total_amount 
    from
        prescription p1_0 
    where
        p1_0.status=? 
    order by
        p1_0.create_time desc,
        p1_0.create_time desc 
    limit
        ?, ?
2026-06-29T09:24:38.200+08:00 DEBUG 44196 --- [nio-8080-exec-9] org.hibernate.SQL                        : 
    select
        p1_0.id,
        p1_0.create_time,
        p1_0.department_id,
        p1_0.dispense_time,
        p1_0.doctor_id,
        p1_0.doctor_name,
        p1_0.drugs,
        p1_0.patient_id,
        p1_0.patient_name,
        p1_0.registration_id,
        p1_0.status,
        p1_0.total_amount 
    from
        prescription p1_0 
    where
        p1_0.status=? 
    order by
        p1_0.create_time desc,
        p1_0.create_time desc 
    limit
        ?, ?
Hibernate: 
    select
        p1_0.id,
        p1_0.create_time,
        p1_0.department_id,
        p1_0.dispense_time,
        p1_0.doctor_id,
        p1_0.doctor_name,
        p1_0.drugs,
        p1_0.patient_id,
        p1_0.patient_name,
        p1_0.registration_id,
        p1_0.status,
        p1_0.total_amount 
    from
        prescription p1_0 
    where
        p1_0.status=? 
    order by
        p1_0.create_time desc,
        p1_0.create_time desc 
    limit
        ?, ?
2026-06-29T09:24:38.202+08:00 DEBUG 44196 --- [nio-8080-exec-4] org.hibernate.SQL                        : 
    select
        m1_0.id,
        m1_0.category_id,
        m1_0.category_name,
        m1_0.create_time,
        m1_0.description,
        m1_0.manufacturer,
        m1_0.name,
        m1_0.price,
        m1_0.specification,
        m1_0.stock,
        m1_0.unit 
    from
        medicine m1_0 
    where
        (
            ? is null 
            or m1_0.name like ? escape ''
        ) 
        and (
            ? is null 
            or m1_0.category_id=?
        ) 
    order by
        m1_0.create_time desc 
    limit
        ?, ?
Hibernate: 
    select
        m1_0.id,
        m1_0.category_id,
        m1_0.category_name,
        m1_0.create_time,
        m1_0.description,
        m1_0.manufacturer,
        m1_0.name,
        m1_0.price,
        m1_0.specification,
        m1_0.stock,
        m1_0.unit 
    from
        medicine m1_0 
    where
        (
            ? is null 
            or m1_0.name like ? escape ''
        ) 
        and (
            ? is null 
            or m1_0.category_id=?
        ) 
    order by
        m1_0.create_time desc 
    limit
        ?, ?
2026-06-29T09:24:38.271+08:00 DEBUG 44196 --- [nio-8080-exec-6] org.hibernate.SQL                        : 
    select
        sa1_0.id,
        sa1_0.create_time,
        sa1_0.enabled,
        sa1_0.name,
        sa1_0.password,
        sa1_0.phone,
        sa1_0.role,
        sa1_0.update_time,
        sa1_0.username 
    from
        staff_account sa1_0 
    where
        sa1_0.id=?
Hibernate: 
    select
        sa1_0.id,
        sa1_0.create_time,
        sa1_0.enabled,
        sa1_0.name,
        sa1_0.password,
        sa1_0.phone,
        sa1_0.role,
        sa1_0.update_time,
        sa1_0.username 
    from
        staff_account sa1_0 
    where
        sa1_0.id=?
2026-06-29T09:24:38.273+08:00 DEBUG 44196 --- [nio-8080-exec-3] org.hibernate.SQL                        : 
    select
        count(p1_0.id) 
    from
        prescription p1_0 
    where
        p1_0.status=?
Hibernate: 
    select
        count(p1_0.id) 
    from
        prescription p1_0 
    where
        p1_0.status=?
2026-06-29T09:24:38.279+08:00 DEBUG 44196 --- [nio-8080-exec-9] org.hibernate.SQL                        : 
    select
        count(p1_0.id) 
    from
        prescription p1_0 
    where
        p1_0.status=?
Hibernate: 
    select
        count(p1_0.id) 
    from
        prescription p1_0 
    where
        p1_0.status=?
2026-06-29T09:25:10.353+08:00 DEBUG 44196 --- [nio-8080-exec-1] org.hibernate.SQL                        : 
    select
        p1_0.id,
        p1_0.create_time,
        p1_0.department_id,
        p1_0.dispense_time,
        p1_0.doctor_id,
        p1_0.doctor_name,
        p1_0.drugs,
        p1_0.patient_id,
        p1_0.patient_name,
        p1_0.registration_id,
        p1_0.status,
        p1_0.total_amount 
    from
        prescription p1_0 
    where
        p1_0.status=? 
    order by
        p1_0.create_time desc,
        p1_0.create_time desc 
    limit
        ?, ?
Hibernate: 
    select
        p1_0.id,
        p1_0.create_time,
        p1_0.department_id,
        p1_0.dispense_time,
        p1_0.doctor_id,
        p1_0.doctor_name,
        p1_0.drugs,
        p1_0.patient_id,
        p1_0.patient_name,
        p1_0.registration_id,
        p1_0.status,
        p1_0.total_amount 
    from
        prescription p1_0 
    where
        p1_0.status=? 
    order by
        p1_0.create_time desc,
        p1_0.create_time desc 
    limit
        ?, ?
2026-06-29T09:25:10.997+08:00 DEBUG 44196 --- [nio-8080-exec-1] org.hibernate.SQL                        : 
    select
        count(p1_0.id) 
    from
        prescription p1_0 
    where
        p1_0.status=?
Hibernate: 
    select
        count(p1_0.id) 
    from
        prescription p1_0 
    where
        p1_0.status=?
2026-06-29T09:25:11.441+08:00 DEBUG 44196 --- [nio-8080-exec-8] org.hibernate.SQL                        : 
    select
        sa1_0.id,
        sa1_0.create_time,
        sa1_0.enabled,
        sa1_0.name,
        sa1_0.password,
        sa1_0.phone,
        sa1_0.role,
        sa1_0.update_time,
        sa1_0.username 
    from
        staff_account sa1_0 
    where
        sa1_0.id=?
Hibernate: 
    select
        sa1_0.id,
        sa1_0.create_time,
        sa1_0.enabled,
        sa1_0.name,
        sa1_0.password,
        sa1_0.phone,
        sa1_0.role,
        sa1_0.update_time,
        sa1_0.username 
    from
        staff_account sa1_0 
    where
        sa1_0.id=?
2026-06-29T09:28:11.946+08:00 DEBUG 44196 --- [nio-8080-exec-5] org.hibernate.SQL                        : 
    select
        sa1_0.id,
        sa1_0.create_time,
        sa1_0.enabled,
        sa1_0.name,
        sa1_0.password,
        sa1_0.phone,
        sa1_0.role,
        sa1_0.update_time,
        sa1_0.username 
    from
        staff_account sa1_0 
    where
        sa1_0.username=?
Hibernate: 
    select
        sa1_0.id,
        sa1_0.create_time,
        sa1_0.enabled,
        sa1_0.name,
        sa1_0.password,
        sa1_0.phone,
        sa1_0.role,
        sa1_0.update_time,
        sa1_0.username 
    from
        staff_account sa1_0 
    where
        sa1_0.username=?
2026-06-29T09:28:12.196+08:00 DEBUG 44196 --- [io-8080-exec-10] org.hibernate.SQL                        : 
    select
        p1_0.id,
        p1_0.create_time,
        p1_0.department_id,
        p1_0.dispense_time,
        p1_0.doctor_id,
        p1_0.doctor_name,
        p1_0.drugs,
        p1_0.patient_id,
        p1_0.patient_name,
        p1_0.registration_id,
        p1_0.status,
        p1_0.total_amount 
    from
        prescription p1_0 
    where
        p1_0.status=? 
    order by
        p1_0.create_time desc,
        p1_0.create_time desc 
    limit
        ?, ?
Hibernate: 
    select
        p1_0.id,
        p1_0.create_time,
        p1_0.department_id,
        p1_0.dispense_time,
        p1_0.doctor_id,
        p1_0.doctor_name,
        p1_0.drugs,
        p1_0.patient_id,
        p1_0.patient_name,
        p1_0.registration_id,
        p1_0.status,
        p1_0.total_amount 
    from
        prescription p1_0 
    where
        p1_0.status=? 
    order by
        p1_0.create_time desc,
        p1_0.create_time desc 
    limit
        ?, ?
2026-06-29T09:28:12.270+08:00 DEBUG 44196 --- [io-8080-exec-10] org.hibernate.SQL                        : 
    select
        count(p1_0.id) 
    from
        prescription p1_0 
    where
        p1_0.status=?
Hibernate: 
    select
        count(p1_0.id) 
    from
        prescription p1_0 
    where
        p1_0.status=?
2026-06-29T09:28:12.321+08:00 DEBUG 44196 --- [nio-8080-exec-2] org.hibernate.SQL                        : 
    select
        p1_0.id,
        p1_0.create_time,
        p1_0.department_id,
        p1_0.dispense_time,
        p1_0.doctor_id,
        p1_0.doctor_name,
        p1_0.drugs,
        p1_0.patient_id,
        p1_0.patient_name,
        p1_0.registration_id,
        p1_0.status,
        p1_0.total_amount 
    from
        prescription p1_0 
    where
        p1_0.status=? 
    order by
        p1_0.create_time desc,
        p1_0.create_time desc 
    limit
        ?, ?
Hibernate: 
    select
        p1_0.id,
        p1_0.create_time,
        p1_0.department_id,
        p1_0.dispense_time,
        p1_0.doctor_id,
        p1_0.doctor_name,
        p1_0.drugs,
        p1_0.patient_id,
        p1_0.patient_name,
        p1_0.registration_id,
        p1_0.status,
        p1_0.total_amount 
    from
        prescription p1_0 
    where
        p1_0.status=? 
    order by
        p1_0.create_time desc,
        p1_0.create_time desc 
    limit
        ?, ?
2026-06-29T09:28:12.360+08:00 DEBUG 44196 --- [nio-8080-exec-2] org.hibernate.SQL                        : 
    select
        count(p1_0.id) 
    from
        prescription p1_0 
    where
        p1_0.status=?
Hibernate: 
    select
        count(p1_0.id) 
    from
        prescription p1_0 
    where
        p1_0.status=?
2026-06-29T09:28:12.403+08:00 DEBUG 44196 --- [nio-8080-exec-7] org.hibernate.SQL                        : 
    select
        m1_0.id,
        m1_0.category_id,
        m1_0.category_name,
        m1_0.create_time,
        m1_0.description,
        m1_0.manufacturer,
        m1_0.name,
        m1_0.price,
        m1_0.specification,
        m1_0.stock,
        m1_0.unit 
    from
        medicine m1_0 
    where
        (
            ? is null 
            or m1_0.name like ? escape ''
        ) 
        and (
            ? is null 
            or m1_0.category_id=?
        ) 
    order by
        m1_0.create_time desc 
    limit
        ?, ?
Hibernate: 
    select
        m1_0.id,
        m1_0.category_id,
        m1_0.category_name,
        m1_0.create_time,
        m1_0.description,
        m1_0.manufacturer,
        m1_0.name,
        m1_0.price,
        m1_0.specification,
        m1_0.stock,
        m1_0.unit 
    from
        medicine m1_0 
    where
        (
            ? is null 
            or m1_0.name like ? escape ''
        ) 
        and (
            ? is null 
            or m1_0.category_id=?
        ) 
    order by
        m1_0.create_time desc 
    limit
        ?, ?
2026-06-29T09:28:12.443+08:00 DEBUG 44196 --- [nio-8080-exec-7] org.hibernate.SQL                        : 
    select
        count(m1_0.id) 
    from
        medicine m1_0 
    where
        (
            ? is null 
            or m1_0.name like ? escape ''
        ) 
        and (
            ? is null 
            or m1_0.category_id=?
        )
Hibernate: 
    select
        count(m1_0.id) 
    from
        medicine m1_0 
    where
        (
            ? is null 
            or m1_0.name like ? escape ''
        ) 
        and (
            ? is null 
            or m1_0.category_id=?
        )
2026-06-29T09:28:12.489+08:00 DEBUG 44196 --- [nio-8080-exec-3] org.hibernate.SQL                        : 
    select
        sf1_0.id,
        sf1_0.category_id,
        sf1_0.create_time,
        sf1_0.factors,
        sf1_0.forecast_data,
        sf1_0.forecast_period,
        sf1_0.forecast_type,
        sf1_0.medicine_id,
        sf1_0.purchase_suggestions,
        sf1_0.raw_response,
        sf1_0.total_forecast_amount,
        sf1_0.total_purchase_amount 
    from
        stock_forecast sf1_0 
    where
        sf1_0.forecast_type=? 
    order by
        sf1_0.create_time desc,
        sf1_0.create_time desc 
    limit
        ?, ?
Hibernate: 
    select
        sf1_0.id,
        sf1_0.category_id,
        sf1_0.create_time,
        sf1_0.factors,
        sf1_0.forecast_data,
        sf1_0.forecast_period,
        sf1_0.forecast_type,
        sf1_0.medicine_id,
        sf1_0.purchase_suggestions,
        sf1_0.raw_response,
        sf1_0.total_forecast_amount,
        sf1_0.total_purchase_amount 
    from
        stock_forecast sf1_0 
    where
        sf1_0.forecast_type=? 
    order by
        sf1_0.create_time desc,
        sf1_0.create_time desc 
    limit
        ?, ?
2026-06-29T09:28:12.597+08:00 DEBUG 44196 --- [nio-8080-exec-3] org.hibernate.SQL                        : 
    select
        count(sf1_0.id) 
    from
        stock_forecast sf1_0 
    where
        sf1_0.forecast_type=?
Hibernate: 
    select
        count(sf1_0.id) 
    from
        stock_forecast sf1_0 
    where
        sf1_0.forecast_type=?
2026-06-29T09:28:12.754+08:00 DEBUG 44196 --- [nio-8080-exec-9] org.hibernate.SQL                        : 
    select
        sa1_0.id,
        sa1_0.create_time,
        sa1_0.enabled,
        sa1_0.name,
        sa1_0.password,
        sa1_0.phone,
        sa1_0.role,
        sa1_0.update_time,
        sa1_0.username 
    from
        staff_account sa1_0 
    where
        sa1_0.id=?
Hibernate: 
    select
        sa1_0.id,
        sa1_0.create_time,
        sa1_0.enabled,
        sa1_0.name,
        sa1_0.password,
        sa1_0.phone,
        sa1_0.role,
        sa1_0.update_time,
        sa1_0.username 
    from
        staff_account sa1_0 
    where
        sa1_0.id=?
2026-06-29T09:29:07.008+08:00 DEBUG 44196 --- [nio-8080-exec-6] org.hibernate.SQL                        : 
    select
        sa1_0.id,
        sa1_0.create_time,
        sa1_0.enabled,
        sa1_0.name,
        sa1_0.password,
        sa1_0.phone,
        sa1_0.role,
        sa1_0.update_time,
        sa1_0.username 
    from
        staff_account sa1_0 
    where
        sa1_0.username=?
Hibernate: 
    select
        sa1_0.id,
        sa1_0.create_time,
        sa1_0.enabled,
        sa1_0.name,
        sa1_0.password,
        sa1_0.phone,
        sa1_0.role,
        sa1_0.update_time,
        sa1_0.username 
    from
        staff_account sa1_0 
    where
        sa1_0.username=?
2026-06-29T09:29:07.270+08:00 DEBUG 44196 --- [nio-8080-exec-1] org.hibernate.SQL                        : 
    select
        sf1_0.id,
        sf1_0.category_id,
        sf1_0.create_time,
        sf1_0.factors,
        sf1_0.forecast_data,
        sf1_0.forecast_period,
        sf1_0.forecast_type,
        sf1_0.medicine_id,
        sf1_0.purchase_suggestions,
        sf1_0.raw_response,
        sf1_0.total_forecast_amount,
        sf1_0.total_purchase_amount 
    from
        stock_forecast sf1_0 
    where
        sf1_0.forecast_type=? 
    order by
        sf1_0.create_time desc,
        sf1_0.create_time desc 
    limit
        ?, ?
Hibernate: 
    select
        sf1_0.id,
        sf1_0.category_id,
        sf1_0.create_time,
        sf1_0.factors,
        sf1_0.forecast_data,
        sf1_0.forecast_period,
        sf1_0.forecast_type,
        sf1_0.medicine_id,
        sf1_0.purchase_suggestions,
        sf1_0.raw_response,
        sf1_0.total_forecast_amount,
        sf1_0.total_purchase_amount 
    from
        stock_forecast sf1_0 
    where
        sf1_0.forecast_type=? 
    order by
        sf1_0.create_time desc,
        sf1_0.create_time desc 
    limit
        ?, ?
2026-06-29T09:29:07.377+08:00 DEBUG 44196 --- [nio-8080-exec-1] org.hibernate.SQL                        : 
    select
        count(sf1_0.id) 
    from
        stock_forecast sf1_0 
    where
        sf1_0.forecast_type=?
Hibernate: 
    select
        count(sf1_0.id) 
    from
        stock_forecast sf1_0 
    where
        sf1_0.forecast_type=?
2026-06-29T09:29:07.439+08:00 DEBUG 44196 --- [nio-8080-exec-8] org.hibernate.SQL                        : 
    select
        p1_0.id,
        p1_0.create_time,
        p1_0.department_id,
        p1_0.dispense_time,
        p1_0.doctor_id,
        p1_0.doctor_name,
        p1_0.drugs,
        p1_0.patient_id,
        p1_0.patient_name,
        p1_0.registration_id,
        p1_0.status,
        p1_0.total_amount 
    from
        prescription p1_0 
    where
        p1_0.status=? 
    order by
        p1_0.create_time desc,
        p1_0.create_time desc 
    limit
        ?, ?
Hibernate: 
    select
        p1_0.id,
        p1_0.create_time,
        p1_0.department_id,
        p1_0.dispense_time,
        p1_0.doctor_id,
        p1_0.doctor_name,
        p1_0.drugs,
        p1_0.patient_id,
        p1_0.patient_name,
        p1_0.registration_id,
        p1_0.status,
        p1_0.total_amount 
    from
        prescription p1_0 
    where
        p1_0.status=? 
    order by
        p1_0.create_time desc,
        p1_0.create_time desc 
    limit
        ?, ?
2026-06-29T09:29:07.516+08:00 DEBUG 44196 --- [nio-8080-exec-8] org.hibernate.SQL                        : 
    select
        count(p1_0.id) 
    from
        prescription p1_0 
    where
        p1_0.status=?
Hibernate: 
    select
        count(p1_0.id) 
    from
        prescription p1_0 
    where
        p1_0.status=?
2026-06-29T09:29:07.636+08:00 DEBUG 44196 --- [nio-8080-exec-5] org.hibernate.SQL                        : 
    select
        p1_0.id,
        p1_0.create_time,
        p1_0.department_id,
        p1_0.dispense_time,
        p1_0.doctor_id,
        p1_0.doctor_name,
        p1_0.drugs,
        p1_0.patient_id,
        p1_0.patient_name,
        p1_0.registration_id,
        p1_0.status,
        p1_0.total_amount 
    from
        prescription p1_0 
    where
        p1_0.id=?
Hibernate: 
    select
        p1_0.id,
        p1_0.create_time,
        p1_0.department_id,
        p1_0.dispense_time,
        p1_0.doctor_id,
        p1_0.doctor_name,
        p1_0.drugs,
        p1_0.patient_id,
        p1_0.patient_name,
        p1_0.registration_id,
        p1_0.status,
        p1_0.total_amount 
    from
        prescription p1_0 
    where
        p1_0.id=?
2026-06-29T09:30:14.443+08:00 DEBUG 44196 --- [nio-8080-exec-2] org.hibernate.SQL                        : 
    select
        sa1_0.id,
        sa1_0.create_time,
        sa1_0.enabled,
        sa1_0.name,
        sa1_0.password,
        sa1_0.phone,
        sa1_0.role,
        sa1_0.update_time,
        sa1_0.username 
    from
        staff_account sa1_0 
    where
        sa1_0.username=?
Hibernate: 
    select
        sa1_0.id,
        sa1_0.create_time,
        sa1_0.enabled,
        sa1_0.name,
        sa1_0.password,
        sa1_0.phone,
        sa1_0.role,
        sa1_0.update_time,
        sa1_0.username 
    from
        staff_account sa1_0 
    where
        sa1_0.username=?
2026-06-29T09:30:14.688+08:00 DEBUG 44196 --- [nio-8080-exec-7] org.hibernate.SQL                        : 
    select
        sf1_0.id,
        sf1_0.category_id,
        sf1_0.create_time,
        sf1_0.factors,
        sf1_0.forecast_data,
        sf1_0.forecast_period,
        sf1_0.forecast_type,
        sf1_0.medicine_id,
        sf1_0.purchase_suggestions,
        sf1_0.raw_response,
        sf1_0.total_forecast_amount,
        sf1_0.total_purchase_amount 
    from
        stock_forecast sf1_0 
    where
        sf1_0.forecast_type=? 
    order by
        sf1_0.create_time desc,
        sf1_0.create_time desc 
    limit
        ?, ?
Hibernate: 
    select
        sf1_0.id,
        sf1_0.category_id,
        sf1_0.create_time,
        sf1_0.factors,
        sf1_0.forecast_data,
        sf1_0.forecast_period,
        sf1_0.forecast_type,
        sf1_0.medicine_id,
        sf1_0.purchase_suggestions,
        sf1_0.raw_response,
        sf1_0.total_forecast_amount,
        sf1_0.total_purchase_amount 
    from
        stock_forecast sf1_0 
    where
        sf1_0.forecast_type=? 
    order by
        sf1_0.create_time desc,
        sf1_0.create_time desc 
    limit
        ?, ?
2026-06-29T09:30:14.797+08:00 DEBUG 44196 --- [nio-8080-exec-7] org.hibernate.SQL                        : 
    select
        count(sf1_0.id) 
    from
        stock_forecast sf1_0 
    where
        sf1_0.forecast_type=?
Hibernate: 
    select
        count(sf1_0.id) 
    from
        stock_forecast sf1_0 
    where
        sf1_0.forecast_type=?
2026-06-29T09:42:18.801+08:00 DEBUG 44196 --- [nio-8080-exec-9] org.hibernate.SQL                        : 
    select
        p1_0.id,
        p1_0.create_time,
        p1_0.department_id,
        p1_0.dispense_time,
        p1_0.doctor_id,
        p1_0.doctor_name,
        p1_0.drugs,
        p1_0.patient_id,
        p1_0.patient_name,
        p1_0.registration_id,
        p1_0.status,
        p1_0.total_amount 
    from
        prescription p1_0 
    where
        p1_0.status=? 
    order by
        p1_0.create_time desc,
        p1_0.create_time desc 
    limit
        ?, ?
Hibernate: 
    select
        p1_0.id,
        p1_0.create_time,
        p1_0.department_id,
        p1_0.dispense_time,
        p1_0.doctor_id,
        p1_0.doctor_name,
        p1_0.drugs,
        p1_0.patient_id,
        p1_0.patient_name,
        p1_0.registration_id,
        p1_0.status,
        p1_0.total_amount 
    from
        prescription p1_0 
    where
        p1_0.status=? 
    order by
        p1_0.create_time desc,
        p1_0.create_time desc 
    limit
        ?, ?
2026-06-29T09:42:18.881+08:00 DEBUG 44196 --- [nio-8080-exec-9] org.hibernate.SQL                        : 
    select
        count(p1_0.id) 
    from
        prescription p1_0 
    where
        p1_0.status=?
Hibernate: 
    select
        count(p1_0.id) 
    from
        prescription p1_0 
    where
        p1_0.status=?
2026-06-29T09:42:18.925+08:00 DEBUG 44196 --- [nio-8080-exec-4] org.hibernate.SQL                        : 
    select
        sa1_0.id,
        sa1_0.create_time,
        sa1_0.enabled,
        sa1_0.name,
        sa1_0.password,
        sa1_0.phone,
        sa1_0.role,
        sa1_0.update_time,
        sa1_0.username 
    from
        staff_account sa1_0 
    where
        sa1_0.id=?
Hibernate: 
    select
        sa1_0.id,
        sa1_0.create_time,
        sa1_0.enabled,
        sa1_0.name,
        sa1_0.password,
        sa1_0.phone,
        sa1_0.role,
        sa1_0.update_time,
        sa1_0.username 
    from
        staff_account sa1_0 
    where
        sa1_0.id=?
[INFO] ------------------------------------------------------------------------
[INFO] BUILD FAILURE
[INFO] ------------------------------------------------------------------------
[INFO] Total time:  34:33 min
[INFO] Finished at: 2026-06-29T09:51:31+08:00
[INFO] ------------------------------------------------------------------------
[ERROR] Failed to execute goal org.springframework.boot:spring-boot-maven-plugin:3.2.5:run (default-cli) on project cloud-brain-diagnosis: Process terminated with exit code: -1 -> [Help 1]
[ERROR] 
[ERROR] To see the full stack trace of the errors, re-run Maven with the -e switch.
[ERROR] Re-run Maven using the -X switch to enable full debug logging.
[ERROR] 
[ERROR] For more information about the errors and possible solutions, please read the following articles:
[ERROR] [Help 1] http://cwiki.apache.org/confluence/display/MAVEN/MojoExecutionException
