[INFO] Scanning for projects...
[WARNING] 
[WARNING] Some problems were encountered while building the effective model for com.neusoft:cloud-brain-diagnosis:jar:1.0.0
[WARNING] 'dependencies.dependency.systemPath' for com.kingbase8:kingbase8-jdbc:jar should use a variable instead of a hard-coded path D:\Kingbase\ES\V9\KESRealPro\V009R001C010\Interface\jdbc\kingbase8-9.0.0.jar @ line 85, column 16
[WARNING] 'dependencies.dependency.systemPath' for com.kingbase8:hibernate-dialect:jar should use a variable instead of a hard-coded path D:\Kingbase\ES\V9\KESRealPro\V009R001C010\Interface\hibernate\hibernate-6.2.dialect.jar @ line 94, column 16
[WARNING] 
[WARNING] It is highly recommended to fix these problems because they threaten the stability of your build.
[WARNING] 
[WARNING] For this reason, future Maven versions might no longer support building such malformed projects.
[WARNING] 
[INFO] 
[INFO] -----------------< com.neusoft:cloud-brain-diagnosis >------------------
[INFO] Building cloud-brain-diagnosis 1.0.0
[INFO]   from pom.xml
[INFO] --------------------------------[ jar ]---------------------------------
[INFO] 
[INFO] >>> spring-boot:3.2.5:run (default-cli) > test-compile @ cloud-brain-diagnosis >>>
[INFO] 
[INFO] --- resources:3.3.1:resources (default-resources) @ cloud-brain-diagnosis ---
[INFO] Copying 1 resource from src\main\resources to target\classes
[INFO] Copying 0 resource from src\main\resources to target\classes
[INFO] 
[INFO] --- compiler:3.11.0:compile (default-compile) @ cloud-brain-diagnosis ---
[INFO] Nothing to compile - all classes are up to date
[INFO] 
[INFO] --- resources:3.3.1:testResources (default-testResources) @ cloud-brain-diagnosis ---
[INFO] Not copying test resources
[INFO] 
[INFO] --- compiler:3.11.0:testCompile (default-testCompile) @ cloud-brain-diagnosis ---
[INFO] Not compiling test sources
[INFO] 
[INFO] <<< spring-boot:3.2.5:run (default-cli) < test-compile @ cloud-brain-diagnosis <<<
[INFO] 
[INFO] 
[INFO] --- spring-boot:3.2.5:run (default-cli) @ cloud-brain-diagnosis ---
[INFO] Attaching agents: []

  .   ____          _            __ _ _
 /\\ / ___'_ __ _ _(_)_ __  __ _ \ \ \ \
( ( )\___ | '_ | '_| | '_ \/ _` | \ \ \ \
 \\/  ___)| |_)| | | | | || (_| |  ) ) ) )
  '  |____| .__|_| |_|_| |_\__, | / / / /
 =========|_|==============|___/=/_/_/_/
 :: Spring Boot ::                (v3.2.5)

2026-07-01T13:45:11.385+08:00  INFO 17108 --- [brain-main-svc] [           main] c.n.c.CloudBrainDiagnosisApplication     : Starting CloudBrainDiagnosisApplication using Java 17.0.19 with PID 17108 (C:\Users\gaosi\Desktop\cloud-brain-diagnosis(3)\target\classes started by gaosi in C:\Users\gaosi\Desktop\cloud-brain-diagnosis(3))
2026-07-01T13:45:11.388+08:00 DEBUG 17108 --- [brain-main-svc] [           main] c.n.c.CloudBrainDiagnosisApplication     : Running with Spring Boot v3.2.5, Spring v6.1.6
2026-07-01T13:45:11.390+08:00  INFO 17108 --- [brain-main-svc] [           main] c.n.c.CloudBrainDiagnosisApplication     : No active profile set, falling back to 1 default profile: "default"
2026-07-01T13:45:12.133+08:00  INFO 17108 --- [brain-main-svc] [           main] .s.d.r.c.RepositoryConfigurationDelegate : Bootstrapping Spring Data JPA repositories in DEFAULT mode.
2026-07-01T13:45:12.252+08:00  INFO 17108 --- [brain-main-svc] [           main] .s.d.r.c.RepositoryConfigurationDelegate : Finished Spring Data repository scanning in 110 ms. Found 27 JPA repository interfaces.
2026-07-01T13:45:12.464+08:00  INFO 17108 --- [brain-main-svc] [           main] o.s.cloud.context.scope.GenericScope     : BeanFactory id=ba6197e7-16d9-36cf-b8f4-0cd31f08e0a9
2026-07-01T13:45:12.793+08:00  INFO 17108 --- [brain-main-svc] [           main] o.s.b.w.embedded.tomcat.TomcatWebServer  : Tomcat initialized with port 8080 (http)
2026-07-01T13:45:12.805+08:00  INFO 17108 --- [brain-main-svc] [           main] o.apache.catalina.core.StandardService   : Starting service [Tomcat]
2026-07-01T13:45:12.805+08:00  INFO 17108 --- [brain-main-svc] [           main] o.apache.catalina.core.StandardEngine    : Starting Servlet engine: [Apache Tomcat/10.1.20]
2026-07-01T13:45:12.863+08:00  INFO 17108 --- [brain-main-svc] [           main] o.a.c.c.C.[Tomcat].[localhost].[/]       : Initializing Spring embedded WebApplicationContext
2026-07-01T13:45:12.865+08:00  INFO 17108 --- [brain-main-svc] [           main] w.s.c.ServletWebServerApplicationContext : Root WebApplicationContext: initialization completed in 1441 ms
2026-07-01T13:45:12.997+08:00  INFO 17108 --- [brain-main-svc] [           main] o.hibernate.jpa.internal.util.LogHelper  : HHH000204: Processing PersistenceUnitInfo [name: default]
2026-07-01T13:45:13.042+08:00  INFO 17108 --- [brain-main-svc] [           main] org.hibernate.Version                    : HHH000412: Hibernate ORM core version 6.4.4.Final
2026-07-01T13:45:13.070+08:00  INFO 17108 --- [brain-main-svc] [           main] o.h.c.internal.RegionFactoryInitiator    : HHH000026: Second-level cache disabled
2026-07-01T13:45:13.252+08:00  INFO 17108 --- [brain-main-svc] [           main] o.s.o.j.p.SpringPersistenceUnitInfo      : No LoadTimeWeaver setup: ignoring JPA class transformer
2026-07-01T13:45:13.272+08:00  INFO 17108 --- [brain-main-svc] [           main] com.zaxxer.hikari.HikariDataSource       : HikariPool-1 - Starting...
2026-07-01T13:45:14.495+08:00  INFO 17108 --- [brain-main-svc] [           main] com.zaxxer.hikari.pool.HikariPool        : HikariPool-1 - Added connection com.kingbase8.jdbc.KbConnection@1488a861
2026-07-01T13:45:14.498+08:00  INFO 17108 --- [brain-main-svc] [           main] com.zaxxer.hikari.HikariDataSource       : HikariPool-1 - Start completed.
2026-07-01T13:45:14.578+08:00  WARN 17108 --- [brain-main-svc] [           main] org.hibernate.orm.deprecation            : HHH90000025: Kingbase8MysqlDialect does not need to be specified explicitly using 'hibernate.dialect' (remove the property setting and it will be selected by default)
2026-07-01T13:45:16.492+08:00  INFO 17108 --- [brain-main-svc] [           main] o.h.e.t.j.p.i.JtaPlatformInitiator       : HHH000489: No JTA platform available (set 'hibernate.transaction.jta.platform' to enable JTA platform integration)
2026-07-01T13:45:16.737+08:00  INFO 17108 --- [brain-main-svc] [           main] j.LocalContainerEntityManagerFactoryBean : Initialized JPA EntityManagerFactory for persistence unit 'default'
2026-07-01T13:45:17.317+08:00  INFO 17108 --- [brain-main-svc] [           main] o.s.d.j.r.query.QueryEnhancerFactory     : Hibernate is in classpath; If applicable, HQL parser will be used.
2026-07-01T13:45:18.250+08:00  WARN 17108 --- [brain-main-svc] [           main] JpaBaseConfiguration$JpaWebConfiguration : spring.jpa.open-in-view is enabled by default. Therefore, database queries may be performed during view rendering. Explicitly configure spring.jpa.open-in-view to disable this warning
2026-07-01T13:45:20.029+08:00  INFO 17108 --- [brain-main-svc] [           main] o.s.b.w.embedded.tomcat.TomcatWebServer  : Tomcat started on port 8080 (http) with context path ''
2026-07-01T13:45:20.186+08:00  INFO 17108 --- [brain-main-svc] [           main] c.n.c.CloudBrainDiagnosisApplication     : Started CloudBrainDiagnosisApplication in 9.217 seconds (process running for 9.489)
============================================
  ÔĆÄÔŐďÁĆĆ˝Ě¨şó¶ËĆô¶ŻłÉą¦Łˇ
  ˝ÓżÚÎÄµµŁşhttp://localhost:8080/doc.html
============================================
2026-07-01T13:45:23.999+08:00  INFO 17108 --- [brain-main-svc] [nio-8080-exec-1] o.a.c.c.C.[Tomcat].[localhost].[/]       : Initializing Spring DispatcherServlet 'dispatcherServlet'
2026-07-01T13:45:24.000+08:00  INFO 17108 --- [brain-main-svc] [nio-8080-exec-1] o.s.web.servlet.DispatcherServlet        : Initializing Servlet 'dispatcherServlet'
2026-07-01T13:45:24.004+08:00  INFO 17108 --- [brain-main-svc] [nio-8080-exec-1] o.s.web.servlet.DispatcherServlet        : Completed initialization in 3 ms
2026-07-01T13:45:24.167+08:00 DEBUG 17108 --- [brain-main-svc] [nio-8080-exec-1] org.hibernate.SQL                        : 
    select
        d1_0.id,
        d1_0.create_time,
        d1_0.description,
        d1_0.name,
        d1_0.sort,
        d1_0.update_time 
    from
        department d1_0 
    order by
        d1_0.sort
Hibernate: 
    select
        d1_0.id,
        d1_0.create_time,
        d1_0.description,
        d1_0.name,
        d1_0.sort,
        d1_0.update_time 
    from
        department d1_0 
    order by
        d1_0.sort
[INFO] ------------------------------------------------------------------------
[INFO] BUILD FAILURE
[INFO] ------------------------------------------------------------------------
[INFO] Total time:  14:56 min
[INFO] Finished at: 2026-07-01T14:00:04+08:00
[INFO] ------------------------------------------------------------------------
[ERROR] Failed to execute goal org.springframework.boot:spring-boot-maven-plugin:3.2.5:run (default-cli) on project cloud-brain-diagnosis: Process terminated with exit code: -1 -> [Help 1]
[ERROR] 
[ERROR] To see the full stack trace of the errors, re-run Maven with the -e switch.
[ERROR] Re-run Maven using the -X switch to enable full debug logging.
[ERROR] 
[ERROR] For more information about the errors and possible solutions, please read the following articles:
[ERROR] [Help 1] http://cwiki.apache.org/confluence/display/MAVEN/MojoExecutionException
