[INFO] Scanning for projects...
[WARNING] 
[WARNING] Some problems were encountered while building the effective model for com.neusoft:cloud-brain-diagnosis:jar:1.0.0
[WARNING] 'dependencies.dependency.systemPath' for com.kingbase8:kingbase8-jdbc:jar should use a variable instead of a hard-coded path D:\Kingbase\ES\V9\KESRealPro\V009R001C010\Interface\jdbc\kingbase8-9.0.0.jar @ line 85, column 16
[WARNING] 'dependencies.dependency.systemPath' for com.kingbase8:hibernate-dialect:jar should use a variable instead of a hard-coded path D:\Kingbase\ES\V9\KESRealPro\V009R001C010\Interface\hibernate\hibernate-6.2.dialect.jar @ line 94, column 16
[WARNING] 
[WARNING] It is highly recommended to fix these problems because they threaten the stability of your build.
[WARNING] 
[WARNING] For this reason, future Maven versions might no longer support building such malformed projects.
[WARNING] 
[INFO] 
[INFO] -----------------< com.neusoft:cloud-brain-diagnosis >------------------
[INFO] Building cloud-brain-diagnosis 1.0.0
[INFO]   from pom.xml
[INFO] --------------------------------[ jar ]---------------------------------
[INFO] 
[INFO] >>> spring-boot:3.2.5:run (default-cli) > test-compile @ cloud-brain-diagnosis >>>
[INFO] 
[INFO] --- resources:3.3.1:resources (default-resources) @ cloud-brain-diagnosis ---
[INFO] Copying 1 resource from src\main\resources to target\classes
[INFO] Copying 0 resource from src\main\resources to target\classes
[INFO] 
[INFO] --- compiler:3.11.0:compile (default-compile) @ cloud-brain-diagnosis ---
[INFO] Nothing to compile - all classes are up to date
[INFO] 
[INFO] --- resources:3.3.1:testResources (default-testResources) @ cloud-brain-diagnosis ---
[INFO] Not copying test resources
[INFO] 
[INFO] --- compiler:3.11.0:testCompile (default-testCompile) @ cloud-brain-diagnosis ---
[INFO] Not compiling test sources
[INFO] 
[INFO] <<< spring-boot:3.2.5:run (default-cli) < test-compile @ cloud-brain-diagnosis <<<
[INFO] 
[INFO] 
[INFO] --- spring-boot:3.2.5:run (default-cli) @ cloud-brain-diagnosis ---
[INFO] Attaching agents: []

  .   ____          _            __ _ _
 /\\ / ___'_ __ _ _(_)_ __  __ _ \ \ \ \
( ( )\___ | '_ | '_| | '_ \/ _` | \ \ \ \
 \\/  ___)| |_)| | | | | || (_| |  ) ) ) )
  '  |____| .__|_| |_|_| |_\__, | / / / /
 =========|_|==============|___/=/_/_/_/
 :: Spring Boot ::                (v3.2.5)

2026-07-02T15:04:51.263+08:00  INFO 42804 --- [brain-main-svc] [           main] c.n.c.CloudBrainDiagnosisApplication     : Starting CloudBrainDiagnosisApplication using Java 17.0.19 with PID 42804 (C:\Users\gaosi\Desktop\cloud-brain-diagnosis(3)\target\classes started by gaosi in C:\Users\gaosi\Desktop\cloud-brain-diagnosis(3))
2026-07-02T15:04:51.266+08:00 DEBUG 42804 --- [brain-main-svc] [           main] c.n.c.CloudBrainDiagnosisApplication     : Running with Spring Boot v3.2.5, Spring v6.1.6
2026-07-02T15:04:51.267+08:00  INFO 42804 --- [brain-main-svc] [           main] c.n.c.CloudBrainDiagnosisApplication     : No active profile set, falling back to 1 default profile: "default"
2026-07-02T15:04:52.107+08:00  INFO 42804 --- [brain-main-svc] [           main] .s.d.r.c.RepositoryConfigurationDelegate : Bootstrapping Spring Data JPA repositories in DEFAULT mode.
2026-07-02T15:04:52.218+08:00  INFO 42804 --- [brain-main-svc] [           main] .s.d.r.c.RepositoryConfigurationDelegate : Finished Spring Data repository scanning in 103 ms. Found 27 JPA repository interfaces.
2026-07-02T15:04:52.402+08:00  INFO 42804 --- [brain-main-svc] [           main] o.s.cloud.context.scope.GenericScope     : BeanFactory id=aa8ff6f4-0399-35b8-91e8-8f357898533c
2026-07-02T15:04:52.748+08:00  INFO 42804 --- [brain-main-svc] [           main] o.s.b.w.embedded.tomcat.TomcatWebServer  : Tomcat initialized with port 8080 (http)
2026-07-02T15:04:52.761+08:00  INFO 42804 --- [brain-main-svc] [           main] o.apache.catalina.core.StandardService   : Starting service [Tomcat]
2026-07-02T15:04:52.763+08:00  INFO 42804 --- [brain-main-svc] [           main] o.apache.catalina.core.StandardEngine    : Starting Servlet engine: [Apache Tomcat/10.1.20]
2026-07-02T15:04:52.823+08:00  INFO 42804 --- [brain-main-svc] [           main] o.a.c.c.C.[Tomcat].[localhost].[/]       : Initializing Spring embedded WebApplicationContext
2026-07-02T15:04:52.825+08:00  INFO 42804 --- [brain-main-svc] [           main] w.s.c.ServletWebServerApplicationContext : Root WebApplicationContext: initialization completed in 1511 ms
2026-07-02T15:04:52.974+08:00  INFO 42804 --- [brain-main-svc] [           main] o.hibernate.jpa.internal.util.LogHelper  : HHH000204: Processing PersistenceUnitInfo [name: default]
2026-07-02T15:04:53.024+08:00  INFO 42804 --- [brain-main-svc] [           main] org.hibernate.Version                    : HHH000412: Hibernate ORM core version 6.4.4.Final
2026-07-02T15:04:53.054+08:00  INFO 42804 --- [brain-main-svc] [           main] o.h.c.internal.RegionFactoryInitiator    : HHH000026: Second-level cache disabled
2026-07-02T15:04:53.240+08:00  INFO 42804 --- [brain-main-svc] [           main] o.s.o.j.p.SpringPersistenceUnitInfo      : No LoadTimeWeaver setup: ignoring JPA class transformer
2026-07-02T15:04:53.262+08:00  INFO 42804 --- [brain-main-svc] [           main] com.zaxxer.hikari.HikariDataSource       : HikariPool-1 - Starting...
2026-07-02T15:04:57.570+08:00  INFO 42804 --- [brain-main-svc] [           main] com.zaxxer.hikari.pool.HikariPool        : HikariPool-1 - Added connection com.kingbase8.jdbc.KbConnection@7283877
2026-07-02T15:04:57.574+08:00  INFO 42804 --- [brain-main-svc] [           main] com.zaxxer.hikari.HikariDataSource       : HikariPool-1 - Start completed.
2026-07-02T15:04:57.643+08:00  WARN 42804 --- [brain-main-svc] [           main] org.hibernate.orm.deprecation            : HHH90000025: Kingbase8MysqlDialect does not need to be specified explicitly using 'hibernate.dialect' (remove the property setting and it will be selected by default)
2026-07-02T15:04:59.072+08:00  INFO 42804 --- [brain-main-svc] [           main] o.h.e.t.j.p.i.JtaPlatformInitiator       : HHH000489: No JTA platform available (set 'hibernate.transaction.jta.platform' to enable JTA platform integration)
2026-07-02T15:04:59.164+08:00  INFO 42804 --- [brain-main-svc] [           main] j.LocalContainerEntityManagerFactoryBean : Initialized JPA EntityManagerFactory for persistence unit 'default'
2026-07-02T15:04:59.616+08:00  INFO 42804 --- [brain-main-svc] [           main] o.s.d.j.r.query.QueryEnhancerFactory     : Hibernate is in classpath; If applicable, HQL parser will be used.
2026-07-02T15:05:00.410+08:00  WARN 42804 --- [brain-main-svc] [           main] JpaBaseConfiguration$JpaWebConfiguration : spring.jpa.open-in-view is enabled by default. Therefore, database queries may be performed during view rendering. Explicitly configure spring.jpa.open-in-view to disable this warning
2026-07-02T15:05:01.931+08:00  INFO 42804 --- [brain-main-svc] [           main] o.s.b.w.embedded.tomcat.TomcatWebServer  : Tomcat started on port 8080 (http) with context path ''
2026-07-02T15:05:02.014+08:00  INFO 42804 --- [brain-main-svc] [           main] c.n.c.CloudBrainDiagnosisApplication     : Started CloudBrainDiagnosisApplication in 11.291 seconds (process running for 11.553)
2026-07-02T15:05:02.118+08:00 DEBUG 42804 --- [brain-main-svc] [           main] org.hibernate.SQL                        : 
    select
        d1_0.id,
        d1_0.create_time,
        d1_0.description,
        d1_0.name,
        d1_0.sort,
        d1_0.update_time 
    from
        department d1_0
Hibernate: 
    select
        d1_0.id,
        d1_0.create_time,
        d1_0.description,
        d1_0.name,
        d1_0.sort,
        d1_0.update_time 
    from
        department d1_0
2026-07-02T15:05:02.202+08:00 DEBUG 42804 --- [brain-main-svc] [           main] org.hibernate.SQL                        : 
    select
        d1_0.id,
        d1_0.avatar,
        d1_0.create_time,
        d1_0.department_id,
        d1_0.department_name,
        d1_0.introduction,
        d1_0.name,
        d1_0.password,
        d1_0.phone,
        d1_0.specialty,
        d1_0.title,
        d1_0.update_time,
        d1_0.username 
    from
        doctor d1_0 
    where
        d1_0.username=?
Hibernate: 
    select
        d1_0.id,
        d1_0.avatar,
        d1_0.create_time,
        d1_0.department_id,
        d1_0.department_name,
        d1_0.introduction,
        d1_0.name,
        d1_0.password,
        d1_0.phone,
        d1_0.specialty,
        d1_0.title,
        d1_0.update_time,
        d1_0.username 
    from
        doctor d1_0 
    where
        d1_0.username=?
2026-07-02T15:05:02.225+08:00 DEBUG 42804 --- [brain-main-svc] [           main] org.hibernate.SQL                        : 
    select
        d1_0.id,
        d1_0.avatar,
        d1_0.create_time,
        d1_0.department_id,
        d1_0.department_name,
        d1_0.introduction,
        d1_0.name,
        d1_0.password,
        d1_0.phone,
        d1_0.specialty,
        d1_0.title,
        d1_0.update_time,
        d1_0.username 
    from
        doctor d1_0 
    where
        d1_0.id=?
Hibernate: 
    select
        d1_0.id,
        d1_0.avatar,
        d1_0.create_time,
        d1_0.department_id,
        d1_0.department_name,
        d1_0.introduction,
        d1_0.name,
        d1_0.password,
        d1_0.phone,
        d1_0.specialty,
        d1_0.title,
        d1_0.update_time,
        d1_0.username 
    from
        doctor d1_0 
    where
        d1_0.id=?
2026-07-02T15:05:02.243+08:00 DEBUG 42804 --- [brain-main-svc] [           main] org.hibernate.SQL                        : 
    select
        d1_0.id,
        d1_0.avatar,
        d1_0.create_time,
        d1_0.department_id,
        d1_0.department_name,
        d1_0.introduction,
        d1_0.name,
        d1_0.password,
        d1_0.phone,
        d1_0.specialty,
        d1_0.title,
        d1_0.update_time,
        d1_0.username 
    from
        doctor d1_0 
    where
        d1_0.username=?
Hibernate: 
    select
        d1_0.id,
        d1_0.avatar,
        d1_0.create_time,
        d1_0.department_id,
        d1_0.department_name,
        d1_0.introduction,
        d1_0.name,
        d1_0.password,
        d1_0.phone,
        d1_0.specialty,
        d1_0.title,
        d1_0.update_time,
        d1_0.username 
    from
        doctor d1_0 
    where
        d1_0.username=?
2026-07-02T15:05:02.250+08:00 DEBUG 42804 --- [brain-main-svc] [           main] org.hibernate.SQL                        : 
    select
        d1_0.id,
        d1_0.avatar,
        d1_0.create_time,
        d1_0.department_id,
        d1_0.department_name,
        d1_0.introduction,
        d1_0.name,
        d1_0.password,
        d1_0.phone,
        d1_0.specialty,
        d1_0.title,
        d1_0.update_time,
        d1_0.username 
    from
        doctor d1_0 
    where
        d1_0.id=?
Hibernate: 
    select
        d1_0.id,
        d1_0.avatar,
        d1_0.create_time,
        d1_0.department_id,
        d1_0.department_name,
        d1_0.introduction,
        d1_0.name,
        d1_0.password,
        d1_0.phone,
        d1_0.specialty,
        d1_0.title,
        d1_0.update_time,
        d1_0.username 
    from
        doctor d1_0 
    where
        d1_0.id=?
2026-07-02T15:05:02.257+08:00 DEBUG 42804 --- [brain-main-svc] [           main] org.hibernate.SQL                        : 
    select
        d1_0.id,
        d1_0.avatar,
        d1_0.create_time,
        d1_0.department_id,
        d1_0.department_name,
        d1_0.introduction,
        d1_0.name,
        d1_0.password,
        d1_0.phone,
        d1_0.specialty,
        d1_0.title,
        d1_0.update_time,
        d1_0.username 
    from
        doctor d1_0 
    where
        d1_0.username=?
Hibernate: 
    select
        d1_0.id,
        d1_0.avatar,
        d1_0.create_time,
        d1_0.department_id,
        d1_0.department_name,
        d1_0.introduction,
        d1_0.name,
        d1_0.password,
        d1_0.phone,
        d1_0.specialty,
        d1_0.title,
        d1_0.update_time,
        d1_0.username 
    from
        doctor d1_0 
    where
        d1_0.username=?
2026-07-02T15:05:02.262+08:00 DEBUG 42804 --- [brain-main-svc] [           main] org.hibernate.SQL                        : 
    select
        d1_0.id,
        d1_0.avatar,
        d1_0.create_time,
        d1_0.department_id,
        d1_0.department_name,
        d1_0.introduction,
        d1_0.name,
        d1_0.password,
        d1_0.phone,
        d1_0.specialty,
        d1_0.title,
        d1_0.update_time,
        d1_0.username 
    from
        doctor d1_0 
    where
        d1_0.id=?
Hibernate: 
    select
        d1_0.id,
        d1_0.avatar,
        d1_0.create_time,
        d1_0.department_id,
        d1_0.department_name,
        d1_0.introduction,
        d1_0.name,
        d1_0.password,
        d1_0.phone,
        d1_0.specialty,
        d1_0.title,
        d1_0.update_time,
        d1_0.username 
    from
        doctor d1_0 
    where
        d1_0.id=?
2026-07-02T15:05:02.267+08:00 DEBUG 42804 --- [brain-main-svc] [           main] org.hibernate.SQL                        : 
    select
        d1_0.id,
        d1_0.avatar,
        d1_0.create_time,
        d1_0.department_id,
        d1_0.department_name,
        d1_0.introduction,
        d1_0.name,
        d1_0.password,
        d1_0.phone,
        d1_0.specialty,
        d1_0.title,
        d1_0.update_time,
        d1_0.username 
    from
        doctor d1_0 
    where
        d1_0.username=?
Hibernate: 
    select
        d1_0.id,
        d1_0.avatar,
        d1_0.create_time,
        d1_0.department_id,
        d1_0.department_name,
        d1_0.introduction,
        d1_0.name,
        d1_0.password,
        d1_0.phone,
        d1_0.specialty,
        d1_0.title,
        d1_0.update_time,
        d1_0.username 
    from
        doctor d1_0 
    where
        d1_0.username=?
2026-07-02T15:05:02.273+08:00 DEBUG 42804 --- [brain-main-svc] [           main] org.hibernate.SQL                        : 
    select
        d1_0.id,
        d1_0.avatar,
        d1_0.create_time,
        d1_0.department_id,
        d1_0.department_name,
        d1_0.introduction,
        d1_0.name,
        d1_0.password,
        d1_0.phone,
        d1_0.specialty,
        d1_0.title,
        d1_0.update_time,
        d1_0.username 
    from
        doctor d1_0 
    where
        d1_0.id=?
Hibernate: 
    select
        d1_0.id,
        d1_0.avatar,
        d1_0.create_time,
        d1_0.department_id,
        d1_0.department_name,
        d1_0.introduction,
        d1_0.name,
        d1_0.password,
        d1_0.phone,
        d1_0.specialty,
        d1_0.title,
        d1_0.update_time,
        d1_0.username 
    from
        doctor d1_0 
    where
        d1_0.id=?
2026-07-02T15:05:02.279+08:00 DEBUG 42804 --- [brain-main-svc] [           main] org.hibernate.SQL                        : 
    select
        d1_0.id,
        d1_0.avatar,
        d1_0.create_time,
        d1_0.department_id,
        d1_0.department_name,
        d1_0.introduction,
        d1_0.name,
        d1_0.password,
        d1_0.phone,
        d1_0.specialty,
        d1_0.title,
        d1_0.update_time,
        d1_0.username 
    from
        doctor d1_0 
    where
        d1_0.username=?
Hibernate: 
    select
        d1_0.id,
        d1_0.avatar,
        d1_0.create_time,
        d1_0.department_id,
        d1_0.department_name,
        d1_0.introduction,
        d1_0.name,
        d1_0.password,
        d1_0.phone,
        d1_0.specialty,
        d1_0.title,
        d1_0.update_time,
        d1_0.username 
    from
        doctor d1_0 
    where
        d1_0.username=?
2026-07-02T15:05:02.285+08:00 DEBUG 42804 --- [brain-main-svc] [           main] org.hibernate.SQL                        : 
    select
        d1_0.id,
        d1_0.avatar,
        d1_0.create_time,
        d1_0.department_id,
        d1_0.department_name,
        d1_0.introduction,
        d1_0.name,
        d1_0.password,
        d1_0.phone,
        d1_0.specialty,
        d1_0.title,
        d1_0.update_time,
        d1_0.username 
    from
        doctor d1_0 
    where
        d1_0.id=?
Hibernate: 
    select
        d1_0.id,
        d1_0.avatar,
        d1_0.create_time,
        d1_0.department_id,
        d1_0.department_name,
        d1_0.introduction,
        d1_0.name,
        d1_0.password,
        d1_0.phone,
        d1_0.specialty,
        d1_0.title,
        d1_0.update_time,
        d1_0.username 
    from
        doctor d1_0 
    where
        d1_0.id=?
2026-07-02T15:05:02.292+08:00 DEBUG 42804 --- [brain-main-svc] [           main] org.hibernate.SQL                        : 
    select
        d1_0.id,
        d1_0.avatar,
        d1_0.create_time,
        d1_0.department_id,
        d1_0.department_name,
        d1_0.introduction,
        d1_0.name,
        d1_0.password,
        d1_0.phone,
        d1_0.specialty,
        d1_0.title,
        d1_0.update_time,
        d1_0.username 
    from
        doctor d1_0 
    where
        d1_0.username=?
Hibernate: 
    select
        d1_0.id,
        d1_0.avatar,
        d1_0.create_time,
        d1_0.department_id,
        d1_0.department_name,
        d1_0.introduction,
        d1_0.name,
        d1_0.password,
        d1_0.phone,
        d1_0.specialty,
        d1_0.title,
        d1_0.update_time,
        d1_0.username 
    from
        doctor d1_0 
    where
        d1_0.username=?
2026-07-02T15:05:02.297+08:00 DEBUG 42804 --- [brain-main-svc] [           main] org.hibernate.SQL                        : 
    select
        d1_0.id,
        d1_0.avatar,
        d1_0.create_time,
        d1_0.department_id,
        d1_0.department_name,
        d1_0.introduction,
        d1_0.name,
        d1_0.password,
        d1_0.phone,
        d1_0.specialty,
        d1_0.title,
        d1_0.update_time,
        d1_0.username 
    from
        doctor d1_0 
    where
        d1_0.id=?
Hibernate: 
    select
        d1_0.id,
        d1_0.avatar,
        d1_0.create_time,
        d1_0.department_id,
        d1_0.department_name,
        d1_0.introduction,
        d1_0.name,
        d1_0.password,
        d1_0.phone,
        d1_0.specialty,
        d1_0.title,
        d1_0.update_time,
        d1_0.username 
    from
        doctor d1_0 
    where
        d1_0.id=?
2026-07-02T15:05:02.304+08:00 DEBUG 42804 --- [brain-main-svc] [           main] org.hibernate.SQL                        : 
    select
        d1_0.id,
        d1_0.avatar,
        d1_0.create_time,
        d1_0.department_id,
        d1_0.department_name,
        d1_0.introduction,
        d1_0.name,
        d1_0.password,
        d1_0.phone,
        d1_0.specialty,
        d1_0.title,
        d1_0.update_time,
        d1_0.username 
    from
        doctor d1_0 
    where
        d1_0.username=?
Hibernate: 
    select
        d1_0.id,
        d1_0.avatar,
        d1_0.create_time,
        d1_0.department_id,
        d1_0.department_name,
        d1_0.introduction,
        d1_0.name,
        d1_0.password,
        d1_0.phone,
        d1_0.specialty,
        d1_0.title,
        d1_0.update_time,
        d1_0.username 
    from
        doctor d1_0 
    where
        d1_0.username=?
2026-07-02T15:05:02.308+08:00 DEBUG 42804 --- [brain-main-svc] [           main] org.hibernate.SQL                        : 
    select
        d1_0.id,
        d1_0.avatar,
        d1_0.create_time,
        d1_0.department_id,
        d1_0.department_name,
        d1_0.introduction,
        d1_0.name,
        d1_0.password,
        d1_0.phone,
        d1_0.specialty,
        d1_0.title,
        d1_0.update_time,
        d1_0.username 
    from
        doctor d1_0 
    where
        d1_0.id=?
Hibernate: 
    select
        d1_0.id,
        d1_0.avatar,
        d1_0.create_time,
        d1_0.department_id,
        d1_0.department_name,
        d1_0.introduction,
        d1_0.name,
        d1_0.password,
        d1_0.phone,
        d1_0.specialty,
        d1_0.title,
        d1_0.update_time,
        d1_0.username 
    from
        doctor d1_0 
    where
        d1_0.id=?
2026-07-02T15:05:02.314+08:00 DEBUG 42804 --- [brain-main-svc] [           main] org.hibernate.SQL                        : 
    select
        d1_0.id,
        d1_0.avatar,
        d1_0.create_time,
        d1_0.department_id,
        d1_0.department_name,
        d1_0.introduction,
        d1_0.name,
        d1_0.password,
        d1_0.phone,
        d1_0.specialty,
        d1_0.title,
        d1_0.update_time,
        d1_0.username 
    from
        doctor d1_0 
    where
        d1_0.username=?
Hibernate: 
    select
        d1_0.id,
        d1_0.avatar,
        d1_0.create_time,
        d1_0.department_id,
        d1_0.department_name,
        d1_0.introduction,
        d1_0.name,
        d1_0.password,
        d1_0.phone,
        d1_0.specialty,
        d1_0.title,
        d1_0.update_time,
        d1_0.username 
    from
        doctor d1_0 
    where
        d1_0.username=?
2026-07-02T15:05:02.319+08:00 DEBUG 42804 --- [brain-main-svc] [           main] org.hibernate.SQL                        : 
    select
        d1_0.id,
        d1_0.avatar,
        d1_0.create_time,
        d1_0.department_id,
        d1_0.department_name,
        d1_0.introduction,
        d1_0.name,
        d1_0.password,
        d1_0.phone,
        d1_0.specialty,
        d1_0.title,
        d1_0.update_time,
        d1_0.username 
    from
        doctor d1_0 
    where
        d1_0.id=?
Hibernate: 
    select
        d1_0.id,
        d1_0.avatar,
        d1_0.create_time,
        d1_0.department_id,
        d1_0.department_name,
        d1_0.introduction,
        d1_0.name,
        d1_0.password,
        d1_0.phone,
        d1_0.specialty,
        d1_0.title,
        d1_0.update_time,
        d1_0.username 
    from
        doctor d1_0 
    where
        d1_0.id=?
2026-07-02T15:05:02.326+08:00 DEBUG 42804 --- [brain-main-svc] [           main] org.hibernate.SQL                        : 
    select
        p1_0.id,
        p1_0.address,
        p1_0.age,
        p1_0.allergy_history,
        p1_0.avatar,
        p1_0.create_time,
        p1_0.gender,
        p1_0.id_card,
        p1_0.login_account,
        p1_0.name,
        p1_0.openid,
        p1_0.password_hash,
        p1_0.phone,
        p1_0.update_time 
    from
        patient p1_0 
    where
        p1_0.openid=?
Hibernate: 
    select
        p1_0.id,
        p1_0.address,
        p1_0.age,
        p1_0.allergy_history,
        p1_0.avatar,
        p1_0.create_time,
        p1_0.gender,
        p1_0.id_card,
        p1_0.login_account,
        p1_0.name,
        p1_0.openid,
        p1_0.password_hash,
        p1_0.phone,
        p1_0.update_time 
    from
        patient p1_0 
    where
        p1_0.openid=?
2026-07-02T15:05:02.334+08:00 DEBUG 42804 --- [brain-main-svc] [           main] org.hibernate.SQL                        : 
    select
        p1_0.id,
        p1_0.address,
        p1_0.age,
        p1_0.allergy_history,
        p1_0.avatar,
        p1_0.create_time,
        p1_0.gender,
        p1_0.id_card,
        p1_0.login_account,
        p1_0.name,
        p1_0.openid,
        p1_0.password_hash,
        p1_0.phone,
        p1_0.update_time 
    from
        patient p1_0 
    where
        p1_0.login_account=?
Hibernate: 
    select
        p1_0.id,
        p1_0.address,
        p1_0.age,
        p1_0.allergy_history,
        p1_0.avatar,
        p1_0.create_time,
        p1_0.gender,
        p1_0.id_card,
        p1_0.login_account,
        p1_0.name,
        p1_0.openid,
        p1_0.password_hash,
        p1_0.phone,
        p1_0.update_time 
    from
        patient p1_0 
    where
        p1_0.login_account=?
2026-07-02T15:05:02.340+08:00 DEBUG 42804 --- [brain-main-svc] [           main] org.hibernate.SQL                        : 
    select
        p1_0.id,
        p1_0.address,
        p1_0.age,
        p1_0.allergy_history,
        p1_0.avatar,
        p1_0.create_time,
        p1_0.gender,
        p1_0.id_card,
        p1_0.login_account,
        p1_0.name,
        p1_0.openid,
        p1_0.password_hash,
        p1_0.phone,
        p1_0.update_time 
    from
        patient p1_0 
    where
        p1_0.id=?
Hibernate: 
    select
        p1_0.id,
        p1_0.address,
        p1_0.age,
        p1_0.allergy_history,
        p1_0.avatar,
        p1_0.create_time,
        p1_0.gender,
        p1_0.id_card,
        p1_0.login_account,
        p1_0.name,
        p1_0.openid,
        p1_0.password_hash,
        p1_0.phone,
        p1_0.update_time 
    from
        patient p1_0 
    where
        p1_0.id=?
2026-07-02T15:05:02.365+08:00 DEBUG 42804 --- [brain-main-svc] [           main] org.hibernate.SQL                        : 
    update
        patient 
    set
        address=?,
        age=?,
        allergy_history=?,
        avatar=?,
        gender=?,
        id_card=?,
        login_account=?,
        name=?,
        openid=?,
        password_hash=?,
        phone=?,
        update_time=? 
    where
        id=?
Hibernate: 
    update
        patient 
    set
        address=?,
        age=?,
        allergy_history=?,
        avatar=?,
        gender=?,
        id_card=?,
        login_account=?,
        name=?,
        openid=?,
        password_hash=?,
        phone=?,
        update_time=? 
    where
        id=?
2026-07-02T15:05:02.387+08:00 DEBUG 42804 --- [brain-main-svc] [           main] org.hibernate.SQL                        : 
    select
        p1_0.id,
        p1_0.address,
        p1_0.age,
        p1_0.allergy_history,
        p1_0.avatar,
        p1_0.create_time,
        p1_0.gender,
        p1_0.id_card,
        p1_0.login_account,
        p1_0.name,
        p1_0.openid,
        p1_0.password_hash,
        p1_0.phone,
        p1_0.update_time 
    from
        patient p1_0 
    where
        p1_0.openid=?
Hibernate: 
    select
        p1_0.id,
        p1_0.address,
        p1_0.age,
        p1_0.allergy_history,
        p1_0.avatar,
        p1_0.create_time,
        p1_0.gender,
        p1_0.id_card,
        p1_0.login_account,
        p1_0.name,
        p1_0.openid,
        p1_0.password_hash,
        p1_0.phone,
        p1_0.update_time 
    from
        patient p1_0 
    where
        p1_0.openid=?
2026-07-02T15:05:02.391+08:00 DEBUG 42804 --- [brain-main-svc] [           main] org.hibernate.SQL                        : 
    select
        p1_0.id,
        p1_0.address,
        p1_0.age,
        p1_0.allergy_history,
        p1_0.avatar,
        p1_0.create_time,
        p1_0.gender,
        p1_0.id_card,
        p1_0.login_account,
        p1_0.name,
        p1_0.openid,
        p1_0.password_hash,
        p1_0.phone,
        p1_0.update_time 
    from
        patient p1_0 
    where
        p1_0.login_account=?
Hibernate: 
    select
        p1_0.id,
        p1_0.address,
        p1_0.age,
        p1_0.allergy_history,
        p1_0.avatar,
        p1_0.create_time,
        p1_0.gender,
        p1_0.id_card,
        p1_0.login_account,
        p1_0.name,
        p1_0.openid,
        p1_0.password_hash,
        p1_0.phone,
        p1_0.update_time 
    from
        patient p1_0 
    where
        p1_0.login_account=?
2026-07-02T15:05:02.396+08:00 DEBUG 42804 --- [brain-main-svc] [           main] org.hibernate.SQL                        : 
    select
        p1_0.id,
        p1_0.address,
        p1_0.age,
        p1_0.allergy_history,
        p1_0.avatar,
        p1_0.create_time,
        p1_0.gender,
        p1_0.id_card,
        p1_0.login_account,
        p1_0.name,
        p1_0.openid,
        p1_0.password_hash,
        p1_0.phone,
        p1_0.update_time 
    from
        patient p1_0 
    where
        p1_0.id=?
Hibernate: 
    select
        p1_0.id,
        p1_0.address,
        p1_0.age,
        p1_0.allergy_history,
        p1_0.avatar,
        p1_0.create_time,
        p1_0.gender,
        p1_0.id_card,
        p1_0.login_account,
        p1_0.name,
        p1_0.openid,
        p1_0.password_hash,
        p1_0.phone,
        p1_0.update_time 
    from
        patient p1_0 
    where
        p1_0.id=?
2026-07-02T15:05:02.401+08:00 DEBUG 42804 --- [brain-main-svc] [           main] org.hibernate.SQL                        : 
    update
        patient 
    set
        address=?,
        age=?,
        allergy_history=?,
        avatar=?,
        gender=?,
        id_card=?,
        login_account=?,
        name=?,
        openid=?,
        password_hash=?,
        phone=?,
        update_time=? 
    where
        id=?
Hibernate: 
    update
        patient 
    set
        address=?,
        age=?,
        allergy_history=?,
        avatar=?,
        gender=?,
        id_card=?,
        login_account=?,
        name=?,
        openid=?,
        password_hash=?,
        phone=?,
        update_time=? 
    where
        id=?
2026-07-02T15:05:02.407+08:00 DEBUG 42804 --- [brain-main-svc] [           main] org.hibernate.SQL                        : 
    select
        p1_0.id,
        p1_0.address,
        p1_0.age,
        p1_0.allergy_history,
        p1_0.avatar,
        p1_0.create_time,
        p1_0.gender,
        p1_0.id_card,
        p1_0.login_account,
        p1_0.name,
        p1_0.openid,
        p1_0.password_hash,
        p1_0.phone,
        p1_0.update_time 
    from
        patient p1_0 
    where
        p1_0.openid=?
Hibernate: 
    select
        p1_0.id,
        p1_0.address,
        p1_0.age,
        p1_0.allergy_history,
        p1_0.avatar,
        p1_0.create_time,
        p1_0.gender,
        p1_0.id_card,
        p1_0.login_account,
        p1_0.name,
        p1_0.openid,
        p1_0.password_hash,
        p1_0.phone,
        p1_0.update_time 
    from
        patient p1_0 
    where
        p1_0.openid=?
2026-07-02T15:05:02.412+08:00 DEBUG 42804 --- [brain-main-svc] [           main] org.hibernate.SQL                        : 
    select
        p1_0.id,
        p1_0.address,
        p1_0.age,
        p1_0.allergy_history,
        p1_0.avatar,
        p1_0.create_time,
        p1_0.gender,
        p1_0.id_card,
        p1_0.login_account,
        p1_0.name,
        p1_0.openid,
        p1_0.password_hash,
        p1_0.phone,
        p1_0.update_time 
    from
        patient p1_0 
    where
        p1_0.login_account=?
Hibernate: 
    select
        p1_0.id,
        p1_0.address,
        p1_0.age,
        p1_0.allergy_history,
        p1_0.avatar,
        p1_0.create_time,
        p1_0.gender,
        p1_0.id_card,
        p1_0.login_account,
        p1_0.name,
        p1_0.openid,
        p1_0.password_hash,
        p1_0.phone,
        p1_0.update_time 
    from
        patient p1_0 
    where
        p1_0.login_account=?
2026-07-02T15:05:02.417+08:00 DEBUG 42804 --- [brain-main-svc] [           main] org.hibernate.SQL                        : 
    select
        p1_0.id,
        p1_0.address,
        p1_0.age,
        p1_0.allergy_history,
        p1_0.avatar,
        p1_0.create_time,
        p1_0.gender,
        p1_0.id_card,
        p1_0.login_account,
        p1_0.name,
        p1_0.openid,
        p1_0.password_hash,
        p1_0.phone,
        p1_0.update_time 
    from
        patient p1_0 
    where
        p1_0.id=?
Hibernate: 
    select
        p1_0.id,
        p1_0.address,
        p1_0.age,
        p1_0.allergy_history,
        p1_0.avatar,
        p1_0.create_time,
        p1_0.gender,
        p1_0.id_card,
        p1_0.login_account,
        p1_0.name,
        p1_0.openid,
        p1_0.password_hash,
        p1_0.phone,
        p1_0.update_time 
    from
        patient p1_0 
    where
        p1_0.id=?
2026-07-02T15:05:02.422+08:00 DEBUG 42804 --- [brain-main-svc] [           main] org.hibernate.SQL                        : 
    update
        patient 
    set
        address=?,
        age=?,
        allergy_history=?,
        avatar=?,
        gender=?,
        id_card=?,
        login_account=?,
        name=?,
        openid=?,
        password_hash=?,
        phone=?,
        update_time=? 
    where
        id=?
Hibernate: 
    update
        patient 
    set
        address=?,
        age=?,
        allergy_history=?,
        avatar=?,
        gender=?,
        id_card=?,
        login_account=?,
        name=?,
        openid=?,
        password_hash=?,
        phone=?,
        update_time=? 
    where
        id=?
2026-07-02T15:05:02.427+08:00 DEBUG 42804 --- [brain-main-svc] [           main] org.hibernate.SQL                        : 
    select
        p1_0.id,
        p1_0.address,
        p1_0.age,
        p1_0.allergy_history,
        p1_0.avatar,
        p1_0.create_time,
        p1_0.gender,
        p1_0.id_card,
        p1_0.login_account,
        p1_0.name,
        p1_0.openid,
        p1_0.password_hash,
        p1_0.phone,
        p1_0.update_time 
    from
        patient p1_0 
    where
        p1_0.openid=?
Hibernate: 
    select
        p1_0.id,
        p1_0.address,
        p1_0.age,
        p1_0.allergy_history,
        p1_0.avatar,
        p1_0.create_time,
        p1_0.gender,
        p1_0.id_card,
        p1_0.login_account,
        p1_0.name,
        p1_0.openid,
        p1_0.password_hash,
        p1_0.phone,
        p1_0.update_time 
    from
        patient p1_0 
    where
        p1_0.openid=?
2026-07-02T15:05:02.432+08:00 DEBUG 42804 --- [brain-main-svc] [           main] org.hibernate.SQL                        : 
    select
        p1_0.id,
        p1_0.address,
        p1_0.age,
        p1_0.allergy_history,
        p1_0.avatar,
        p1_0.create_time,
        p1_0.gender,
        p1_0.id_card,
        p1_0.login_account,
        p1_0.name,
        p1_0.openid,
        p1_0.password_hash,
        p1_0.phone,
        p1_0.update_time 
    from
        patient p1_0 
    where
        p1_0.login_account=?
Hibernate: 
    select
        p1_0.id,
        p1_0.address,
        p1_0.age,
        p1_0.allergy_history,
        p1_0.avatar,
        p1_0.create_time,
        p1_0.gender,
        p1_0.id_card,
        p1_0.login_account,
        p1_0.name,
        p1_0.openid,
        p1_0.password_hash,
        p1_0.phone,
        p1_0.update_time 
    from
        patient p1_0 
    where
        p1_0.login_account=?
2026-07-02T15:05:02.438+08:00 DEBUG 42804 --- [brain-main-svc] [           main] org.hibernate.SQL                        : 
    select
        p1_0.id,
        p1_0.address,
        p1_0.age,
        p1_0.allergy_history,
        p1_0.avatar,
        p1_0.create_time,
        p1_0.gender,
        p1_0.id_card,
        p1_0.login_account,
        p1_0.name,
        p1_0.openid,
        p1_0.password_hash,
        p1_0.phone,
        p1_0.update_time 
    from
        patient p1_0 
    where
        p1_0.id=?
Hibernate: 
    select
        p1_0.id,
        p1_0.address,
        p1_0.age,
        p1_0.allergy_history,
        p1_0.avatar,
        p1_0.create_time,
        p1_0.gender,
        p1_0.id_card,
        p1_0.login_account,
        p1_0.name,
        p1_0.openid,
        p1_0.password_hash,
        p1_0.phone,
        p1_0.update_time 
    from
        patient p1_0 
    where
        p1_0.id=?
2026-07-02T15:05:02.442+08:00 DEBUG 42804 --- [brain-main-svc] [           main] org.hibernate.SQL                        : 
    update
        patient 
    set
        address=?,
        age=?,
        allergy_history=?,
        avatar=?,
        gender=?,
        id_card=?,
        login_account=?,
        name=?,
        openid=?,
        password_hash=?,
        phone=?,
        update_time=? 
    where
        id=?
Hibernate: 
    update
        patient 
    set
        address=?,
        age=?,
        allergy_history=?,
        avatar=?,
        gender=?,
        id_card=?,
        login_account=?,
        name=?,
        openid=?,
        password_hash=?,
        phone=?,
        update_time=? 
    where
        id=?
2026-07-02T15:05:02.457+08:00 DEBUG 42804 --- [brain-main-svc] [           main] org.hibernate.SQL                        : 
    select
        count(*) 
    from
        medicine m1_0
Hibernate: 
    select
        count(*) 
    from
        medicine m1_0
2026-07-02T15:05:02.464+08:00 DEBUG 42804 --- [brain-main-svc] [           main] org.hibernate.SQL                        : 
    select
        m1_0.id,
        m1_0.category_id,
        m1_0.category_name,
        m1_0.create_time,
        m1_0.description,
        m1_0.manufacturer,
        m1_0.name,
        m1_0.price,
        m1_0.specification,
        m1_0.stock,
        m1_0.unit 
    from
        medicine m1_0
Hibernate: 
    select
        m1_0.id,
        m1_0.category_id,
        m1_0.category_name,
        m1_0.create_time,
        m1_0.description,
        m1_0.manufacturer,
        m1_0.name,
        m1_0.price,
        m1_0.specification,
        m1_0.stock,
        m1_0.unit 
    from
        medicine m1_0
2026-07-02T15:05:02.474+08:00 DEBUG 42804 --- [brain-main-svc] [           main] org.hibernate.SQL                        : 
    select
        count(*) 
    from
        examination_item ei1_0
Hibernate: 
    select
        count(*) 
    from
        examination_item ei1_0
2026-07-02T15:05:02.478+08:00 DEBUG 42804 --- [brain-main-svc] [           main] org.hibernate.SQL                        : 
    select
        count(*) 
    from
        registration r1_0
Hibernate: 
    select
        count(*) 
    from
        registration r1_0
2026-07-02T15:05:02.483+08:00 DEBUG 42804 --- [brain-main-svc] [           main] org.hibernate.SQL                        : 
    select
        r1_0.id,
        r1_0.create_time,
        r1_0.department_id,
        r1_0.department_name,
        r1_0.doctor_id,
        r1_0.doctor_name,
        r1_0.patient_id,
        r1_0.patient_name,
        r1_0.registration_date,
        r1_0.status,
        r1_0.time_slot,
        r1_0.update_time 
    from
        registration r1_0
Hibernate: 
    select
        r1_0.id,
        r1_0.create_time,
        r1_0.department_id,
        r1_0.department_name,
        r1_0.doctor_id,
        r1_0.doctor_name,
        r1_0.patient_id,
        r1_0.patient_name,
        r1_0.registration_date,
        r1_0.status,
        r1_0.time_slot,
        r1_0.update_time 
    from
        registration r1_0
2026-07-02T15:05:02.494+08:00 DEBUG 42804 --- [brain-main-svc] [           main] org.hibernate.SQL                        : 
    select
        count(*) 
    from
        medical_record mr1_0
Hibernate: 
    select
        count(*) 
    from
        medical_record mr1_0
2026-07-02T15:05:02.516+08:00 DEBUG 42804 --- [brain-main-svc] [           main] org.hibernate.SQL                        : 
    select
        count(*) 
    from
        prescription p1_0
Hibernate: 
    select
        count(*) 
    from
        prescription p1_0
============================================
  ÔĆÄÔŐďÁĆĆ˝Ě¨şó¶ËĆô¶ŻłÉą¦Łˇ
  ˝ÓżÚÎÄµµŁşhttp://localhost:8080/doc.html
============================================
2026-07-02T15:05:10.557+08:00  INFO 42804 --- [brain-main-svc] [nio-8080-exec-1] o.a.c.c.C.[Tomcat].[localhost].[/]       : Initializing Spring DispatcherServlet 'dispatcherServlet'
2026-07-02T15:05:10.558+08:00  INFO 42804 --- [brain-main-svc] [nio-8080-exec-1] o.s.web.servlet.DispatcherServlet        : Initializing Servlet 'dispatcherServlet'
2026-07-02T15:05:10.561+08:00  INFO 42804 --- [brain-main-svc] [nio-8080-exec-1] o.s.web.servlet.DispatcherServlet        : Completed initialization in 2 ms
2026-07-02T15:05:10.594+08:00 DEBUG 42804 --- [brain-main-svc] [nio-8080-exec-1] org.hibernate.SQL                        : 
    select
        d1_0.id,
        d1_0.create_time,
        d1_0.description,
        d1_0.name,
        d1_0.sort,
        d1_0.update_time 
    from
        department d1_0 
    order by
        d1_0.sort
Hibernate: 
    select
        d1_0.id,
        d1_0.create_time,
        d1_0.description,
        d1_0.name,
        d1_0.sort,
        d1_0.update_time 
    from
        department d1_0 
    order by
        d1_0.sort
2026-07-02T15:05:52.735+08:00 DEBUG 42804 --- [brain-main-svc] [nio-8080-exec-3] org.hibernate.SQL                        : 
    select
        d1_0.id,
        d1_0.create_time,
        d1_0.description,
        d1_0.name,
        d1_0.sort,
        d1_0.update_time 
    from
        department d1_0 
    order by
        d1_0.sort
Hibernate: 
    select
        d1_0.id,
        d1_0.create_time,
        d1_0.description,
        d1_0.name,
        d1_0.sort,
        d1_0.update_time 
    from
        department d1_0 
    order by
        d1_0.sort
2026-07-02T15:07:33.106+08:00 DEBUG 42804 --- [brain-main-svc] [nio-8080-exec-5] org.hibernate.SQL                        : 
    select
        d1_0.id,
        d1_0.create_time,
        d1_0.description,
        d1_0.name,
        d1_0.sort,
        d1_0.update_time 
    from
        department d1_0 
    order by
        d1_0.sort
Hibernate: 
    select
        d1_0.id,
        d1_0.create_time,
        d1_0.description,
        d1_0.name,
        d1_0.sort,
        d1_0.update_time 
    from
        department d1_0 
    order by
        d1_0.sort
2026-07-02T15:09:19.244+08:00 DEBUG 42804 --- [brain-main-svc] [nio-8080-exec-7] org.hibernate.SQL                        : 
    select
        d1_0.id,
        d1_0.avatar,
        d1_0.create_time,
        d1_0.department_id,
        d1_0.department_name,
        d1_0.introduction,
        d1_0.name,
        d1_0.password,
        d1_0.phone,
        d1_0.specialty,
        d1_0.title,
        d1_0.update_time,
        d1_0.username 
    from
        doctor d1_0 
    where
        d1_0.department_id=?
Hibernate: 
    select
        d1_0.id,
        d1_0.avatar,
        d1_0.create_time,
        d1_0.department_id,
        d1_0.department_name,
        d1_0.introduction,
        d1_0.name,
        d1_0.password,
        d1_0.phone,
        d1_0.specialty,
        d1_0.title,
        d1_0.update_time,
        d1_0.username 
    from
        doctor d1_0 
    where
        d1_0.department_id=?
2026-07-02T15:09:20.269+08:00 ERROR 42804 --- [brain-main-svc] [nio-8080-exec-9] c.n.c.c.e.GlobalExceptionHandler         : ĎµÍłŇěłŁŁş

org.springframework.http.converter.HttpMessageNotReadableException: Required request body is missing: public com.neusoft.cloud_brain_diagnosis.common.result.Result<java.lang.String> com.neusoft.cloud_brain_diagnosis.controller.DoctorController.login(java.util.Map<java.lang.String, java.lang.String>)
	at org.springframework.web.servlet.mvc.method.annotation.RequestResponseBodyMethodProcessor.readWithMessageConverters(RequestResponseBodyMethodProcessor.java:164) ~[spring-webmvc-6.1.6.jar:6.1.6]
	at org.springframework.web.servlet.mvc.method.annotation.RequestResponseBodyMethodProcessor.resolveArgument(RequestResponseBodyMethodProcessor.java:135) ~[spring-webmvc-6.1.6.jar:6.1.6]
	at org.springframework.web.method.support.HandlerMethodArgumentResolverComposite.resolveArgument(HandlerMethodArgumentResolverComposite.java:122) ~[spring-web-6.1.6.jar:6.1.6]
	at org.springframework.web.method.support.InvocableHandlerMethod.getMethodArgumentValues(InvocableHandlerMethod.java:224) ~[spring-web-6.1.6.jar:6.1.6]
	at org.springframework.web.method.support.InvocableHandlerMethod.invokeForRequest(InvocableHandlerMethod.java:178) ~[spring-web-6.1.6.jar:6.1.6]
	at org.springframework.web.servlet.mvc.method.annotation.ServletInvocableHandlerMethod.invokeAndHandle(ServletInvocableHandlerMethod.java:118) ~[spring-webmvc-6.1.6.jar:6.1.6]
	at org.springframework.web.servlet.mvc.method.annotation.RequestMappingHandlerAdapter.invokeHandlerMethod(RequestMappingHandlerAdapter.java:926) ~[spring-webmvc-6.1.6.jar:6.1.6]
	at org.springframework.web.servlet.mvc.method.annotation.RequestMappingHandlerAdapter.handleInternal(RequestMappingHandlerAdapter.java:831) ~[spring-webmvc-6.1.6.jar:6.1.6]
	at org.springframework.web.servlet.mvc.method.AbstractHandlerMethodAdapter.handle(AbstractHandlerMethodAdapter.java:87) ~[spring-webmvc-6.1.6.jar:6.1.6]
	at org.springframework.web.servlet.DispatcherServlet.doDispatch(DispatcherServlet.java:1089) ~[spring-webmvc-6.1.6.jar:6.1.6]
	at org.springframework.web.servlet.DispatcherServlet.doService(DispatcherServlet.java:979) ~[spring-webmvc-6.1.6.jar:6.1.6]
	at org.springframework.web.servlet.FrameworkServlet.processRequest(FrameworkServlet.java:1014) ~[spring-webmvc-6.1.6.jar:6.1.6]
	at org.springframework.web.servlet.FrameworkServlet.doPost(FrameworkServlet.java:914) ~[spring-webmvc-6.1.6.jar:6.1.6]
	at jakarta.servlet.http.HttpServlet.service(HttpServlet.java:590) ~[tomcat-embed-core-10.1.20.jar:6.0]
	at org.springframework.web.servlet.FrameworkServlet.service(FrameworkServlet.java:885) ~[spring-webmvc-6.1.6.jar:6.1.6]
	at jakarta.servlet.http.HttpServlet.service(HttpServlet.java:658) ~[tomcat-embed-core-10.1.20.jar:6.0]
	at org.apache.catalina.core.ApplicationFilterChain.internalDoFilter(ApplicationFilterChain.java:206) ~[tomcat-embed-core-10.1.20.jar:10.1.20]
	at org.apache.catalina.core.ApplicationFilterChain.doFilter(ApplicationFilterChain.java:150) ~[tomcat-embed-core-10.1.20.jar:10.1.20]
	at org.apache.tomcat.websocket.server.WsFilter.doFilter(WsFilter.java:51) ~[tomcat-embed-websocket-10.1.20.jar:10.1.20]
	at org.apache.catalina.core.ApplicationFilterChain.internalDoFilter(ApplicationFilterChain.java:175) ~[tomcat-embed-core-10.1.20.jar:10.1.20]
	at org.apache.catalina.core.ApplicationFilterChain.doFilter(ApplicationFilterChain.java:150) ~[tomcat-embed-core-10.1.20.jar:10.1.20]
	at org.springframework.web.filter.RequestContextFilter.doFilterInternal(RequestContextFilter.java:100) ~[spring-web-6.1.6.jar:6.1.6]
	at org.springframework.web.filter.OncePerRequestFilter.doFilter(OncePerRequestFilter.java:116) ~[spring-web-6.1.6.jar:6.1.6]
	at org.apache.catalina.core.ApplicationFilterChain.internalDoFilter(ApplicationFilterChain.java:175) ~[tomcat-embed-core-10.1.20.jar:10.1.20]
	at org.apache.catalina.core.ApplicationFilterChain.doFilter(ApplicationFilterChain.java:150) ~[tomcat-embed-core-10.1.20.jar:10.1.20]
	at org.springframework.web.filter.FormContentFilter.doFilterInternal(FormContentFilter.java:93) ~[spring-web-6.1.6.jar:6.1.6]
	at org.springframework.web.filter.OncePerRequestFilter.doFilter(OncePerRequestFilter.java:116) ~[spring-web-6.1.6.jar:6.1.6]
	at org.apache.catalina.core.ApplicationFilterChain.internalDoFilter(ApplicationFilterChain.java:175) ~[tomcat-embed-core-10.1.20.jar:10.1.20]
	at org.apache.catalina.core.ApplicationFilterChain.doFilter(ApplicationFilterChain.java:150) ~[tomcat-embed-core-10.1.20.jar:10.1.20]
	at org.springframework.web.filter.CharacterEncodingFilter.doFilterInternal(CharacterEncodingFilter.java:201) ~[spring-web-6.1.6.jar:6.1.6]
	at org.springframework.web.filter.OncePerRequestFilter.doFilter(OncePerRequestFilter.java:116) ~[spring-web-6.1.6.jar:6.1.6]
	at org.apache.catalina.core.ApplicationFilterChain.internalDoFilter(ApplicationFilterChain.java:175) ~[tomcat-embed-core-10.1.20.jar:10.1.20]
	at org.apache.catalina.core.ApplicationFilterChain.doFilter(ApplicationFilterChain.java:150) ~[tomcat-embed-core-10.1.20.jar:10.1.20]
	at org.apache.catalina.core.StandardWrapperValve.invoke(StandardWrapperValve.java:167) ~[tomcat-embed-core-10.1.20.jar:10.1.20]
	at org.apache.catalina.core.StandardContextValve.invoke(StandardContextValve.java:90) ~[tomcat-embed-core-10.1.20.jar:10.1.20]
	at org.apache.catalina.authenticator.AuthenticatorBase.invoke(AuthenticatorBase.java:482) ~[tomcat-embed-core-10.1.20.jar:10.1.20]
	at org.apache.catalina.core.StandardHostValve.invoke(StandardHostValve.java:115) ~[tomcat-embed-core-10.1.20.jar:10.1.20]
	at org.apache.catalina.valves.ErrorReportValve.invoke(ErrorReportValve.java:93) ~[tomcat-embed-core-10.1.20.jar:10.1.20]
	at org.apache.catalina.core.StandardEngineValve.invoke(StandardEngineValve.java:74) ~[tomcat-embed-core-10.1.20.jar:10.1.20]
	at org.apache.catalina.connector.CoyoteAdapter.service(CoyoteAdapter.java:344) ~[tomcat-embed-core-10.1.20.jar:10.1.20]
	at org.apache.coyote.http11.Http11Processor.service(Http11Processor.java:391) ~[tomcat-embed-core-10.1.20.jar:10.1.20]
	at org.apache.coyote.AbstractProcessorLight.process(AbstractProcessorLight.java:63) ~[tomcat-embed-core-10.1.20.jar:10.1.20]
	at org.apache.coyote.AbstractProtocol$ConnectionHandler.process(AbstractProtocol.java:896) ~[tomcat-embed-core-10.1.20.jar:10.1.20]
	at org.apache.tomcat.util.net.NioEndpoint$SocketProcessor.doRun(NioEndpoint.java:1736) ~[tomcat-embed-core-10.1.20.jar:10.1.20]
	at org.apache.tomcat.util.net.SocketProcessorBase.run(SocketProcessorBase.java:52) ~[tomcat-embed-core-10.1.20.jar:10.1.20]
	at org.apache.tomcat.util.threads.ThreadPoolExecutor.runWorker(ThreadPoolExecutor.java:1191) ~[tomcat-embed-core-10.1.20.jar:10.1.20]
	at org.apache.tomcat.util.threads.ThreadPoolExecutor$Worker.run(ThreadPoolExecutor.java:659) ~[tomcat-embed-core-10.1.20.jar:10.1.20]
	at org.apache.tomcat.util.threads.TaskThread$WrappingRunnable.run(TaskThread.java:63) ~[tomcat-embed-core-10.1.20.jar:10.1.20]
	at java.base/java.lang.Thread.run(Thread.java:840) ~[na:na]

2026-07-02T15:10:33.626+08:00 ERROR 42804 --- [brain-main-svc] [nio-8080-exec-1] c.n.c.c.e.GlobalExceptionHandler         : ĎµÍłŇěłŁŁş

org.springframework.http.converter.HttpMessageNotReadableException: JSON parse error: Unexpected character ('\' (code 92)): was expecting double-quote to start field name
	at org.springframework.http.converter.json.AbstractJackson2HttpMessageConverter.readJavaType(AbstractJackson2HttpMessageConverter.java:406) ~[spring-web-6.1.6.jar:6.1.6]
	at org.springframework.http.converter.json.AbstractJackson2HttpMessageConverter.read(AbstractJackson2HttpMessageConverter.java:354) ~[spring-web-6.1.6.jar:6.1.6]
	at org.springframework.web.servlet.mvc.method.annotation.AbstractMessageConverterMethodArgumentResolver.readWithMessageConverters(AbstractMessageConverterMethodArgumentResolver.java:184) ~[spring-webmvc-6.1.6.jar:6.1.6]
	at org.springframework.web.servlet.mvc.method.annotation.RequestResponseBodyMethodProcessor.readWithMessageConverters(RequestResponseBodyMethodProcessor.java:161) ~[spring-webmvc-6.1.6.jar:6.1.6]
	at org.springframework.web.servlet.mvc.method.annotation.RequestResponseBodyMethodProcessor.resolveArgument(RequestResponseBodyMethodProcessor.java:135) ~[spring-webmvc-6.1.6.jar:6.1.6]
	at org.springframework.web.method.support.HandlerMethodArgumentResolverComposite.resolveArgument(HandlerMethodArgumentResolverComposite.java:122) ~[spring-web-6.1.6.jar:6.1.6]
	at org.springframework.web.method.support.InvocableHandlerMethod.getMethodArgumentValues(InvocableHandlerMethod.java:224) ~[spring-web-6.1.6.jar:6.1.6]
	at org.springframework.web.method.support.InvocableHandlerMethod.invokeForRequest(InvocableHandlerMethod.java:178) ~[spring-web-6.1.6.jar:6.1.6]
	at org.springframework.web.servlet.mvc.method.annotation.ServletInvocableHandlerMethod.invokeAndHandle(ServletInvocableHandlerMethod.java:118) ~[spring-webmvc-6.1.6.jar:6.1.6]
	at org.springframework.web.servlet.mvc.method.annotation.RequestMappingHandlerAdapter.invokeHandlerMethod(RequestMappingHandlerAdapter.java:926) ~[spring-webmvc-6.1.6.jar:6.1.6]
	at org.springframework.web.servlet.mvc.method.annotation.RequestMappingHandlerAdapter.handleInternal(RequestMappingHandlerAdapter.java:831) ~[spring-webmvc-6.1.6.jar:6.1.6]
	at org.springframework.web.servlet.mvc.method.AbstractHandlerMethodAdapter.handle(AbstractHandlerMethodAdapter.java:87) ~[spring-webmvc-6.1.6.jar:6.1.6]
	at org.springframework.web.servlet.DispatcherServlet.doDispatch(DispatcherServlet.java:1089) ~[spring-webmvc-6.1.6.jar:6.1.6]
	at org.springframework.web.servlet.DispatcherServlet.doService(DispatcherServlet.java:979) ~[spring-webmvc-6.1.6.jar:6.1.6]
	at org.springframework.web.servlet.FrameworkServlet.processRequest(FrameworkServlet.java:1014) ~[spring-webmvc-6.1.6.jar:6.1.6]
	at org.springframework.web.servlet.FrameworkServlet.doPost(FrameworkServlet.java:914) ~[spring-webmvc-6.1.6.jar:6.1.6]
	at jakarta.servlet.http.HttpServlet.service(HttpServlet.java:590) ~[tomcat-embed-core-10.1.20.jar:6.0]
	at org.springframework.web.servlet.FrameworkServlet.service(FrameworkServlet.java:885) ~[spring-webmvc-6.1.6.jar:6.1.6]
	at jakarta.servlet.http.HttpServlet.service(HttpServlet.java:658) ~[tomcat-embed-core-10.1.20.jar:6.0]
	at org.apache.catalina.core.ApplicationFilterChain.internalDoFilter(ApplicationFilterChain.java:206) ~[tomcat-embed-core-10.1.20.jar:10.1.20]
	at org.apache.catalina.core.ApplicationFilterChain.doFilter(ApplicationFilterChain.java:150) ~[tomcat-embed-core-10.1.20.jar:10.1.20]
	at org.apache.tomcat.websocket.server.WsFilter.doFilter(WsFilter.java:51) ~[tomcat-embed-websocket-10.1.20.jar:10.1.20]
	at org.apache.catalina.core.ApplicationFilterChain.internalDoFilter(ApplicationFilterChain.java:175) ~[tomcat-embed-core-10.1.20.jar:10.1.20]
	at org.apache.catalina.core.ApplicationFilterChain.doFilter(ApplicationFilterChain.java:150) ~[tomcat-embed-core-10.1.20.jar:10.1.20]
	at org.springframework.web.filter.RequestContextFilter.doFilterInternal(RequestContextFilter.java:100) ~[spring-web-6.1.6.jar:6.1.6]
	at org.springframework.web.filter.OncePerRequestFilter.doFilter(OncePerRequestFilter.java:116) ~[spring-web-6.1.6.jar:6.1.6]
	at org.apache.catalina.core.ApplicationFilterChain.internalDoFilter(ApplicationFilterChain.java:175) ~[tomcat-embed-core-10.1.20.jar:10.1.20]
	at org.apache.catalina.core.ApplicationFilterChain.doFilter(ApplicationFilterChain.java:150) ~[tomcat-embed-core-10.1.20.jar:10.1.20]
	at org.springframework.web.filter.FormContentFilter.doFilterInternal(FormContentFilter.java:93) ~[spring-web-6.1.6.jar:6.1.6]
	at org.springframework.web.filter.OncePerRequestFilter.doFilter(OncePerRequestFilter.java:116) ~[spring-web-6.1.6.jar:6.1.6]
	at org.apache.catalina.core.ApplicationFilterChain.internalDoFilter(ApplicationFilterChain.java:175) ~[tomcat-embed-core-10.1.20.jar:10.1.20]
	at org.apache.catalina.core.ApplicationFilterChain.doFilter(ApplicationFilterChain.java:150) ~[tomcat-embed-core-10.1.20.jar:10.1.20]
	at org.springframework.web.filter.CharacterEncodingFilter.doFilterInternal(CharacterEncodingFilter.java:201) ~[spring-web-6.1.6.jar:6.1.6]
	at org.springframework.web.filter.OncePerRequestFilter.doFilter(OncePerRequestFilter.java:116) ~[spring-web-6.1.6.jar:6.1.6]
	at org.apache.catalina.core.ApplicationFilterChain.internalDoFilter(ApplicationFilterChain.java:175) ~[tomcat-embed-core-10.1.20.jar:10.1.20]
	at org.apache.catalina.core.ApplicationFilterChain.doFilter(ApplicationFilterChain.java:150) ~[tomcat-embed-core-10.1.20.jar:10.1.20]
	at org.apache.catalina.core.StandardWrapperValve.invoke(StandardWrapperValve.java:167) ~[tomcat-embed-core-10.1.20.jar:10.1.20]
	at org.apache.catalina.core.StandardContextValve.invoke(StandardContextValve.java:90) ~[tomcat-embed-core-10.1.20.jar:10.1.20]
	at org.apache.catalina.authenticator.AuthenticatorBase.invoke(AuthenticatorBase.java:482) ~[tomcat-embed-core-10.1.20.jar:10.1.20]
	at org.apache.catalina.core.StandardHostValve.invoke(StandardHostValve.java:115) ~[tomcat-embed-core-10.1.20.jar:10.1.20]
	at org.apache.catalina.valves.ErrorReportValve.invoke(ErrorReportValve.java:93) ~[tomcat-embed-core-10.1.20.jar:10.1.20]
	at org.apache.catalina.core.StandardEngineValve.invoke(StandardEngineValve.java:74) ~[tomcat-embed-core-10.1.20.jar:10.1.20]
	at org.apache.catalina.connector.CoyoteAdapter.service(CoyoteAdapter.java:344) ~[tomcat-embed-core-10.1.20.jar:10.1.20]
	at org.apache.coyote.http11.Http11Processor.service(Http11Processor.java:391) ~[tomcat-embed-core-10.1.20.jar:10.1.20]
	at org.apache.coyote.AbstractProcessorLight.process(AbstractProcessorLight.java:63) ~[tomcat-embed-core-10.1.20.jar:10.1.20]
	at org.apache.coyote.AbstractProtocol$ConnectionHandler.process(AbstractProtocol.java:896) ~[tomcat-embed-core-10.1.20.jar:10.1.20]
	at org.apache.tomcat.util.net.NioEndpoint$SocketProcessor.doRun(NioEndpoint.java:1736) ~[tomcat-embed-core-10.1.20.jar:10.1.20]
	at org.apache.tomcat.util.net.SocketProcessorBase.run(SocketProcessorBase.java:52) ~[tomcat-embed-core-10.1.20.jar:10.1.20]
	at org.apache.tomcat.util.threads.ThreadPoolExecutor.runWorker(ThreadPoolExecutor.java:1191) ~[tomcat-embed-core-10.1.20.jar:10.1.20]
	at org.apache.tomcat.util.threads.ThreadPoolExecutor$Worker.run(ThreadPoolExecutor.java:659) ~[tomcat-embed-core-10.1.20.jar:10.1.20]
	at org.apache.tomcat.util.threads.TaskThread$WrappingRunnable.run(TaskThread.java:63) ~[tomcat-embed-core-10.1.20.jar:10.1.20]
	at java.base/java.lang.Thread.run(Thread.java:840) ~[na:na]
Caused by: com.fasterxml.jackson.core.JsonParseException: Unexpected character ('\' (code 92)): was expecting double-quote to start field name
 at [Source: (org.springframework.util.StreamUtils$NonClosingInputStream); line: 1, column: 3]
	at com.fasterxml.jackson.core.JsonParser._constructError(JsonParser.java:2477) ~[jackson-core-2.15.4.jar:2.15.4]
	at com.fasterxml.jackson.core.base.ParserMinimalBase._reportError(ParserMinimalBase.java:750) ~[jackson-core-2.15.4.jar:2.15.4]
	at com.fasterxml.jackson.core.base.ParserMinimalBase._reportUnexpectedChar(ParserMinimalBase.java:674) ~[jackson-core-2.15.4.jar:2.15.4]
	at com.fasterxml.jackson.core.json.UTF8StreamJsonParser._handleOddName(UTF8StreamJsonParser.java:2144) ~[jackson-core-2.15.4.jar:2.15.4]
	at com.fasterxml.jackson.core.json.UTF8StreamJsonParser._parseName(UTF8StreamJsonParser.java:1794) ~[jackson-core-2.15.4.jar:2.15.4]
	at com.fasterxml.jackson.core.json.UTF8StreamJsonParser.nextFieldName(UTF8StreamJsonParser.java:1081) ~[jackson-core-2.15.4.jar:2.15.4]
	at com.fasterxml.jackson.databind.deser.std.MapDeserializer._readAndBindStringKeyMap(MapDeserializer.java:596) ~[jackson-databind-2.15.4.jar:2.15.4]
	at com.fasterxml.jackson.databind.deser.std.MapDeserializer.deserialize(MapDeserializer.java:449) ~[jackson-databind-2.15.4.jar:2.15.4]
	at com.fasterxml.jackson.databind.deser.std.MapDeserializer.deserialize(MapDeserializer.java:32) ~[jackson-databind-2.15.4.jar:2.15.4]
	at com.fasterxml.jackson.databind.deser.DefaultDeserializationContext.readRootValue(DefaultDeserializationContext.java:323) ~[jackson-databind-2.15.4.jar:2.15.4]
	at com.fasterxml.jackson.databind.ObjectReader._bindAndClose(ObjectReader.java:2105) ~[jackson-databind-2.15.4.jar:2.15.4]
	at com.fasterxml.jackson.databind.ObjectReader.readValue(ObjectReader.java:1481) ~[jackson-databind-2.15.4.jar:2.15.4]
	at org.springframework.http.converter.json.AbstractJackson2HttpMessageConverter.readJavaType(AbstractJackson2HttpMessageConverter.java:395) ~[spring-web-6.1.6.jar:6.1.6]
	... 51 common frames omitted

2026-07-02T15:10:54.575+08:00 DEBUG 42804 --- [brain-main-svc] [nio-8080-exec-3] org.hibernate.SQL                        : 
    select
        d1_0.id,
        d1_0.avatar,
        d1_0.create_time,
        d1_0.department_id,
        d1_0.department_name,
        d1_0.introduction,
        d1_0.name,
        d1_0.password,
        d1_0.phone,
        d1_0.specialty,
        d1_0.title,
        d1_0.update_time,
        d1_0.username 
    from
        doctor d1_0 
    order by
        d1_0.id
Hibernate: 
    select
        d1_0.id,
        d1_0.avatar,
        d1_0.create_time,
        d1_0.department_id,
        d1_0.department_name,
        d1_0.introduction,
        d1_0.name,
        d1_0.password,
        d1_0.phone,
        d1_0.specialty,
        d1_0.title,
        d1_0.update_time,
        d1_0.username 
    from
        doctor d1_0 
    order by
        d1_0.id
2026-07-02T15:11:44.048+08:00 ERROR 42804 --- [brain-main-svc] [nio-8080-exec-4] c.n.c.c.e.GlobalExceptionHandler         : ĎµÍłŇěłŁŁş

org.springframework.http.converter.HttpMessageNotReadableException: JSON parse error: Unexpected character ('u' (code 117)): was expecting double-quote to start field name
	at org.springframework.http.converter.json.AbstractJackson2HttpMessageConverter.readJavaType(AbstractJackson2HttpMessageConverter.java:406) ~[spring-web-6.1.6.jar:6.1.6]
	at org.springframework.http.converter.json.AbstractJackson2HttpMessageConverter.read(AbstractJackson2HttpMessageConverter.java:354) ~[spring-web-6.1.6.jar:6.1.6]
	at org.springframework.web.servlet.mvc.method.annotation.AbstractMessageConverterMethodArgumentResolver.readWithMessageConverters(AbstractMessageConverterMethodArgumentResolver.java:184) ~[spring-webmvc-6.1.6.jar:6.1.6]
	at org.springframework.web.servlet.mvc.method.annotation.RequestResponseBodyMethodProcessor.readWithMessageConverters(RequestResponseBodyMethodProcessor.java:161) ~[spring-webmvc-6.1.6.jar:6.1.6]
	at org.springframework.web.servlet.mvc.method.annotation.RequestResponseBodyMethodProcessor.resolveArgument(RequestResponseBodyMethodProcessor.java:135) ~[spring-webmvc-6.1.6.jar:6.1.6]
	at org.springframework.web.method.support.HandlerMethodArgumentResolverComposite.resolveArgument(HandlerMethodArgumentResolverComposite.java:122) ~[spring-web-6.1.6.jar:6.1.6]
	at org.springframework.web.method.support.InvocableHandlerMethod.getMethodArgumentValues(InvocableHandlerMethod.java:224) ~[spring-web-6.1.6.jar:6.1.6]
	at org.springframework.web.method.support.InvocableHandlerMethod.invokeForRequest(InvocableHandlerMethod.java:178) ~[spring-web-6.1.6.jar:6.1.6]
	at org.springframework.web.servlet.mvc.method.annotation.ServletInvocableHandlerMethod.invokeAndHandle(ServletInvocableHandlerMethod.java:118) ~[spring-webmvc-6.1.6.jar:6.1.6]
	at org.springframework.web.servlet.mvc.method.annotation.RequestMappingHandlerAdapter.invokeHandlerMethod(RequestMappingHandlerAdapter.java:926) ~[spring-webmvc-6.1.6.jar:6.1.6]
	at org.springframework.web.servlet.mvc.method.annotation.RequestMappingHandlerAdapter.handleInternal(RequestMappingHandlerAdapter.java:831) ~[spring-webmvc-6.1.6.jar:6.1.6]
	at org.springframework.web.servlet.mvc.method.AbstractHandlerMethodAdapter.handle(AbstractHandlerMethodAdapter.java:87) ~[spring-webmvc-6.1.6.jar:6.1.6]
	at org.springframework.web.servlet.DispatcherServlet.doDispatch(DispatcherServlet.java:1089) ~[spring-webmvc-6.1.6.jar:6.1.6]
	at org.springframework.web.servlet.DispatcherServlet.doService(DispatcherServlet.java:979) ~[spring-webmvc-6.1.6.jar:6.1.6]
	at org.springframework.web.servlet.FrameworkServlet.processRequest(FrameworkServlet.java:1014) ~[spring-webmvc-6.1.6.jar:6.1.6]
	at org.springframework.web.servlet.FrameworkServlet.doPost(FrameworkServlet.java:914) ~[spring-webmvc-6.1.6.jar:6.1.6]
	at jakarta.servlet.http.HttpServlet.service(HttpServlet.java:590) ~[tomcat-embed-core-10.1.20.jar:6.0]
	at org.springframework.web.servlet.FrameworkServlet.service(FrameworkServlet.java:885) ~[spring-webmvc-6.1.6.jar:6.1.6]
	at jakarta.servlet.http.HttpServlet.service(HttpServlet.java:658) ~[tomcat-embed-core-10.1.20.jar:6.0]
	at org.apache.catalina.core.ApplicationFilterChain.internalDoFilter(ApplicationFilterChain.java:206) ~[tomcat-embed-core-10.1.20.jar:10.1.20]
	at org.apache.catalina.core.ApplicationFilterChain.doFilter(ApplicationFilterChain.java:150) ~[tomcat-embed-core-10.1.20.jar:10.1.20]
	at org.apache.tomcat.websocket.server.WsFilter.doFilter(WsFilter.java:51) ~[tomcat-embed-websocket-10.1.20.jar:10.1.20]
	at org.apache.catalina.core.ApplicationFilterChain.internalDoFilter(ApplicationFilterChain.java:175) ~[tomcat-embed-core-10.1.20.jar:10.1.20]
	at org.apache.catalina.core.ApplicationFilterChain.doFilter(ApplicationFilterChain.java:150) ~[tomcat-embed-core-10.1.20.jar:10.1.20]
	at org.springframework.web.filter.RequestContextFilter.doFilterInternal(RequestContextFilter.java:100) ~[spring-web-6.1.6.jar:6.1.6]
	at org.springframework.web.filter.OncePerRequestFilter.doFilter(OncePerRequestFilter.java:116) ~[spring-web-6.1.6.jar:6.1.6]
	at org.apache.catalina.core.ApplicationFilterChain.internalDoFilter(ApplicationFilterChain.java:175) ~[tomcat-embed-core-10.1.20.jar:10.1.20]
	at org.apache.catalina.core.ApplicationFilterChain.doFilter(ApplicationFilterChain.java:150) ~[tomcat-embed-core-10.1.20.jar:10.1.20]
	at org.springframework.web.filter.FormContentFilter.doFilterInternal(FormContentFilter.java:93) ~[spring-web-6.1.6.jar:6.1.6]
	at org.springframework.web.filter.OncePerRequestFilter.doFilter(OncePerRequestFilter.java:116) ~[spring-web-6.1.6.jar:6.1.6]
	at org.apache.catalina.core.ApplicationFilterChain.internalDoFilter(ApplicationFilterChain.java:175) ~[tomcat-embed-core-10.1.20.jar:10.1.20]
	at org.apache.catalina.core.ApplicationFilterChain.doFilter(ApplicationFilterChain.java:150) ~[tomcat-embed-core-10.1.20.jar:10.1.20]
	at org.springframework.web.filter.CharacterEncodingFilter.doFilterInternal(CharacterEncodingFilter.java:201) ~[spring-web-6.1.6.jar:6.1.6]
	at org.springframework.web.filter.OncePerRequestFilter.doFilter(OncePerRequestFilter.java:116) ~[spring-web-6.1.6.jar:6.1.6]
	at org.apache.catalina.core.ApplicationFilterChain.internalDoFilter(ApplicationFilterChain.java:175) ~[tomcat-embed-core-10.1.20.jar:10.1.20]
	at org.apache.catalina.core.ApplicationFilterChain.doFilter(ApplicationFilterChain.java:150) ~[tomcat-embed-core-10.1.20.jar:10.1.20]
	at org.apache.catalina.core.StandardWrapperValve.invoke(StandardWrapperValve.java:167) ~[tomcat-embed-core-10.1.20.jar:10.1.20]
	at org.apache.catalina.core.StandardContextValve.invoke(StandardContextValve.java:90) ~[tomcat-embed-core-10.1.20.jar:10.1.20]
	at org.apache.catalina.authenticator.AuthenticatorBase.invoke(AuthenticatorBase.java:482) ~[tomcat-embed-core-10.1.20.jar:10.1.20]
	at org.apache.catalina.core.StandardHostValve.invoke(StandardHostValve.java:115) ~[tomcat-embed-core-10.1.20.jar:10.1.20]
	at org.apache.catalina.valves.ErrorReportValve.invoke(ErrorReportValve.java:93) ~[tomcat-embed-core-10.1.20.jar:10.1.20]
	at org.apache.catalina.core.StandardEngineValve.invoke(StandardEngineValve.java:74) ~[tomcat-embed-core-10.1.20.jar:10.1.20]
	at org.apache.catalina.connector.CoyoteAdapter.service(CoyoteAdapter.java:344) ~[tomcat-embed-core-10.1.20.jar:10.1.20]
	at org.apache.coyote.http11.Http11Processor.service(Http11Processor.java:391) ~[tomcat-embed-core-10.1.20.jar:10.1.20]
	at org.apache.coyote.AbstractProcessorLight.process(AbstractProcessorLight.java:63) ~[tomcat-embed-core-10.1.20.jar:10.1.20]
	at org.apache.coyote.AbstractProtocol$ConnectionHandler.process(AbstractProtocol.java:896) ~[tomcat-embed-core-10.1.20.jar:10.1.20]
	at org.apache.tomcat.util.net.NioEndpoint$SocketProcessor.doRun(NioEndpoint.java:1736) ~[tomcat-embed-core-10.1.20.jar:10.1.20]
	at org.apache.tomcat.util.net.SocketProcessorBase.run(SocketProcessorBase.java:52) ~[tomcat-embed-core-10.1.20.jar:10.1.20]
	at org.apache.tomcat.util.threads.ThreadPoolExecutor.runWorker(ThreadPoolExecutor.java:1191) ~[tomcat-embed-core-10.1.20.jar:10.1.20]
	at org.apache.tomcat.util.threads.ThreadPoolExecutor$Worker.run(ThreadPoolExecutor.java:659) ~[tomcat-embed-core-10.1.20.jar:10.1.20]
	at org.apache.tomcat.util.threads.TaskThread$WrappingRunnable.run(TaskThread.java:63) ~[tomcat-embed-core-10.1.20.jar:10.1.20]
	at java.base/java.lang.Thread.run(Thread.java:840) ~[na:na]
Caused by: com.fasterxml.jackson.core.JsonParseException: Unexpected character ('u' (code 117)): was expecting double-quote to start field name
 at [Source: (org.springframework.util.StreamUtils$NonClosingInputStream); line: 1, column: 3]
	at com.fasterxml.jackson.core.JsonParser._constructError(JsonParser.java:2477) ~[jackson-core-2.15.4.jar:2.15.4]
	at com.fasterxml.jackson.core.base.ParserMinimalBase._reportError(ParserMinimalBase.java:750) ~[jackson-core-2.15.4.jar:2.15.4]
	at com.fasterxml.jackson.core.base.ParserMinimalBase._reportUnexpectedChar(ParserMinimalBase.java:674) ~[jackson-core-2.15.4.jar:2.15.4]
	at com.fasterxml.jackson.core.json.UTF8StreamJsonParser._handleOddName(UTF8StreamJsonParser.java:2144) ~[jackson-core-2.15.4.jar:2.15.4]
	at com.fasterxml.jackson.core.json.UTF8StreamJsonParser._parseName(UTF8StreamJsonParser.java:1794) ~[jackson-core-2.15.4.jar:2.15.4]
	at com.fasterxml.jackson.core.json.UTF8StreamJsonParser.nextFieldName(UTF8StreamJsonParser.java:1081) ~[jackson-core-2.15.4.jar:2.15.4]
	at com.fasterxml.jackson.databind.deser.std.MapDeserializer._readAndBindStringKeyMap(MapDeserializer.java:596) ~[jackson-databind-2.15.4.jar:2.15.4]
	at com.fasterxml.jackson.databind.deser.std.MapDeserializer.deserialize(MapDeserializer.java:449) ~[jackson-databind-2.15.4.jar:2.15.4]
	at com.fasterxml.jackson.databind.deser.std.MapDeserializer.deserialize(MapDeserializer.java:32) ~[jackson-databind-2.15.4.jar:2.15.4]
	at com.fasterxml.jackson.databind.deser.DefaultDeserializationContext.readRootValue(DefaultDeserializationContext.java:323) ~[jackson-databind-2.15.4.jar:2.15.4]
	at com.fasterxml.jackson.databind.ObjectReader._bindAndClose(ObjectReader.java:2105) ~[jackson-databind-2.15.4.jar:2.15.4]
	at com.fasterxml.jackson.databind.ObjectReader.readValue(ObjectReader.java:1481) ~[jackson-databind-2.15.4.jar:2.15.4]
	at org.springframework.http.converter.json.AbstractJackson2HttpMessageConverter.readJavaType(AbstractJackson2HttpMessageConverter.java:395) ~[spring-web-6.1.6.jar:6.1.6]
	... 51 common frames omitted

2026-07-02T15:12:36.697+08:00 DEBUG 42804 --- [brain-main-svc] [nio-8080-exec-7] org.hibernate.SQL                        : 
    select
        d1_0.id,
        d1_0.avatar,
        d1_0.create_time,
        d1_0.department_id,
        d1_0.department_name,
        d1_0.introduction,
        d1_0.name,
        d1_0.password,
        d1_0.phone,
        d1_0.specialty,
        d1_0.title,
        d1_0.update_time,
        d1_0.username 
    from
        doctor d1_0 
    where
        d1_0.username=?
Hibernate: 
    select
        d1_0.id,
        d1_0.avatar,
        d1_0.create_time,
        d1_0.department_id,
        d1_0.department_name,
        d1_0.introduction,
        d1_0.name,
        d1_0.password,
        d1_0.phone,
        d1_0.specialty,
        d1_0.title,
        d1_0.update_time,
        d1_0.username 
    from
        doctor d1_0 
    where
        d1_0.username=?
2026-07-02T15:12:36.776+08:00 DEBUG 42804 --- [brain-main-svc] [nio-8080-exec-7] org.hibernate.SQL                        : 
    update
        doctor 
    set
        avatar=?,
        department_id=?,
        department_name=?,
        introduction=?,
        name=?,
        password=?,
        phone=?,
        specialty=?,
        title=?,
        update_time=?,
        username=? 
    where
        id=?
Hibernate: 
    update
        doctor 
    set
        avatar=?,
        department_id=?,
        department_name=?,
        introduction=?,
        name=?,
        password=?,
        phone=?,
        specialty=?,
        title=?,
        update_time=?,
        username=? 
    where
        id=?
2026-07-02T15:13:46.972+08:00 DEBUG 42804 --- [brain-main-svc] [nio-8080-exec-9] org.hibernate.SQL                        : 
    select
        d1_0.id,
        d1_0.avatar,
        d1_0.create_time,
        d1_0.department_id,
        d1_0.department_name,
        d1_0.introduction,
        d1_0.name,
        d1_0.password,
        d1_0.phone,
        d1_0.specialty,
        d1_0.title,
        d1_0.update_time,
        d1_0.username 
    from
        doctor d1_0 
    where
        d1_0.username=?
Hibernate: 
    select
        d1_0.id,
        d1_0.avatar,
        d1_0.create_time,
        d1_0.department_id,
        d1_0.department_name,
        d1_0.introduction,
        d1_0.name,
        d1_0.password,
        d1_0.phone,
        d1_0.specialty,
        d1_0.title,
        d1_0.update_time,
        d1_0.username 
    from
        doctor d1_0 
    where
        d1_0.username=?
2026-07-02T15:13:47.302+08:00 DEBUG 42804 --- [brain-main-svc] [nio-8080-exec-1] org.hibernate.SQL                        : 
    select
        d1_0.id,
        d1_0.avatar,
        d1_0.create_time,
        d1_0.department_id,
        d1_0.department_name,
        d1_0.introduction,
        d1_0.name,
        d1_0.password,
        d1_0.phone,
        d1_0.specialty,
        d1_0.title,
        d1_0.update_time,
        d1_0.username 
    from
        doctor d1_0 
    where
        d1_0.id=?
Hibernate: 
    select
        d1_0.id,
        d1_0.avatar,
        d1_0.create_time,
        d1_0.department_id,
        d1_0.department_name,
        d1_0.introduction,
        d1_0.name,
        d1_0.password,
        d1_0.phone,
        d1_0.specialty,
        d1_0.title,
        d1_0.update_time,
        d1_0.username 
    from
        doctor d1_0 
    where
        d1_0.id=?
2026-07-02T15:13:47.307+08:00 DEBUG 42804 --- [brain-main-svc] [nio-8080-exec-1] c.n.c.s.a.i.PromptTemplateServiceImpl    : [PromptTemplate] ˛ˇŔúÉúłÉÄŁ°ĺ department=ĐÄŃŞąÜÄÚżĆ -> deptKey=cardiology
2026-07-02T15:13:49.991+08:00 DEBUG 42804 --- [brain-main-svc] [nio-8080-exec-1] org.hibernate.SQL                        : 
    insert 
    into
        medical_record_ai_generate
        (doctor_id, generate_time, generated_chief_complaint, generated_diagnosis, generated_past_history, generated_physical_examination, generated_present_illness, generated_treatment, input_text, input_type, medical_record_id, patient_id, raw_response) 
    values
        (?, ?, ?, ?, ?, ?, ?, ?, ?, ?, ?, ?, ?)
Hibernate: 
    insert 
    into
        medical_record_ai_generate
        (doctor_id, generate_time, generated_chief_complaint, generated_diagnosis, generated_past_history, generated_physical_examination, generated_present_illness, generated_treatment, input_text, input_type, medical_record_id, patient_id, raw_response) 
    values
        (?, ?, ?, ?, ?, ?, ?, ?, ?, ?, ?, ?, ?)
2026-07-02T15:15:02.587+08:00 DEBUG 42804 --- [brain-main-svc] [nio-8080-exec-2] org.hibernate.SQL                        : 
    select
        d1_0.id,
        d1_0.avatar,
        d1_0.create_time,
        d1_0.department_id,
        d1_0.department_name,
        d1_0.introduction,
        d1_0.name,
        d1_0.password,
        d1_0.phone,
        d1_0.specialty,
        d1_0.title,
        d1_0.update_time,
        d1_0.username 
    from
        doctor d1_0 
    where
        d1_0.username=?
Hibernate: 
    select
        d1_0.id,
        d1_0.avatar,
        d1_0.create_time,
        d1_0.department_id,
        d1_0.department_name,
        d1_0.introduction,
        d1_0.name,
        d1_0.password,
        d1_0.phone,
        d1_0.specialty,
        d1_0.title,
        d1_0.update_time,
        d1_0.username 
    from
        doctor d1_0 
    where
        d1_0.username=?
2026-07-02T15:15:02.802+08:00 DEBUG 42804 --- [brain-main-svc] [ical-record-sse] org.hibernate.SQL                        : 
    select
        d1_0.id,
        d1_0.avatar,
        d1_0.create_time,
        d1_0.department_id,
        d1_0.department_name,
        d1_0.introduction,
        d1_0.name,
        d1_0.password,
        d1_0.phone,
        d1_0.specialty,
        d1_0.title,
        d1_0.update_time,
        d1_0.username 
    from
        doctor d1_0 
    where
        d1_0.id=?
Hibernate: 
    select
        d1_0.id,
        d1_0.avatar,
        d1_0.create_time,
        d1_0.department_id,
        d1_0.department_name,
        d1_0.introduction,
        d1_0.name,
        d1_0.password,
        d1_0.phone,
        d1_0.specialty,
        d1_0.title,
        d1_0.update_time,
        d1_0.username 
    from
        doctor d1_0 
    where
        d1_0.id=?
2026-07-02T15:15:02.805+08:00 DEBUG 42804 --- [brain-main-svc] [ical-record-sse] c.n.c.s.a.i.PromptTemplateServiceImpl    : [PromptTemplate] ˛ˇŔúÉúłÉÄŁ°ĺ department=ĐÄŃŞąÜÄÚżĆ -> deptKey=cardiology
2026-07-02T15:15:07.006+08:00 DEBUG 42804 --- [brain-main-svc] [ical-record-sse] org.hibernate.SQL                        : 
    insert 
    into
        medical_record_ai_generate
        (doctor_id, generate_time, generated_chief_complaint, generated_diagnosis, generated_past_history, generated_physical_examination, generated_present_illness, generated_treatment, input_text, input_type, medical_record_id, patient_id, raw_response) 
    values
        (?, ?, ?, ?, ?, ?, ?, ?, ?, ?, ?, ?, ?)
Hibernate: 
    insert 
    into
        medical_record_ai_generate
        (doctor_id, generate_time, generated_chief_complaint, generated_diagnosis, generated_past_history, generated_physical_examination, generated_present_illness, generated_treatment, input_text, input_type, medical_record_id, patient_id, raw_response) 
    values
        (?, ?, ?, ?, ?, ?, ?, ?, ?, ?, ?, ?, ?)
2026-07-02T15:16:03.291+08:00 DEBUG 42804 --- [brain-main-svc] [nio-8080-exec-5] org.hibernate.SQL                        : 
    select
        d1_0.id,
        d1_0.avatar,
        d1_0.create_time,
        d1_0.department_id,
        d1_0.department_name,
        d1_0.introduction,
        d1_0.name,
        d1_0.password,
        d1_0.phone,
        d1_0.specialty,
        d1_0.title,
        d1_0.update_time,
        d1_0.username 
    from
        doctor d1_0 
    where
        d1_0.username=?
Hibernate: 
    select
        d1_0.id,
        d1_0.avatar,
        d1_0.create_time,
        d1_0.department_id,
        d1_0.department_name,
        d1_0.introduction,
        d1_0.name,
        d1_0.password,
        d1_0.phone,
        d1_0.specialty,
        d1_0.title,
        d1_0.update_time,
        d1_0.username 
    from
        doctor d1_0 
    where
        d1_0.username=?
2026-07-02T15:16:03.609+08:00 DEBUG 42804 --- [brain-main-svc] [nio-8080-exec-7] org.hibernate.SQL                        : 
    select
        d1_0.id,
        d1_0.avatar,
        d1_0.create_time,
        d1_0.department_id,
        d1_0.department_name,
        d1_0.introduction,
        d1_0.name,
        d1_0.password,
        d1_0.phone,
        d1_0.specialty,
        d1_0.title,
        d1_0.update_time,
        d1_0.username 
    from
        doctor d1_0 
    where
        d1_0.id=?
Hibernate: 
    select
        d1_0.id,
        d1_0.avatar,
        d1_0.create_time,
        d1_0.department_id,
        d1_0.department_name,
        d1_0.introduction,
        d1_0.name,
        d1_0.password,
        d1_0.phone,
        d1_0.specialty,
        d1_0.title,
        d1_0.update_time,
        d1_0.username 
    from
        doctor d1_0 
    where
        d1_0.id=?
2026-07-02T15:16:03.612+08:00 DEBUG 42804 --- [brain-main-svc] [nio-8080-exec-7] c.n.c.s.a.i.PromptTemplateServiceImpl    : [PromptTemplate] ´¦·˝ÉóşËÄŁ°ĺ department=ĐÄŃŞąÜÄÚżĆ -> deptKey=cardiology
2026-07-02T15:16:05.394+08:00 DEBUG 42804 --- [brain-main-svc] [nio-8080-exec-7] org.hibernate.SQL                        : 
    insert 
    into
        prescription_ai_review
        (allergy_risks, doctor_id, dosage_issues, drug_interactions, drugs_json, patient_age, patient_gender, patient_id, patient_weight, prescription_id, raw_response, review_result, review_score, review_time, suggestions, warnings) 
    values
        (?, ?, ?, ?, ?, ?, ?, ?, ?, ?, ?, ?, ?, ?, ?, ?)
Hibernate: 
    insert 
    into
        prescription_ai_review
        (allergy_risks, doctor_id, dosage_issues, drug_interactions, drugs_json, patient_age, patient_gender, patient_id, patient_weight, prescription_id, raw_response, review_result, review_score, review_time, suggestions, warnings) 
    values
        (?, ?, ?, ?, ?, ?, ?, ?, ?, ?, ?, ?, ?, ?, ?, ?)
2026-07-02T15:16:05.406+08:00 DEBUG 42804 --- [brain-main-svc] [nio-8080-exec-7] n.c.w.DoctorNotificationWebSocketHandler : [WebSocket] Ň˝Éú 1 ˛»ÔÚĎßŁ¬ĚřąýÍĆËÍ
[INFO] ------------------------------------------------------------------------
[INFO] BUILD FAILURE
[INFO] ------------------------------------------------------------------------
[INFO] Total time:  21:01 min
[INFO] Finished at: 2026-07-02T15:25:49+08:00
[INFO] ------------------------------------------------------------------------
[ERROR] Failed to execute goal org.springframework.boot:spring-boot-maven-plugin:3.2.5:run (default-cli) on project cloud-brain-diagnosis: Process terminated with exit code: -1 -> [Help 1]
[ERROR] 
[ERROR] To see the full stack trace of the errors, re-run Maven with the -e switch.
[ERROR] Re-run Maven using the -X switch to enable full debug logging.
[ERROR] 
[ERROR] For more information about the errors and possible solutions, please read the following articles:
[ERROR] [Help 1] http://cwiki.apache.org/confluence/display/MAVEN/MojoExecutionException
